Date and Time:
15/04/2025 13:51:43
Computer:
shrike

storing vulkaninfo to: results/syn_lock_step/vulkaninfo.txt

Generating amber test for: ../reduction_results/rtx_4070/syn_lock_step/variant_515/variant_515.comp
running test: /home/zchen/gpu-forward-progress-tests-suites/test_reduce/variant_515.amber
timeout -k 1 15 amber /home/zchen/gpu-forward-progress-tests-suites/test_reduce/variant_515.amber  -d -t spv1.5  >> temp_results.txt 2>&1
F
--- Error output ---
/home/zchen/gpu-forward-progress-tests-suites/test_reduce/variant_515.amber: -:24: error: 'atomicAnd' : Only l-values corresponding to shader block storage or shared variables can be used with atomic memory functions.


Summary of Failures:
  /home/zchen/gpu-forward-progress-tests-suites/test_reduce/variant_515.amber

Summary: 0 pass, 1 fail

--------------------

Generating amber test for: ../reduction_results/rtx_4070/syn_lock_step/variant_596/variant_596.comp
running test: /home/zchen/gpu-forward-progress-tests-suites/test_reduce/variant_596.amber
timeout -k 1 15 amber /home/zchen/gpu-forward-progress-tests-suites/test_reduce/variant_596.amber  -d -t spv1.5  >> temp_results.txt 2>&1
P

Generating amber test for: ../reduction_results/rtx_4070/syn_lock_step/variant_990/variant_990.comp
running test: /home/zchen/gpu-forward-progress-tests-suites/test_reduce/variant_990.amber
timeout -k 1 15 amber /home/zchen/gpu-forward-progress-tests-suites/test_reduce/variant_990.amber  -d -t spv1.5  >> temp_results.txt 2>&1
P

Generating amber test for: ../reduction_results/rtx_4070/syn_lock_step/variant_499/variant_499.comp
running test: /home/zchen/gpu-forward-progress-tests-suites/test_reduce/variant_499.amber
timeout -k 1 15 amber /home/zchen/gpu-forward-progress-tests-suites/test_reduce/variant_499.amber  -d -t spv1.5  >> temp_results.txt 2>&1
F
--- Error output ---
/home/zchen/gpu-forward-progress-tests-suites/test_reduce/variant_499.amber: -:163: error: 'atomicXor' : Only l-values corresponding to shader block storage or shared variables can be used with atomic memory functions.


Summary of Failures:
  /home/zchen/gpu-forward-progress-tests-suites/test_reduce/variant_499.amber

Summary: 0 pass, 1 fail

--------------------

Generating amber test for: ../reduction_results/rtx_4070/syn_lock_step/variant_784/variant_784.comp
running test: /home/zchen/gpu-forward-progress-tests-suites/test_reduce/variant_784.amber
timeout -k 1 15 amber /home/zchen/gpu-forward-progress-tests-suites/test_reduce/variant_784.amber  -d -t spv1.5  >> temp_results.txt 2>&1
P

Generating amber test for: ../reduction_results/rtx_4070/syn_lock_step/variant_459/variant_459.comp
running test: /home/zchen/gpu-forward-progress-tests-suites/test_reduce/variant_459.amber
timeout -k 1 15 amber /home/zchen/gpu-forward-progress-tests-suites/test_reduce/variant_459.amber  -d -t spv1.5  >> temp_results.txt 2>&1
P

Generating amber test for: ../reduction_results/rtx_4070/syn_lock_step/variant_092/variant_092.comp
running test: /home/zchen/gpu-forward-progress-tests-suites/test_reduce/variant_092.amber
timeout -k 1 15 amber /home/zchen/gpu-forward-progress-tests-suites/test_reduce/variant_092.amber  -d -t spv1.5  >> temp_results.txt 2>&1
F
--- Error output ---
/home/zchen/gpu-forward-progress-tests-suites/test_reduce/variant_092.amber: -:23: error: 'atomicExchange' : Only l-values corresponding to shader block storage or shared variables can be used with atomic memory functions.


Summary of Failures:
  /home/zchen/gpu-forward-progress-tests-suites/test_reduce/variant_092.amber

Summary: 0 pass, 1 fail

--------------------

Generating amber test for: ../reduction_results/rtx_4070/syn_lock_step/variant_168/variant_168.comp
running test: /home/zchen/gpu-forward-progress-tests-suites/test_reduce/variant_168.amber
timeout -k 1 15 amber /home/zchen/gpu-forward-progress-tests-suites/test_reduce/variant_168.amber  -d -t spv1.5  >> temp_results.txt 2>&1
F
--- Error output ---
/home/zchen/gpu-forward-progress-tests-suites/test_reduce/variant_168.amber: -:24: error: 'atomicMax' : Only l-values corresponding to shader block storage or shared variables can be used with atomic memory functions.


Summary of Failures:
  /home/zchen/gpu-forward-progress-tests-suites/test_reduce/variant_168.amber

Summary: 0 pass, 1 fail

--------------------

Generating amber test for: ../reduction_results/rtx_4070/syn_lock_step/variant_826/variant_826.comp
running test: /home/zchen/gpu-forward-progress-tests-suites/test_reduce/variant_826.amber
timeout -k 1 15 amber /home/zchen/gpu-forward-progress-tests-suites/test_reduce/variant_826.amber  -d -t spv1.5  >> temp_results.txt 2>&1
P

Generating amber test for: ../reduction_results/rtx_4070/syn_lock_step/variant_849/variant_849.comp
running test: /home/zchen/gpu-forward-progress-tests-suites/test_reduce/variant_849.amber
timeout -k 1 15 amber /home/zchen/gpu-forward-progress-tests-suites/test_reduce/variant_849.amber  -d -t spv1.5  >> temp_results.txt 2>&1
P

Generating amber test for: ../reduction_results/rtx_4070/syn_lock_step/variant_889/variant_889.comp
running test: /home/zchen/gpu-forward-progress-tests-suites/test_reduce/variant_889.amber
timeout -k 1 15 amber /home/zchen/gpu-forward-progress-tests-suites/test_reduce/variant_889.amber  -d -t spv1.5  >> temp_results.txt 2>&1
F
--- Error output ---
/home/zchen/gpu-forward-progress-tests-suites/test_reduce/variant_889.amber: -:19: error: 'atomicAdd' : Only l-values corresponding to shader block storage or shared variables can be used with atomic memory functions.


Summary of Failures:
  /home/zchen/gpu-forward-progress-tests-suites/test_reduce/variant_889.amber

Summary: 0 pass, 1 fail

--------------------

Generating amber test for: ../reduction_results/rtx_4070/syn_lock_step/variant_683/variant_683.comp
running test: /home/zchen/gpu-forward-progress-tests-suites/test_reduce/variant_683.amber
timeout -k 1 15 amber /home/zchen/gpu-forward-progress-tests-suites/test_reduce/variant_683.amber  -d -t spv1.5  >> temp_results.txt 2>&1
P

Generating amber test for: ../reduction_results/rtx_4070/syn_lock_step/variant_562/variant_562.comp
running test: /home/zchen/gpu-forward-progress-tests-suites/test_reduce/variant_562.amber
timeout -k 1 15 amber /home/zchen/gpu-forward-progress-tests-suites/test_reduce/variant_562.amber  -d -t spv1.5  >> temp_results.txt 2>&1
F
--- Error output ---
/home/zchen/gpu-forward-progress-tests-suites/test_reduce/variant_562.amber: -:1256: error: 'atomicXor' : Only l-values corresponding to shader block storage or shared variables can be used with atomic memory functions.


Summary of Failures:
  /home/zchen/gpu-forward-progress-tests-suites/test_reduce/variant_562.amber

Summary: 0 pass, 1 fail

--------------------

Generating amber test for: ../reduction_results/rtx_4070/syn_lock_step/variant_842/variant_842.comp
running test: /home/zchen/gpu-forward-progress-tests-suites/test_reduce/variant_842.amber
timeout -k 1 15 amber /home/zchen/gpu-forward-progress-tests-suites/test_reduce/variant_842.amber  -d -t spv1.5  >> temp_results.txt 2>&1
P

Generating amber test for: ../reduction_results/rtx_4070/syn_lock_step/variant_347/variant_347.comp
running test: /home/zchen/gpu-forward-progress-tests-suites/test_reduce/variant_347.amber
timeout -k 1 15 amber /home/zchen/gpu-forward-progress-tests-suites/test_reduce/variant_347.amber  -d -t spv1.5  >> temp_results.txt 2>&1
P

Generating amber test for: ../reduction_results/rtx_4070/syn_lock_step/variant_989/variant_989.comp
running test: /home/zchen/gpu-forward-progress-tests-suites/test_reduce/variant_989.amber
timeout -k 1 15 amber /home/zchen/gpu-forward-progress-tests-suites/test_reduce/variant_989.amber  -d -t spv1.5  >> temp_results.txt 2>&1
P

Generating amber test for: ../reduction_results/rtx_4070/syn_lock_step/variant_493/variant_493.comp
running test: /home/zchen/gpu-forward-progress-tests-suites/test_reduce/variant_493.amber
timeout -k 1 15 amber /home/zchen/gpu-forward-progress-tests-suites/test_reduce/variant_493.amber  -d -t spv1.5  >> temp_results.txt 2>&1
F
--- Error output ---
/home/zchen/gpu-forward-progress-tests-suites/test_reduce/variant_493.amber: -:86: error: 'atomicOr' : Only l-values corresponding to shader block storage or shared variables can be used with atomic memory functions.
-:87: error: 'atomicAnd' : Only l-values corresponding to shader block storage or shared variables can be used with atomic memory functions.


Summary of Failures:
  /home/zchen/gpu-forward-progress-tests-suites/test_reduce/variant_493.amber

Summary: 0 pass, 1 fail

--------------------

Generating amber test for: ../reduction_results/rtx_4070/syn_lock_step/variant_318/variant_318.comp
running test: /home/zchen/gpu-forward-progress-tests-suites/test_reduce/variant_318.amber
timeout -k 1 15 amber /home/zchen/gpu-forward-progress-tests-suites/test_reduce/variant_318.amber  -d -t spv1.5  >> temp_results.txt 2>&1
F
--- Error output ---
/home/zchen/gpu-forward-progress-tests-suites/test_reduce/variant_318.amber: -:752: error: 'atomicExchange' : Only l-values corresponding to shader block storage or shared variables can be used with atomic memory functions.


Summary of Failures:
  /home/zchen/gpu-forward-progress-tests-suites/test_reduce/variant_318.amber

Summary: 0 pass, 1 fail

--------------------

Generating amber test for: ../reduction_results/rtx_4070/syn_lock_step/variant_629/variant_629.comp
running test: /home/zchen/gpu-forward-progress-tests-suites/test_reduce/variant_629.amber
timeout -k 1 15 amber /home/zchen/gpu-forward-progress-tests-suites/test_reduce/variant_629.amber  -d -t spv1.5  >> temp_results.txt 2>&1
P

Generating amber test for: ../reduction_results/rtx_4070/syn_lock_step/variant_635/variant_635.comp
running test: /home/zchen/gpu-forward-progress-tests-suites/test_reduce/variant_635.amber
timeout -k 1 15 amber /home/zchen/gpu-forward-progress-tests-suites/test_reduce/variant_635.amber  -d -t spv1.5  >> temp_results.txt 2>&1
F
--- Error output ---
/home/zchen/gpu-forward-progress-tests-suites/test_reduce/variant_635.amber: -:22: error: 'atomicCompSwap' : Only l-values corresponding to shader block storage or shared variables can be used with atomic memory functions.


Summary of Failures:
  /home/zchen/gpu-forward-progress-tests-suites/test_reduce/variant_635.amber

Summary: 0 pass, 1 fail

--------------------

Generating amber test for: ../reduction_results/rtx_4070/syn_lock_step/variant_367/variant_367.comp
running test: /home/zchen/gpu-forward-progress-tests-suites/test_reduce/variant_367.amber
timeout -k 1 15 amber /home/zchen/gpu-forward-progress-tests-suites/test_reduce/variant_367.amber  -d -t spv1.5  >> temp_results.txt 2>&1
P

Generating amber test for: ../reduction_results/rtx_4070/syn_lock_step/variant_929/variant_929.comp
running test: /home/zchen/gpu-forward-progress-tests-suites/test_reduce/variant_929.amber
timeout -k 1 15 amber /home/zchen/gpu-forward-progress-tests-suites/test_reduce/variant_929.amber  -d -t spv1.5  >> temp_results.txt 2>&1
P

Generating amber test for: ../reduction_results/rtx_4070/syn_lock_step/variant_843/variant_843.comp
running test: /home/zchen/gpu-forward-progress-tests-suites/test_reduce/variant_843.amber
timeout -k 1 15 amber /home/zchen/gpu-forward-progress-tests-suites/test_reduce/variant_843.amber  -d -t spv1.5  >> temp_results.txt 2>&1
P

Generating amber test for: ../reduction_results/rtx_4070/syn_lock_step/variant_568/variant_568.comp
running test: /home/zchen/gpu-forward-progress-tests-suites/test_reduce/variant_568.amber
timeout -k 1 15 amber /home/zchen/gpu-forward-progress-tests-suites/test_reduce/variant_568.amber  -d -t spv1.5  >> temp_results.txt 2>&1
P

Generating amber test for: ../reduction_results/rtx_4070/syn_lock_step/variant_122/variant_122.comp
running test: /home/zchen/gpu-forward-progress-tests-suites/test_reduce/variant_122.amber
timeout -k 1 15 amber /home/zchen/gpu-forward-progress-tests-suites/test_reduce/variant_122.amber  -d -t spv1.5  >> temp_results.txt 2>&1
P

Generating amber test for: ../reduction_results/rtx_4070/syn_lock_step/variant_180/variant_180.comp
running test: /home/zchen/gpu-forward-progress-tests-suites/test_reduce/variant_180.amber
timeout -k 1 15 amber /home/zchen/gpu-forward-progress-tests-suites/test_reduce/variant_180.amber  -d -t spv1.5  >> temp_results.txt 2>&1
P

Generating amber test for: ../reduction_results/rtx_4070/syn_lock_step/variant_182/variant_182.comp
running test: /home/zchen/gpu-forward-progress-tests-suites/test_reduce/variant_182.amber
timeout -k 1 15 amber /home/zchen/gpu-forward-progress-tests-suites/test_reduce/variant_182.amber  -d -t spv1.5  >> temp_results.txt 2>&1
P

Generating amber test for: ../reduction_results/rtx_4070/syn_lock_step/variant_835/variant_835.comp
running test: /home/zchen/gpu-forward-progress-tests-suites/test_reduce/variant_835.amber
timeout -k 1 15 amber /home/zchen/gpu-forward-progress-tests-suites/test_reduce/variant_835.amber  -d -t spv1.5  >> temp_results.txt 2>&1
P

Generating amber test for: ../reduction_results/rtx_4070/syn_lock_step/variant_773/variant_773.comp
running test: /home/zchen/gpu-forward-progress-tests-suites/test_reduce/variant_773.amber
timeout -k 1 15 amber /home/zchen/gpu-forward-progress-tests-suites/test_reduce/variant_773.amber  -d -t spv1.5  >> temp_results.txt 2>&1
F
--- Error output ---
/home/zchen/gpu-forward-progress-tests-suites/test_reduce/variant_773.amber: -:124: error: 'atomicExchange' : Only l-values corresponding to shader block storage or shared variables can be used with atomic memory functions.


Summary of Failures:
  /home/zchen/gpu-forward-progress-tests-suites/test_reduce/variant_773.amber

Summary: 0 pass, 1 fail

--------------------

Generating amber test for: ../reduction_results/rtx_4070/syn_lock_step/variant_160/variant_160.comp
running test: /home/zchen/gpu-forward-progress-tests-suites/test_reduce/variant_160.amber
timeout -k 1 15 amber /home/zchen/gpu-forward-progress-tests-suites/test_reduce/variant_160.amber  -d -t spv1.5  >> temp_results.txt 2>&1
F
--- Error output ---
/home/zchen/gpu-forward-progress-tests-suites/test_reduce/variant_160.amber: -:31: error: 'atomicExchange' : Only l-values corresponding to shader block storage or shared variables can be used with atomic memory functions.


Summary of Failures:
  /home/zchen/gpu-forward-progress-tests-suites/test_reduce/variant_160.amber

Summary: 0 pass, 1 fail

--------------------

Generating amber test for: ../reduction_results/rtx_4070/syn_lock_step/variant_510/variant_510.comp
running test: /home/zchen/gpu-forward-progress-tests-suites/test_reduce/variant_510.amber
timeout -k 1 15 amber /home/zchen/gpu-forward-progress-tests-suites/test_reduce/variant_510.amber  -d -t spv1.5  >> temp_results.txt 2>&1
P

Generating amber test for: ../reduction_results/rtx_4070/syn_lock_step/variant_943/variant_943.comp
running test: /home/zchen/gpu-forward-progress-tests-suites/test_reduce/variant_943.amber
timeout -k 1 15 amber /home/zchen/gpu-forward-progress-tests-suites/test_reduce/variant_943.amber  -d -t spv1.5  >> temp_results.txt 2>&1
F
--- Error output ---
/home/zchen/gpu-forward-progress-tests-suites/test_reduce/variant_943.amber: -:26: error: 'atomicExchange' : Only l-values corresponding to shader block storage or shared variables can be used with atomic memory functions.
-:26: error: 'atomicAnd' : Only l-values corresponding to shader block storage or shared variables can be used with atomic memory functions.


Summary of Failures:
  /home/zchen/gpu-forward-progress-tests-suites/test_reduce/variant_943.amber

Summary: 0 pass, 1 fail

--------------------

Generating amber test for: ../reduction_results/rtx_4070/syn_lock_step/variant_564/variant_564.comp
running test: /home/zchen/gpu-forward-progress-tests-suites/test_reduce/variant_564.amber
timeout -k 1 15 amber /home/zchen/gpu-forward-progress-tests-suites/test_reduce/variant_564.amber  -d -t spv1.5  >> temp_results.txt 2>&1
P

Generating amber test for: ../reduction_results/rtx_4070/syn_lock_step/variant_150/variant_150.comp
running test: /home/zchen/gpu-forward-progress-tests-suites/test_reduce/variant_150.amber
timeout -k 1 15 amber /home/zchen/gpu-forward-progress-tests-suites/test_reduce/variant_150.amber  -d -t spv1.5  >> temp_results.txt 2>&1
P

Generating amber test for: ../reduction_results/rtx_4070/syn_lock_step/variant_252/variant_252.comp
running test: /home/zchen/gpu-forward-progress-tests-suites/test_reduce/variant_252.amber
timeout -k 1 15 amber /home/zchen/gpu-forward-progress-tests-suites/test_reduce/variant_252.amber  -d -t spv1.5  >> temp_results.txt 2>&1
F
--- Error output ---
/home/zchen/gpu-forward-progress-tests-suites/test_reduce/variant_252.amber: -:56: error: 'atomicAdd' : Only l-values corresponding to shader block storage or shared variables can be used with atomic memory functions.
-:56: error: 'atomicMax' : Only l-values corresponding to shader block storage or shared variables can be used with atomic memory functions.


Summary of Failures:
  /home/zchen/gpu-forward-progress-tests-suites/test_reduce/variant_252.amber

Summary: 0 pass, 1 fail

--------------------

Generating amber test for: ../reduction_results/rtx_4070/syn_lock_step/variant_039/variant_039.comp
running test: /home/zchen/gpu-forward-progress-tests-suites/test_reduce/variant_039.amber
timeout -k 1 15 amber /home/zchen/gpu-forward-progress-tests-suites/test_reduce/variant_039.amber  -d -t spv1.5  >> temp_results.txt 2>&1
F
--- Error output ---
/home/zchen/gpu-forward-progress-tests-suites/test_reduce/variant_039.amber: -:20: error: 'atomicMin' : Only l-values corresponding to shader block storage or shared variables can be used with atomic memory functions.


Summary of Failures:
  /home/zchen/gpu-forward-progress-tests-suites/test_reduce/variant_039.amber

Summary: 0 pass, 1 fail

--------------------

Generating amber test for: ../reduction_results/rtx_4070/syn_lock_step/variant_285/variant_285.comp
running test: /home/zchen/gpu-forward-progress-tests-suites/test_reduce/variant_285.amber
timeout -k 1 15 amber /home/zchen/gpu-forward-progress-tests-suites/test_reduce/variant_285.amber  -d -t spv1.5  >> temp_results.txt 2>&1
F
--- Error output ---
/home/zchen/gpu-forward-progress-tests-suites/test_reduce/variant_285.amber: -:24: error: 'atomicMax' : Only l-values corresponding to shader block storage or shared variables can be used with atomic memory functions.


Summary of Failures:
  /home/zchen/gpu-forward-progress-tests-suites/test_reduce/variant_285.amber

Summary: 0 pass, 1 fail

--------------------

Generating amber test for: ../reduction_results/rtx_4070/syn_lock_step/variant_748/variant_748.comp
running test: /home/zchen/gpu-forward-progress-tests-suites/test_reduce/variant_748.amber
timeout -k 1 15 amber /home/zchen/gpu-forward-progress-tests-suites/test_reduce/variant_748.amber  -d -t spv1.5  >> temp_results.txt 2>&1
F
--- Error output ---
/home/zchen/gpu-forward-progress-tests-suites/test_reduce/variant_748.amber: -:23: error: 'atomicAnd' : Only l-values corresponding to shader block storage or shared variables can be used with atomic memory functions.


Summary of Failures:
  /home/zchen/gpu-forward-progress-tests-suites/test_reduce/variant_748.amber

Summary: 0 pass, 1 fail

--------------------

Generating amber test for: ../reduction_results/rtx_4070/syn_lock_step/variant_353/variant_353.comp
running test: /home/zchen/gpu-forward-progress-tests-suites/test_reduce/variant_353.amber
timeout -k 1 15 amber /home/zchen/gpu-forward-progress-tests-suites/test_reduce/variant_353.amber  -d -t spv1.5  >> temp_results.txt 2>&1
P

Generating amber test for: ../reduction_results/rtx_4070/syn_lock_step/variant_641/variant_641.comp
running test: /home/zchen/gpu-forward-progress-tests-suites/test_reduce/variant_641.amber
timeout -k 1 15 amber /home/zchen/gpu-forward-progress-tests-suites/test_reduce/variant_641.amber  -d -t spv1.5  >> temp_results.txt 2>&1
P

Generating amber test for: ../reduction_results/rtx_4070/syn_lock_step/variant_346/variant_346.comp
running test: /home/zchen/gpu-forward-progress-tests-suites/test_reduce/variant_346.amber
timeout -k 1 15 amber /home/zchen/gpu-forward-progress-tests-suites/test_reduce/variant_346.amber  -d -t spv1.5  >> temp_results.txt 2>&1
F
--- Error output ---
/home/zchen/gpu-forward-progress-tests-suites/test_reduce/variant_346.amber: -:24: error: 'atomicMin' : Only l-values corresponding to shader block storage or shared variables can be used with atomic memory functions.


Summary of Failures:
  /home/zchen/gpu-forward-progress-tests-suites/test_reduce/variant_346.amber

Summary: 0 pass, 1 fail

--------------------

Generating amber test for: ../reduction_results/rtx_4070/syn_lock_step/variant_209/variant_209.comp
running test: /home/zchen/gpu-forward-progress-tests-suites/test_reduce/variant_209.amber
timeout -k 1 15 amber /home/zchen/gpu-forward-progress-tests-suites/test_reduce/variant_209.amber  -d -t spv1.5  >> temp_results.txt 2>&1
P

Generating amber test for: ../reduction_results/rtx_4070/syn_lock_step/variant_617/variant_617.comp
running test: /home/zchen/gpu-forward-progress-tests-suites/test_reduce/variant_617.amber
timeout -k 1 15 amber /home/zchen/gpu-forward-progress-tests-suites/test_reduce/variant_617.amber  -d -t spv1.5  >> temp_results.txt 2>&1
P

Generating amber test for: ../reduction_results/rtx_4070/syn_lock_step/variant_362/variant_362.comp
running test: /home/zchen/gpu-forward-progress-tests-suites/test_reduce/variant_362.amber
timeout -k 1 15 amber /home/zchen/gpu-forward-progress-tests-suites/test_reduce/variant_362.amber  -d -t spv1.5  >> temp_results.txt 2>&1
P

Generating amber test for: ../reduction_results/rtx_4070/syn_lock_step/variant_074/variant_074.comp
running test: /home/zchen/gpu-forward-progress-tests-suites/test_reduce/variant_074.amber
timeout -k 1 15 amber /home/zchen/gpu-forward-progress-tests-suites/test_reduce/variant_074.amber  -d -t spv1.5  >> temp_results.txt 2>&1
F
--- Error output ---
/home/zchen/gpu-forward-progress-tests-suites/test_reduce/variant_074.amber: -:25: error: 'atomicOr' : Only l-values corresponding to shader block storage or shared variables can be used with atomic memory functions.


Summary of Failures:
  /home/zchen/gpu-forward-progress-tests-suites/test_reduce/variant_074.amber

Summary: 0 pass, 1 fail

--------------------

Generating amber test for: ../reduction_results/rtx_4070/syn_lock_step/variant_725/variant_725.comp
running test: /home/zchen/gpu-forward-progress-tests-suites/test_reduce/variant_725.amber
timeout -k 1 15 amber /home/zchen/gpu-forward-progress-tests-suites/test_reduce/variant_725.amber  -d -t spv1.5  >> temp_results.txt 2>&1
F
--- Error output ---
/home/zchen/gpu-forward-progress-tests-suites/test_reduce/variant_725.amber: -:22: error: 'atomicCompSwap' : Only l-values corresponding to shader block storage or shared variables can be used with atomic memory functions.


Summary of Failures:
  /home/zchen/gpu-forward-progress-tests-suites/test_reduce/variant_725.amber

Summary: 0 pass, 1 fail

--------------------

Generating amber test for: ../reduction_results/rtx_4070/syn_lock_step/variant_517/variant_517.comp
running test: /home/zchen/gpu-forward-progress-tests-suites/test_reduce/variant_517.amber
timeout -k 1 15 amber /home/zchen/gpu-forward-progress-tests-suites/test_reduce/variant_517.amber  -d -t spv1.5  >> temp_results.txt 2>&1
F
--- Error output ---
/home/zchen/gpu-forward-progress-tests-suites/test_reduce/variant_517.amber: -:28: error: 'atomicExchange' : Only l-values corresponding to shader block storage or shared variables can be used with atomic memory functions.


Summary of Failures:
  /home/zchen/gpu-forward-progress-tests-suites/test_reduce/variant_517.amber

Summary: 0 pass, 1 fail

--------------------

Generating amber test for: ../reduction_results/rtx_4070/syn_lock_step/variant_116/variant_116.comp
running test: /home/zchen/gpu-forward-progress-tests-suites/test_reduce/variant_116.amber
timeout -k 1 15 amber /home/zchen/gpu-forward-progress-tests-suites/test_reduce/variant_116.amber  -d -t spv1.5  >> temp_results.txt 2>&1
F
--- Error output ---
/home/zchen/gpu-forward-progress-tests-suites/test_reduce/variant_116.amber: -:233: error: 'atomicXor' : Only l-values corresponding to shader block storage or shared variables can be used with atomic memory functions.


Summary of Failures:
  /home/zchen/gpu-forward-progress-tests-suites/test_reduce/variant_116.amber

Summary: 0 pass, 1 fail

--------------------

Generating amber test for: ../reduction_results/rtx_4070/syn_lock_step/variant_699/variant_699.comp
running test: /home/zchen/gpu-forward-progress-tests-suites/test_reduce/variant_699.amber
timeout -k 1 15 amber /home/zchen/gpu-forward-progress-tests-suites/test_reduce/variant_699.amber  -d -t spv1.5  >> temp_results.txt 2>&1
P

Generating amber test for: ../reduction_results/rtx_4070/syn_lock_step/variant_788/variant_788.comp
running test: /home/zchen/gpu-forward-progress-tests-suites/test_reduce/variant_788.amber
timeout -k 1 15 amber /home/zchen/gpu-forward-progress-tests-suites/test_reduce/variant_788.amber  -d -t spv1.5  >> temp_results.txt 2>&1
P

Generating amber test for: ../reduction_results/rtx_4070/syn_lock_step/variant_651/variant_651.comp
running test: /home/zchen/gpu-forward-progress-tests-suites/test_reduce/variant_651.amber
timeout -k 1 15 amber /home/zchen/gpu-forward-progress-tests-suites/test_reduce/variant_651.amber  -d -t spv1.5  >> temp_results.txt 2>&1
F
--- Error output ---
/home/zchen/gpu-forward-progress-tests-suites/test_reduce/variant_651.amber: -:23: error: 'atomicCompSwap' : Only l-values corresponding to shader block storage or shared variables can be used with atomic memory functions.


Summary of Failures:
  /home/zchen/gpu-forward-progress-tests-suites/test_reduce/variant_651.amber

Summary: 0 pass, 1 fail

--------------------

Generating amber test for: ../reduction_results/rtx_4070/syn_lock_step/variant_728/variant_728.comp
running test: /home/zchen/gpu-forward-progress-tests-suites/test_reduce/variant_728.amber
timeout -k 1 15 amber /home/zchen/gpu-forward-progress-tests-suites/test_reduce/variant_728.amber  -d -t spv1.5  >> temp_results.txt 2>&1
F
--- Error output ---
/home/zchen/gpu-forward-progress-tests-suites/test_reduce/variant_728.amber: -:28: error: 'atomicMin' : Only l-values corresponding to shader block storage or shared variables can be used with atomic memory functions.


Summary of Failures:
  /home/zchen/gpu-forward-progress-tests-suites/test_reduce/variant_728.amber

Summary: 0 pass, 1 fail

--------------------

Generating amber test for: ../reduction_results/rtx_4070/syn_lock_step/variant_575/variant_575.comp
running test: /home/zchen/gpu-forward-progress-tests-suites/test_reduce/variant_575.amber
timeout -k 1 15 amber /home/zchen/gpu-forward-progress-tests-suites/test_reduce/variant_575.amber  -d -t spv1.5  >> temp_results.txt 2>&1
P

Generating amber test for: ../reduction_results/rtx_4070/syn_lock_step/variant_352/variant_352.comp
running test: /home/zchen/gpu-forward-progress-tests-suites/test_reduce/variant_352.amber
timeout -k 1 15 amber /home/zchen/gpu-forward-progress-tests-suites/test_reduce/variant_352.amber  -d -t spv1.5  >> temp_results.txt 2>&1
F
--- Error output ---
/home/zchen/gpu-forward-progress-tests-suites/test_reduce/variant_352.amber: -:316: error: 'atomicAdd' : Only l-values corresponding to shader block storage or shared variables can be used with atomic memory functions.


Summary of Failures:
  /home/zchen/gpu-forward-progress-tests-suites/test_reduce/variant_352.amber

Summary: 0 pass, 1 fail

--------------------

Generating amber test for: ../reduction_results/rtx_4070/syn_lock_step/variant_750/variant_750.comp
running test: /home/zchen/gpu-forward-progress-tests-suites/test_reduce/variant_750.amber
timeout -k 1 15 amber /home/zchen/gpu-forward-progress-tests-suites/test_reduce/variant_750.amber  -d -t spv1.5  >> temp_results.txt 2>&1
F
--- Error output ---
/home/zchen/gpu-forward-progress-tests-suites/test_reduce/variant_750.amber: -:32: error: 'atomicAnd' : Only l-values corresponding to shader block storage or shared variables can be used with atomic memory functions.


Summary of Failures:
  /home/zchen/gpu-forward-progress-tests-suites/test_reduce/variant_750.amber

Summary: 0 pass, 1 fail

--------------------

Generating amber test for: ../reduction_results/rtx_4070/syn_lock_step/variant_606/variant_606.comp
running test: /home/zchen/gpu-forward-progress-tests-suites/test_reduce/variant_606.amber
timeout -k 1 15 amber /home/zchen/gpu-forward-progress-tests-suites/test_reduce/variant_606.amber  -d -t spv1.5  >> temp_results.txt 2>&1
F
--- Error output ---
/home/zchen/gpu-forward-progress-tests-suites/test_reduce/variant_606.amber: -:24: error: 'atomicMax' : Only l-values corresponding to shader block storage or shared variables can be used with atomic memory functions.


Summary of Failures:
  /home/zchen/gpu-forward-progress-tests-suites/test_reduce/variant_606.amber

Summary: 0 pass, 1 fail

--------------------

Generating amber test for: ../reduction_results/rtx_4070/syn_lock_step/variant_048/variant_048.comp
running test: /home/zchen/gpu-forward-progress-tests-suites/test_reduce/variant_048.amber
timeout -k 1 15 amber /home/zchen/gpu-forward-progress-tests-suites/test_reduce/variant_048.amber  -d -t spv1.5  >> temp_results.txt 2>&1
F
--- Error output ---
/home/zchen/gpu-forward-progress-tests-suites/test_reduce/variant_048.amber: -:21: error: 'atomicAdd' : Only l-values corresponding to shader block storage or shared variables can be used with atomic memory functions.


Summary of Failures:
  /home/zchen/gpu-forward-progress-tests-suites/test_reduce/variant_048.amber

Summary: 0 pass, 1 fail

--------------------


Finished running tests!

writing simple ascii table to:
results/syn_lock_step/simple_final_results-2025-04-15.txt

writing iteration-based ascii table to:
results/syn_lock_step/iteration_based_final_results-2025-04-15.txt

writing simple csv table to:
results/syn_lock_step/simple_final_results-2025-04-15.csv

writing simple csv table to:
results/syn_lock_step/simple_final_results-2025-04-15.csv

writing colored html table to:
results/syn_lock_step/html-colored-table2025-04-15.html


Execution time (s):
88.7872531414032
