Date and Time:
17/04/2025 13:55:12
Computer:
shrike

storing vulkaninfo to: results/syn_lock_step_relax/vulkaninfo.txt

Generating amber test for: ../reduction_results/rtx_4070/syn_lock_step_relax/variant_142/variant_142.comp
running test: /home/zchen/gpu-forward-progress-tests-suites/test_reduce/variant_142.amber
timeout -k 1 15 amber /home/zchen/gpu-forward-progress-tests-suites/test_reduce/variant_142.amber  -d -t spv1.5  >> temp_results.txt 2>&1
I (ignored error)
--- Ignored error output ---
/home/zchen/gpu-forward-progress-tests-suites/test_reduce/variant_142.amber: -:25: error: 'atomicAdd' : Only l-values corresponding to shader block storage or shared variables can be used with atomic memory functions.


Summary of Failures:
  /home/zchen/gpu-forward-progress-tests-suites/test_reduce/variant_142.amber

Summary: 0 pass, 1 fail
----------------------------

Generating amber test for: ../reduction_results/rtx_4070/syn_lock_step_relax/variant_392/variant_392.comp
running test: /home/zchen/gpu-forward-progress-tests-suites/test_reduce/variant_392.amber
timeout -k 1 15 amber /home/zchen/gpu-forward-progress-tests-suites/test_reduce/variant_392.amber  -d -t spv1.5  >> temp_results.txt 2>&1
I (ignored error)
--- Ignored error output ---
/home/zchen/gpu-forward-progress-tests-suites/test_reduce/variant_392.amber: -:176: error: 'atomicAnd' : Only l-values corresponding to shader block storage or shared variables can be used with atomic memory functions.


Summary of Failures:
  /home/zchen/gpu-forward-progress-tests-suites/test_reduce/variant_392.amber

Summary: 0 pass, 1 fail
----------------------------

Generating amber test for: ../reduction_results/rtx_4070/syn_lock_step_relax/variant_799/variant_799.comp
running test: /home/zchen/gpu-forward-progress-tests-suites/test_reduce/variant_799.amber
timeout -k 1 15 amber /home/zchen/gpu-forward-progress-tests-suites/test_reduce/variant_799.amber  -d -t spv1.5  >> temp_results.txt 2>&1
I (ignored error)
--- Ignored error output ---
/home/zchen/gpu-forward-progress-tests-suites/test_reduce/variant_799.amber: -:22: error: 'atomicExchange' : Only l-values corresponding to shader block storage or shared variables can be used with atomic memory functions.


Summary of Failures:
  /home/zchen/gpu-forward-progress-tests-suites/test_reduce/variant_799.amber

Summary: 0 pass, 1 fail
----------------------------

Generating amber test for: ../reduction_results/rtx_4070/syn_lock_step_relax/variant_942/variant_942.comp
running test: /home/zchen/gpu-forward-progress-tests-suites/test_reduce/variant_942.amber
timeout -k 1 15 amber /home/zchen/gpu-forward-progress-tests-suites/test_reduce/variant_942.amber  -d -t spv1.5  >> temp_results.txt 2>&1
I (ignored error)
--- Ignored error output ---
/home/zchen/gpu-forward-progress-tests-suites/test_reduce/variant_942.amber: -:24: error: 'atomicXor' : Only l-values corresponding to shader block storage or shared variables can be used with atomic memory functions.


Summary of Failures:
  /home/zchen/gpu-forward-progress-tests-suites/test_reduce/variant_942.amber

Summary: 0 pass, 1 fail
----------------------------

Generating amber test for: ../reduction_results/rtx_4070/syn_lock_step_relax/variant_734/variant_734.comp
running test: /home/zchen/gpu-forward-progress-tests-suites/test_reduce/variant_734.amber
timeout -k 1 15 amber /home/zchen/gpu-forward-progress-tests-suites/test_reduce/variant_734.amber  -d -t spv1.5  >> temp_results.txt 2>&1
I (ignored error)
--- Ignored error output ---
/home/zchen/gpu-forward-progress-tests-suites/test_reduce/variant_734.amber: -:25: error: 'atomicMin' : Only l-values corresponding to shader block storage or shared variables can be used with atomic memory functions.


Summary of Failures:
  /home/zchen/gpu-forward-progress-tests-suites/test_reduce/variant_734.amber

Summary: 0 pass, 1 fail
----------------------------

Generating amber test for: ../reduction_results/rtx_4070/syn_lock_step_relax/variant_341/variant_341.comp
running test: /home/zchen/gpu-forward-progress-tests-suites/test_reduce/variant_341.amber
timeout -k 1 15 amber /home/zchen/gpu-forward-progress-tests-suites/test_reduce/variant_341.amber  -d -t spv1.5  >> temp_results.txt 2>&1
I (ignored error)
--- Ignored error output ---
/home/zchen/gpu-forward-progress-tests-suites/test_reduce/variant_341.amber: -:29: error: 'atomicAnd' : Only l-values corresponding to shader block storage or shared variables can be used with atomic memory functions.


Summary of Failures:
  /home/zchen/gpu-forward-progress-tests-suites/test_reduce/variant_341.amber

Summary: 0 pass, 1 fail
----------------------------

Generating amber test for: ../reduction_results/rtx_4070/syn_lock_step_relax/variant_223/variant_223.comp
running test: /home/zchen/gpu-forward-progress-tests-suites/test_reduce/variant_223.amber
timeout -k 1 15 amber /home/zchen/gpu-forward-progress-tests-suites/test_reduce/variant_223.amber  -d -t spv1.5  >> temp_results.txt 2>&1
I (ignored error)
--- Ignored error output ---
/home/zchen/gpu-forward-progress-tests-suites/test_reduce/variant_223.amber: -:540: error: 'atomicMax' : Only l-values corresponding to shader block storage or shared variables can be used with atomic memory functions.


Summary of Failures:
  /home/zchen/gpu-forward-progress-tests-suites/test_reduce/variant_223.amber

Summary: 0 pass, 1 fail
----------------------------

Generating amber test for: ../reduction_results/rtx_4070/syn_lock_step_relax/variant_727/variant_727.comp
running test: /home/zchen/gpu-forward-progress-tests-suites/test_reduce/variant_727.amber
timeout -k 1 15 amber /home/zchen/gpu-forward-progress-tests-suites/test_reduce/variant_727.amber  -d -t spv1.5  >> temp_results.txt 2>&1
I (ignored error)
--- Ignored error output ---
/home/zchen/gpu-forward-progress-tests-suites/test_reduce/variant_727.amber: -:29: error: 'atomicAnd' : Only l-values corresponding to shader block storage or shared variables can be used with atomic memory functions.


Summary of Failures:
  /home/zchen/gpu-forward-progress-tests-suites/test_reduce/variant_727.amber

Summary: 0 pass, 1 fail
----------------------------

Generating amber test for: ../reduction_results/rtx_4070/syn_lock_step_relax/variant_564/variant_564.comp
running test: /home/zchen/gpu-forward-progress-tests-suites/test_reduce/variant_564.amber
timeout -k 1 15 amber /home/zchen/gpu-forward-progress-tests-suites/test_reduce/variant_564.amber  -d -t spv1.5  >> temp_results.txt 2>&1
I (ignored error)
--- Ignored error output ---
/home/zchen/gpu-forward-progress-tests-suites/test_reduce/variant_564.amber: -:22: error: 'atomicMax' : Only l-values corresponding to shader block storage or shared variables can be used with atomic memory functions.
-:29: error: 'atomicAdd' : Only l-values corresponding to shader block storage or shared variables can be used with atomic memory functions.


Summary of Failures:
  /home/zchen/gpu-forward-progress-tests-suites/test_reduce/variant_564.amber

Summary: 0 pass, 1 fail
----------------------------

Generating amber test for: ../reduction_results/rtx_4070/syn_lock_step_relax/variant_563/variant_563.comp
running test: /home/zchen/gpu-forward-progress-tests-suites/test_reduce/variant_563.amber
timeout -k 1 15 amber /home/zchen/gpu-forward-progress-tests-suites/test_reduce/variant_563.amber  -d -t spv1.5  >> temp_results.txt 2>&1
I (ignored error)
--- Ignored error output ---
/home/zchen/gpu-forward-progress-tests-suites/test_reduce/variant_563.amber: -:25: error: 'atomicCompSwap' : Only l-values corresponding to shader block storage or shared variables can be used with atomic memory functions.


Summary of Failures:
  /home/zchen/gpu-forward-progress-tests-suites/test_reduce/variant_563.amber

Summary: 0 pass, 1 fail
----------------------------

Generating amber test for: ../reduction_results/rtx_4070/syn_lock_step_relax/variant_838/variant_838.comp
running test: /home/zchen/gpu-forward-progress-tests-suites/test_reduce/variant_838.amber
timeout -k 1 15 amber /home/zchen/gpu-forward-progress-tests-suites/test_reduce/variant_838.amber  -d -t spv1.5  >> temp_results.txt 2>&1
I (ignored error)
--- Ignored error output ---
/home/zchen/gpu-forward-progress-tests-suites/test_reduce/variant_838.amber: -:23: error: 'atomicOr' : Only l-values corresponding to shader block storage or shared variables can be used with atomic memory functions.


Summary of Failures:
  /home/zchen/gpu-forward-progress-tests-suites/test_reduce/variant_838.amber

Summary: 0 pass, 1 fail
----------------------------

Generating amber test for: ../reduction_results/rtx_4070/syn_lock_step_relax/variant_236/variant_236.comp
running test: /home/zchen/gpu-forward-progress-tests-suites/test_reduce/variant_236.amber
timeout -k 1 15 amber /home/zchen/gpu-forward-progress-tests-suites/test_reduce/variant_236.amber  -d -t spv1.5  >> temp_results.txt 2>&1
I (ignored error)
--- Ignored error output ---
/home/zchen/gpu-forward-progress-tests-suites/test_reduce/variant_236.amber: -:170: error: 'atomicCompSwap' : Only l-values corresponding to shader block storage or shared variables can be used with atomic memory functions.
-:201: error: 'atomicMax' : Only l-values corresponding to shader block storage or shared variables can be used with atomic memory functions.
-:201: error: 'atomicAnd' : Only l-values corresponding to shader block storage or shared variables can be used with atomic memory functions.


Summary of Failures:
  /home/zchen/gpu-forward-progress-tests-suites/test_reduce/variant_236.amber

Summary: 0 pass, 1 fail
----------------------------

Generating amber test for: ../reduction_results/rtx_4070/syn_lock_step_relax/variant_241/variant_241.comp
running test: /home/zchen/gpu-forward-progress-tests-suites/test_reduce/variant_241.amber
timeout -k 1 15 amber /home/zchen/gpu-forward-progress-tests-suites/test_reduce/variant_241.amber  -d -t spv1.5  >> temp_results.txt 2>&1
I (ignored error)
--- Ignored error output ---
/home/zchen/gpu-forward-progress-tests-suites/test_reduce/variant_241.amber: -:303: error: 'atomicAnd' : Only l-values corresponding to shader block storage or shared variables can be used with atomic memory functions.
-:515: error: 'atomicXor' : Only l-values corresponding to shader block storage or shared variables can be used with atomic memory functions.


Summary of Failures:
  /home/zchen/gpu-forward-progress-tests-suites/test_reduce/variant_241.amber

Summary: 0 pass, 1 fail
----------------------------

Generating amber test for: ../reduction_results/rtx_4070/syn_lock_step_relax/variant_641/variant_641.comp
running test: /home/zchen/gpu-forward-progress-tests-suites/test_reduce/variant_641.amber
timeout -k 1 15 amber /home/zchen/gpu-forward-progress-tests-suites/test_reduce/variant_641.amber  -d -t spv1.5  >> temp_results.txt 2>&1
I (ignored error)
--- Ignored error output ---
/home/zchen/gpu-forward-progress-tests-suites/test_reduce/variant_641.amber: -:53: error: 'atomicAnd' : Only l-values corresponding to shader block storage or shared variables can be used with atomic memory functions.


Summary of Failures:
  /home/zchen/gpu-forward-progress-tests-suites/test_reduce/variant_641.amber

Summary: 0 pass, 1 fail
----------------------------

Generating amber test for: ../reduction_results/rtx_4070/syn_lock_step_relax/variant_823/variant_823.comp
running test: /home/zchen/gpu-forward-progress-tests-suites/test_reduce/variant_823.amber
timeout -k 1 15 amber /home/zchen/gpu-forward-progress-tests-suites/test_reduce/variant_823.amber  -d -t spv1.5  >> temp_results.txt 2>&1
I (ignored error)
--- Ignored error output ---
/home/zchen/gpu-forward-progress-tests-suites/test_reduce/variant_823.amber: -:42: error: 'atomicCompSwap' : Only l-values corresponding to shader block storage or shared variables can be used with atomic memory functions.


Summary of Failures:
  /home/zchen/gpu-forward-progress-tests-suites/test_reduce/variant_823.amber

Summary: 0 pass, 1 fail
----------------------------

Generating amber test for: ../reduction_results/rtx_4070/syn_lock_step_relax/variant_209/variant_209.comp
running test: /home/zchen/gpu-forward-progress-tests-suites/test_reduce/variant_209.amber
timeout -k 1 15 amber /home/zchen/gpu-forward-progress-tests-suites/test_reduce/variant_209.amber  -d -t spv1.5  >> temp_results.txt 2>&1
I (ignored error)
--- Ignored error output ---
/home/zchen/gpu-forward-progress-tests-suites/test_reduce/variant_209.amber: -:2498: error: 'atomicExchange' : Only l-values corresponding to shader block storage or shared variables can be used with atomic memory functions.


Summary of Failures:
  /home/zchen/gpu-forward-progress-tests-suites/test_reduce/variant_209.amber

Summary: 0 pass, 1 fail
----------------------------

Generating amber test for: ../reduction_results/rtx_4070/syn_lock_step_relax/variant_379/variant_379.comp
running test: /home/zchen/gpu-forward-progress-tests-suites/test_reduce/variant_379.amber
timeout -k 1 15 amber /home/zchen/gpu-forward-progress-tests-suites/test_reduce/variant_379.amber  -d -t spv1.5  >> temp_results.txt 2>&1
I (ignored error)
--- Ignored error output ---
/home/zchen/gpu-forward-progress-tests-suites/test_reduce/variant_379.amber: -:411: error: 'atomicOr' : Only l-values corresponding to shader block storage or shared variables can be used with atomic memory functions.


Summary of Failures:
  /home/zchen/gpu-forward-progress-tests-suites/test_reduce/variant_379.amber

Summary: 0 pass, 1 fail
----------------------------

Generating amber test for: ../reduction_results/rtx_4070/syn_lock_step_relax/variant_569/variant_569.comp
running test: /home/zchen/gpu-forward-progress-tests-suites/test_reduce/variant_569.amber
timeout -k 1 15 amber /home/zchen/gpu-forward-progress-tests-suites/test_reduce/variant_569.amber  -d -t spv1.5  >> temp_results.txt 2>&1
I (ignored error)
--- Ignored error output ---
/home/zchen/gpu-forward-progress-tests-suites/test_reduce/variant_569.amber: -:133: error: 'atomicMax' : Only l-values corresponding to shader block storage or shared variables can be used with atomic memory functions.


Summary of Failures:
  /home/zchen/gpu-forward-progress-tests-suites/test_reduce/variant_569.amber

Summary: 0 pass, 1 fail
----------------------------

Generating amber test for: ../reduction_results/rtx_4070/syn_lock_step_relax/variant_488/variant_488.comp
running test: /home/zchen/gpu-forward-progress-tests-suites/test_reduce/variant_488.amber
timeout -k 1 15 amber /home/zchen/gpu-forward-progress-tests-suites/test_reduce/variant_488.amber  -d -t spv1.5  >> temp_results.txt 2>&1
I (ignored error)
--- Ignored error output ---
/home/zchen/gpu-forward-progress-tests-suites/test_reduce/variant_488.amber: -:93: error: 'atomicMax' : Only l-values corresponding to shader block storage or shared variables can be used with atomic memory functions.


Summary of Failures:
  /home/zchen/gpu-forward-progress-tests-suites/test_reduce/variant_488.amber

Summary: 0 pass, 1 fail
----------------------------

Generating amber test for: ../reduction_results/rtx_4070/syn_lock_step_relax/variant_858/variant_858.comp
running test: /home/zchen/gpu-forward-progress-tests-suites/test_reduce/variant_858.amber
timeout -k 1 15 amber /home/zchen/gpu-forward-progress-tests-suites/test_reduce/variant_858.amber  -d -t spv1.5  >> temp_results.txt 2>&1
I (ignored error)
--- Ignored error output ---
/home/zchen/gpu-forward-progress-tests-suites/test_reduce/variant_858.amber: -:26: error: 'atomicAdd' : Only l-values corresponding to shader block storage or shared variables can be used with atomic memory functions.


Summary of Failures:
  /home/zchen/gpu-forward-progress-tests-suites/test_reduce/variant_858.amber

Summary: 0 pass, 1 fail
----------------------------

Legend: P = Passed, F = Failed, I = Ignored known error

Finished running tests!

writing simple ascii table to:
results/syn_lock_step_relax/simple_final_results-2025-04-17.txt

writing iteration-based ascii table to:
results/syn_lock_step_relax/iteration_based_final_results-2025-04-17.txt

writing simple csv table to:
results/syn_lock_step_relax/simple_final_results-2025-04-17.csv

writing simple csv table to:
results/syn_lock_step_relax/simple_final_results-2025-04-17.csv

writing colored html table to:
results/syn_lock_step_relax/html-colored-table2025-04-17.html


Execution time (s):
27.806029081344604
