Date and Time:
15/04/2025 14:00:04
Computer:
shrike

storing vulkaninfo to: results/syn_subgroup_op_release/vulkaninfo.txt

Generating amber test for: ../reduction_results/rtx_4070/syn_subgroup_op_release/variant_276/variant_276.comp
running test: /home/zchen/gpu-forward-progress-tests-suites/test_reduce/variant_276.amber
timeout -k 1 15 amber /home/zchen/gpu-forward-progress-tests-suites/test_reduce/variant_276.amber  -d -t spv1.5  >> temp_results.txt 2>&1
P

Generating amber test for: ../reduction_results/rtx_4070/syn_subgroup_op_release/variant_732/variant_732.comp
running test: /home/zchen/gpu-forward-progress-tests-suites/test_reduce/variant_732.amber
timeout -k 1 15 amber /home/zchen/gpu-forward-progress-tests-suites/test_reduce/variant_732.amber  -d -t spv1.5  >> temp_results.txt 2>&1
P

Generating amber test for: ../reduction_results/rtx_4070/syn_subgroup_op_release/variant_604/variant_604.comp
running test: /home/zchen/gpu-forward-progress-tests-suites/test_reduce/variant_604.amber
timeout -k 1 15 amber /home/zchen/gpu-forward-progress-tests-suites/test_reduce/variant_604.amber  -d -t spv1.5  >> temp_results.txt 2>&1
F
--- Error output ---
/home/zchen/gpu-forward-progress-tests-suites/test_reduce/variant_604.amber: -:688: error: 'atomicCompSwap' : Only l-values corresponding to shader block storage or shared variables can be used with atomic memory functions.


Summary of Failures:
  /home/zchen/gpu-forward-progress-tests-suites/test_reduce/variant_604.amber

Summary: 0 pass, 1 fail

--------------------

Generating amber test for: ../reduction_results/rtx_4070/syn_subgroup_op_release/variant_718/variant_718.comp
running test: /home/zchen/gpu-forward-progress-tests-suites/test_reduce/variant_718.amber
timeout -k 1 15 amber /home/zchen/gpu-forward-progress-tests-suites/test_reduce/variant_718.amber  -d -t spv1.5  >> temp_results.txt 2>&1
P

Generating amber test for: ../reduction_results/rtx_4070/syn_subgroup_op_release/variant_095/variant_095.comp
running test: /home/zchen/gpu-forward-progress-tests-suites/test_reduce/variant_095.amber
timeout -k 1 15 amber /home/zchen/gpu-forward-progress-tests-suites/test_reduce/variant_095.amber  -d -t spv1.5  >> temp_results.txt 2>&1
P

Generating amber test for: ../reduction_results/rtx_4070/syn_subgroup_op_release/variant_044/variant_044.comp
running test: /home/zchen/gpu-forward-progress-tests-suites/test_reduce/variant_044.amber
timeout -k 1 15 amber /home/zchen/gpu-forward-progress-tests-suites/test_reduce/variant_044.amber  -d -t spv1.5  >> temp_results.txt 2>&1
P

Generating amber test for: ../reduction_results/rtx_4070/syn_subgroup_op_release/variant_940/variant_940.comp
running test: /home/zchen/gpu-forward-progress-tests-suites/test_reduce/variant_940.amber
timeout -k 1 15 amber /home/zchen/gpu-forward-progress-tests-suites/test_reduce/variant_940.amber  -d -t spv1.5  >> temp_results.txt 2>&1
P

Generating amber test for: ../reduction_results/rtx_4070/syn_subgroup_op_release/variant_086/variant_086.comp
running test: /home/zchen/gpu-forward-progress-tests-suites/test_reduce/variant_086.amber
timeout -k 1 15 amber /home/zchen/gpu-forward-progress-tests-suites/test_reduce/variant_086.amber  -d -t spv1.5  >> temp_results.txt 2>&1
P

Generating amber test for: ../reduction_results/rtx_4070/syn_subgroup_op_release/variant_496/variant_496.comp
running test: /home/zchen/gpu-forward-progress-tests-suites/test_reduce/variant_496.amber
timeout -k 1 15 amber /home/zchen/gpu-forward-progress-tests-suites/test_reduce/variant_496.amber  -d -t spv1.5  >> temp_results.txt 2>&1
P

Generating amber test for: ../reduction_results/rtx_4070/syn_subgroup_op_release/variant_075/variant_075.comp
running test: /home/zchen/gpu-forward-progress-tests-suites/test_reduce/variant_075.amber
timeout -k 1 15 amber /home/zchen/gpu-forward-progress-tests-suites/test_reduce/variant_075.amber  -d -t spv1.5  >> temp_results.txt 2>&1
F
--- Error output ---
/home/zchen/gpu-forward-progress-tests-suites/test_reduce/variant_075.amber: -:372: error: 'atomicOr' : Only l-values corresponding to shader block storage or shared variables can be used with atomic memory functions.


Summary of Failures:
  /home/zchen/gpu-forward-progress-tests-suites/test_reduce/variant_075.amber

Summary: 0 pass, 1 fail

--------------------

Generating amber test for: ../reduction_results/rtx_4070/syn_subgroup_op_release/variant_716/variant_716.comp
running test: /home/zchen/gpu-forward-progress-tests-suites/test_reduce/variant_716.amber
timeout -k 1 15 amber /home/zchen/gpu-forward-progress-tests-suites/test_reduce/variant_716.amber  -d -t spv1.5  >> temp_results.txt 2>&1
P

Generating amber test for: ../reduction_results/rtx_4070/syn_subgroup_op_release/variant_168/variant_168.comp
running test: /home/zchen/gpu-forward-progress-tests-suites/test_reduce/variant_168.amber
timeout -k 1 15 amber /home/zchen/gpu-forward-progress-tests-suites/test_reduce/variant_168.amber  -d -t spv1.5  >> temp_results.txt 2>&1
P

Generating amber test for: ../reduction_results/rtx_4070/syn_subgroup_op_release/variant_972/variant_972.comp
running test: /home/zchen/gpu-forward-progress-tests-suites/test_reduce/variant_972.amber
timeout -k 1 15 amber /home/zchen/gpu-forward-progress-tests-suites/test_reduce/variant_972.amber  -d -t spv1.5  >> temp_results.txt 2>&1
P

Generating amber test for: ../reduction_results/rtx_4070/syn_subgroup_op_release/variant_151/variant_151.comp
running test: /home/zchen/gpu-forward-progress-tests-suites/test_reduce/variant_151.amber
timeout -k 1 15 amber /home/zchen/gpu-forward-progress-tests-suites/test_reduce/variant_151.amber  -d -t spv1.5  >> temp_results.txt 2>&1
P

Generating amber test for: ../reduction_results/rtx_4070/syn_subgroup_op_release/variant_780/variant_780.comp
running test: /home/zchen/gpu-forward-progress-tests-suites/test_reduce/variant_780.amber
timeout -k 1 15 amber /home/zchen/gpu-forward-progress-tests-suites/test_reduce/variant_780.amber  -d -t spv1.5  >> temp_results.txt 2>&1
P

Generating amber test for: ../reduction_results/rtx_4070/syn_subgroup_op_release/variant_361/variant_361.comp
running test: /home/zchen/gpu-forward-progress-tests-suites/test_reduce/variant_361.amber
timeout -k 1 15 amber /home/zchen/gpu-forward-progress-tests-suites/test_reduce/variant_361.amber  -d -t spv1.5  >> temp_results.txt 2>&1
F
--- Error output ---
/home/zchen/gpu-forward-progress-tests-suites/test_reduce/variant_361.amber: -:20: error: 'atomicExchange' : Only l-values corresponding to shader block storage or shared variables can be used with atomic memory functions.
-:25: error: 'atomicCompSwap' : Only l-values corresponding to shader block storage or shared variables can be used with atomic memory functions.


Summary of Failures:
  /home/zchen/gpu-forward-progress-tests-suites/test_reduce/variant_361.amber

Summary: 0 pass, 1 fail

--------------------

Generating amber test for: ../reduction_results/rtx_4070/syn_subgroup_op_release/variant_377/variant_377.comp
running test: /home/zchen/gpu-forward-progress-tests-suites/test_reduce/variant_377.amber
timeout -k 1 15 amber /home/zchen/gpu-forward-progress-tests-suites/test_reduce/variant_377.amber  -d -t spv1.5  >> temp_results.txt 2>&1
F
--- Error output ---
/home/zchen/gpu-forward-progress-tests-suites/test_reduce/variant_377.amber: -:29: error: 'atomicMin' : Only l-values corresponding to shader block storage or shared variables can be used with atomic memory functions.


Summary of Failures:
  /home/zchen/gpu-forward-progress-tests-suites/test_reduce/variant_377.amber

Summary: 0 pass, 1 fail

--------------------

Generating amber test for: ../reduction_results/rtx_4070/syn_subgroup_op_release/variant_217/variant_217.comp
running test: /home/zchen/gpu-forward-progress-tests-suites/test_reduce/variant_217.amber
timeout -k 1 15 amber /home/zchen/gpu-forward-progress-tests-suites/test_reduce/variant_217.amber  -d -t spv1.5  >> temp_results.txt 2>&1
P

Generating amber test for: ../reduction_results/rtx_4070/syn_subgroup_op_release/variant_740/variant_740.comp
running test: /home/zchen/gpu-forward-progress-tests-suites/test_reduce/variant_740.amber
timeout -k 1 15 amber /home/zchen/gpu-forward-progress-tests-suites/test_reduce/variant_740.amber  -d -t spv1.5  >> temp_results.txt 2>&1
P

Generating amber test for: ../reduction_results/rtx_4070/syn_subgroup_op_release/variant_677/variant_677.comp
running test: /home/zchen/gpu-forward-progress-tests-suites/test_reduce/variant_677.amber
timeout -k 1 15 amber /home/zchen/gpu-forward-progress-tests-suites/test_reduce/variant_677.amber  -d -t spv1.5  >> temp_results.txt 2>&1
P

Generating amber test for: ../reduction_results/rtx_4070/syn_subgroup_op_release/variant_195/variant_195.comp
running test: /home/zchen/gpu-forward-progress-tests-suites/test_reduce/variant_195.amber
timeout -k 1 15 amber /home/zchen/gpu-forward-progress-tests-suites/test_reduce/variant_195.amber  -d -t spv1.5  >> temp_results.txt 2>&1
P

Generating amber test for: ../reduction_results/rtx_4070/syn_subgroup_op_release/variant_777/variant_777.comp
running test: /home/zchen/gpu-forward-progress-tests-suites/test_reduce/variant_777.amber
timeout -k 1 15 amber /home/zchen/gpu-forward-progress-tests-suites/test_reduce/variant_777.amber  -d -t spv1.5  >> temp_results.txt 2>&1
P

Generating amber test for: ../reduction_results/rtx_4070/syn_subgroup_op_release/variant_338/variant_338.comp
running test: /home/zchen/gpu-forward-progress-tests-suites/test_reduce/variant_338.amber
timeout -k 1 15 amber /home/zchen/gpu-forward-progress-tests-suites/test_reduce/variant_338.amber  -d -t spv1.5  >> temp_results.txt 2>&1
F
--- Error output ---
/home/zchen/gpu-forward-progress-tests-suites/test_reduce/variant_338.amber: -:894: error: 'atomicMax' : Only l-values corresponding to shader block storage or shared variables can be used with atomic memory functions.


Summary of Failures:
  /home/zchen/gpu-forward-progress-tests-suites/test_reduce/variant_338.amber

Summary: 0 pass, 1 fail

--------------------

Generating amber test for: ../reduction_results/rtx_4070/syn_subgroup_op_release/variant_881/variant_881.comp
running test: /home/zchen/gpu-forward-progress-tests-suites/test_reduce/variant_881.amber
timeout -k 1 15 amber /home/zchen/gpu-forward-progress-tests-suites/test_reduce/variant_881.amber  -d -t spv1.5  >> temp_results.txt 2>&1
P

Generating amber test for: ../reduction_results/rtx_4070/syn_subgroup_op_release/variant_942/variant_942.comp
running test: /home/zchen/gpu-forward-progress-tests-suites/test_reduce/variant_942.amber
timeout -k 1 15 amber /home/zchen/gpu-forward-progress-tests-suites/test_reduce/variant_942.amber  -d -t spv1.5  >> temp_results.txt 2>&1
P

Generating amber test for: ../reduction_results/rtx_4070/syn_subgroup_op_release/variant_367/variant_367.comp
running test: /home/zchen/gpu-forward-progress-tests-suites/test_reduce/variant_367.amber
timeout -k 1 15 amber /home/zchen/gpu-forward-progress-tests-suites/test_reduce/variant_367.amber  -d -t spv1.5  >> temp_results.txt 2>&1
P

Generating amber test for: ../reduction_results/rtx_4070/syn_subgroup_op_release/variant_929/variant_929.comp
running test: /home/zchen/gpu-forward-progress-tests-suites/test_reduce/variant_929.amber
timeout -k 1 15 amber /home/zchen/gpu-forward-progress-tests-suites/test_reduce/variant_929.amber  -d -t spv1.5  >> temp_results.txt 2>&1
P

Generating amber test for: ../reduction_results/rtx_4070/syn_subgroup_op_release/variant_121/variant_121.comp
running test: /home/zchen/gpu-forward-progress-tests-suites/test_reduce/variant_121.amber
timeout -k 1 15 amber /home/zchen/gpu-forward-progress-tests-suites/test_reduce/variant_121.amber  -d -t spv1.5  >> temp_results.txt 2>&1
F
--- Error output ---
/home/zchen/gpu-forward-progress-tests-suites/test_reduce/variant_121.amber: -:23: error: 'atomicAnd' : Only l-values corresponding to shader block storage or shared variables can be used with atomic memory functions.


Summary of Failures:
  /home/zchen/gpu-forward-progress-tests-suites/test_reduce/variant_121.amber

Summary: 0 pass, 1 fail

--------------------

Generating amber test for: ../reduction_results/rtx_4070/syn_subgroup_op_release/variant_789/variant_789.comp
running test: /home/zchen/gpu-forward-progress-tests-suites/test_reduce/variant_789.amber
timeout -k 1 15 amber /home/zchen/gpu-forward-progress-tests-suites/test_reduce/variant_789.amber  -d -t spv1.5  >> temp_results.txt 2>&1
F
--- Error output ---
/home/zchen/gpu-forward-progress-tests-suites/test_reduce/variant_789.amber: -:89: error: 'atomicCompSwap' : Only l-values corresponding to shader block storage or shared variables can be used with atomic memory functions.
-:93: error: 'atomicXor' : Only l-values corresponding to shader block storage or shared variables can be used with atomic memory functions.
-:93: error: 'atomicXor' : Only l-values corresponding to shader block storage or shared variables can be used with atomic memory functions.
-:105: error: 'atomicCompSwap' : Only l-values corresponding to shader block storage or shared variables can be used with atomic memory functions.


Summary of Failures:
  /home/zchen/gpu-forward-progress-tests-suites/test_reduce/variant_789.amber

Summary: 0 pass, 1 fail

--------------------

Generating amber test for: ../reduction_results/rtx_4070/syn_subgroup_op_release/variant_609/variant_609.comp
running test: /home/zchen/gpu-forward-progress-tests-suites/test_reduce/variant_609.amber
timeout -k 1 15 amber /home/zchen/gpu-forward-progress-tests-suites/test_reduce/variant_609.amber  -d -t spv1.5  >> temp_results.txt 2>&1
P

Generating amber test for: ../reduction_results/rtx_4070/syn_subgroup_op_release/variant_056/variant_056.comp
running test: /home/zchen/gpu-forward-progress-tests-suites/test_reduce/variant_056.amber
timeout -k 1 15 amber /home/zchen/gpu-forward-progress-tests-suites/test_reduce/variant_056.amber  -d -t spv1.5  >> temp_results.txt 2>&1
P

Generating amber test for: ../reduction_results/rtx_4070/syn_subgroup_op_release/variant_180/variant_180.comp
running test: /home/zchen/gpu-forward-progress-tests-suites/test_reduce/variant_180.amber
timeout -k 1 15 amber /home/zchen/gpu-forward-progress-tests-suites/test_reduce/variant_180.amber  -d -t spv1.5  >> temp_results.txt 2>&1
F
--- Error output ---
/home/zchen/gpu-forward-progress-tests-suites/test_reduce/variant_180.amber: -:513: error: 'atomicMin' : Only l-values corresponding to shader block storage or shared variables can be used with atomic memory functions.


Summary of Failures:
  /home/zchen/gpu-forward-progress-tests-suites/test_reduce/variant_180.amber

Summary: 0 pass, 1 fail

--------------------

Generating amber test for: ../reduction_results/rtx_4070/syn_subgroup_op_release/variant_354/variant_354.comp
running test: /home/zchen/gpu-forward-progress-tests-suites/test_reduce/variant_354.amber
timeout -k 1 15 amber /home/zchen/gpu-forward-progress-tests-suites/test_reduce/variant_354.amber  -d -t spv1.5  >> temp_results.txt 2>&1
P

Generating amber test for: ../reduction_results/rtx_4070/syn_subgroup_op_release/variant_445/variant_445.comp
running test: /home/zchen/gpu-forward-progress-tests-suites/test_reduce/variant_445.amber
timeout -k 1 15 amber /home/zchen/gpu-forward-progress-tests-suites/test_reduce/variant_445.amber  -d -t spv1.5  >> temp_results.txt 2>&1
P

Generating amber test for: ../reduction_results/rtx_4070/syn_subgroup_op_release/variant_747/variant_747.comp
running test: /home/zchen/gpu-forward-progress-tests-suites/test_reduce/variant_747.amber
timeout -k 1 15 amber /home/zchen/gpu-forward-progress-tests-suites/test_reduce/variant_747.amber  -d -t spv1.5  >> temp_results.txt 2>&1
P

Generating amber test for: ../reduction_results/rtx_4070/syn_subgroup_op_release/variant_272/variant_272.comp
running test: /home/zchen/gpu-forward-progress-tests-suites/test_reduce/variant_272.amber
timeout -k 1 15 amber /home/zchen/gpu-forward-progress-tests-suites/test_reduce/variant_272.amber  -d -t spv1.5  >> temp_results.txt 2>&1
P

Generating amber test for: ../reduction_results/rtx_4070/syn_subgroup_op_release/variant_479/variant_479.comp
running test: /home/zchen/gpu-forward-progress-tests-suites/test_reduce/variant_479.amber
timeout -k 1 15 amber /home/zchen/gpu-forward-progress-tests-suites/test_reduce/variant_479.amber  -d -t spv1.5  >> temp_results.txt 2>&1
P

Generating amber test for: ../reduction_results/rtx_4070/syn_subgroup_op_release/variant_835/variant_835.comp
running test: /home/zchen/gpu-forward-progress-tests-suites/test_reduce/variant_835.amber
timeout -k 1 15 amber /home/zchen/gpu-forward-progress-tests-suites/test_reduce/variant_835.amber  -d -t spv1.5  >> temp_results.txt 2>&1
F
--- Error output ---
/home/zchen/gpu-forward-progress-tests-suites/test_reduce/variant_835.amber: -:165: error: 'atomicExchange' : Only l-values corresponding to shader block storage or shared variables can be used with atomic memory functions.


Summary of Failures:
  /home/zchen/gpu-forward-progress-tests-suites/test_reduce/variant_835.amber

Summary: 0 pass, 1 fail

--------------------

Generating amber test for: ../reduction_results/rtx_4070/syn_subgroup_op_release/variant_627/variant_627.comp
running test: /home/zchen/gpu-forward-progress-tests-suites/test_reduce/variant_627.amber
timeout -k 1 15 amber /home/zchen/gpu-forward-progress-tests-suites/test_reduce/variant_627.amber  -d -t spv1.5  >> temp_results.txt 2>&1
P

Generating amber test for: ../reduction_results/rtx_4070/syn_subgroup_op_release/variant_417/variant_417.comp
running test: /home/zchen/gpu-forward-progress-tests-suites/test_reduce/variant_417.amber
timeout -k 1 15 amber /home/zchen/gpu-forward-progress-tests-suites/test_reduce/variant_417.amber  -d -t spv1.5  >> temp_results.txt 2>&1
F
--- Error output ---
/home/zchen/gpu-forward-progress-tests-suites/test_reduce/variant_417.amber: -:176: error: 'atomicAnd' : Only l-values corresponding to shader block storage or shared variables can be used with atomic memory functions.


Summary of Failures:
  /home/zchen/gpu-forward-progress-tests-suites/test_reduce/variant_417.amber

Summary: 0 pass, 1 fail

--------------------

Generating amber test for: ../reduction_results/rtx_4070/syn_subgroup_op_release/variant_191/variant_191.comp
running test: /home/zchen/gpu-forward-progress-tests-suites/test_reduce/variant_191.amber
timeout -k 1 15 amber /home/zchen/gpu-forward-progress-tests-suites/test_reduce/variant_191.amber  -d -t spv1.5  >> temp_results.txt 2>&1
F
--- Error output ---
/home/zchen/gpu-forward-progress-tests-suites/test_reduce/variant_191.amber: -:49: error: 'atomicOr' : Only l-values corresponding to shader block storage or shared variables can be used with atomic memory functions.


Summary of Failures:
  /home/zchen/gpu-forward-progress-tests-suites/test_reduce/variant_191.amber

Summary: 0 pass, 1 fail

--------------------

Generating amber test for: ../reduction_results/rtx_4070/syn_subgroup_op_release/variant_136/variant_136.comp
running test: /home/zchen/gpu-forward-progress-tests-suites/test_reduce/variant_136.amber
timeout -k 1 15 amber /home/zchen/gpu-forward-progress-tests-suites/test_reduce/variant_136.amber  -d -t spv1.5  >> temp_results.txt 2>&1
P

Generating amber test for: ../reduction_results/rtx_4070/syn_subgroup_op_release/variant_041/variant_041.comp
running test: /home/zchen/gpu-forward-progress-tests-suites/test_reduce/variant_041.amber
timeout -k 1 15 amber /home/zchen/gpu-forward-progress-tests-suites/test_reduce/variant_041.amber  -d -t spv1.5  >> temp_results.txt 2>&1
P

Generating amber test for: ../reduction_results/rtx_4070/syn_subgroup_op_release/variant_328/variant_328.comp
running test: /home/zchen/gpu-forward-progress-tests-suites/test_reduce/variant_328.amber
timeout -k 1 15 amber /home/zchen/gpu-forward-progress-tests-suites/test_reduce/variant_328.amber  -d -t spv1.5  >> temp_results.txt 2>&1
F
--- Error output ---
/home/zchen/gpu-forward-progress-tests-suites/test_reduce/variant_328.amber: -:114: error: 'atomicExchange' : Only l-values corresponding to shader block storage or shared variables can be used with atomic memory functions.


Summary of Failures:
  /home/zchen/gpu-forward-progress-tests-suites/test_reduce/variant_328.amber

Summary: 0 pass, 1 fail

--------------------

Generating amber test for: ../reduction_results/rtx_4070/syn_subgroup_op_release/variant_584/variant_584.comp
running test: /home/zchen/gpu-forward-progress-tests-suites/test_reduce/variant_584.amber
timeout -k 1 15 amber /home/zchen/gpu-forward-progress-tests-suites/test_reduce/variant_584.amber  -d -t spv1.5  >> temp_results.txt 2>&1
P

Generating amber test for: ../reduction_results/rtx_4070/syn_subgroup_op_release/variant_373/variant_373.comp
running test: /home/zchen/gpu-forward-progress-tests-suites/test_reduce/variant_373.amber
timeout -k 1 15 amber /home/zchen/gpu-forward-progress-tests-suites/test_reduce/variant_373.amber  -d -t spv1.5  >> temp_results.txt 2>&1
P

Generating amber test for: ../reduction_results/rtx_4070/syn_subgroup_op_release/variant_616/variant_616.comp
running test: /home/zchen/gpu-forward-progress-tests-suites/test_reduce/variant_616.amber
timeout -k 1 15 amber /home/zchen/gpu-forward-progress-tests-suites/test_reduce/variant_616.amber  -d -t spv1.5  >> temp_results.txt 2>&1
P

Generating amber test for: ../reduction_results/rtx_4070/syn_subgroup_op_release/variant_998/variant_998.comp
running test: /home/zchen/gpu-forward-progress-tests-suites/test_reduce/variant_998.amber
timeout -k 1 15 amber /home/zchen/gpu-forward-progress-tests-suites/test_reduce/variant_998.amber  -d -t spv1.5  >> temp_results.txt 2>&1
P

Generating amber test for: ../reduction_results/rtx_4070/syn_subgroup_op_release/variant_400/variant_400.comp
running test: /home/zchen/gpu-forward-progress-tests-suites/test_reduce/variant_400.amber
timeout -k 1 15 amber /home/zchen/gpu-forward-progress-tests-suites/test_reduce/variant_400.amber  -d -t spv1.5  >> temp_results.txt 2>&1
P

Generating amber test for: ../reduction_results/rtx_4070/syn_subgroup_op_release/variant_898/variant_898.comp
running test: /home/zchen/gpu-forward-progress-tests-suites/test_reduce/variant_898.amber
timeout -k 1 15 amber /home/zchen/gpu-forward-progress-tests-suites/test_reduce/variant_898.amber  -d -t spv1.5  >> temp_results.txt 2>&1
F
--- Error output ---
/home/zchen/gpu-forward-progress-tests-suites/test_reduce/variant_898.amber: -:131: error: 'atomicAnd' : Only l-values corresponding to shader block storage or shared variables can be used with atomic memory functions.


Summary of Failures:
  /home/zchen/gpu-forward-progress-tests-suites/test_reduce/variant_898.amber

Summary: 0 pass, 1 fail

--------------------

Generating amber test for: ../reduction_results/rtx_4070/syn_subgroup_op_release/variant_811/variant_811.comp
running test: /home/zchen/gpu-forward-progress-tests-suites/test_reduce/variant_811.amber
timeout -k 1 15 amber /home/zchen/gpu-forward-progress-tests-suites/test_reduce/variant_811.amber  -d -t spv1.5  >> temp_results.txt 2>&1
F
--- Error output ---
/home/zchen/gpu-forward-progress-tests-suites/test_reduce/variant_811.amber: -:463: error: 'atomicOr' : Only l-values corresponding to shader block storage or shared variables can be used with atomic memory functions.


Summary of Failures:
  /home/zchen/gpu-forward-progress-tests-suites/test_reduce/variant_811.amber

Summary: 0 pass, 1 fail

--------------------

Generating amber test for: ../reduction_results/rtx_4070/syn_subgroup_op_release/variant_638/variant_638.comp
running test: /home/zchen/gpu-forward-progress-tests-suites/test_reduce/variant_638.amber
timeout -k 1 15 amber /home/zchen/gpu-forward-progress-tests-suites/test_reduce/variant_638.amber  -d -t spv1.5  >> temp_results.txt 2>&1
P

Generating amber test for: ../reduction_results/rtx_4070/syn_subgroup_op_release/variant_514/variant_514.comp
running test: /home/zchen/gpu-forward-progress-tests-suites/test_reduce/variant_514.amber
timeout -k 1 15 amber /home/zchen/gpu-forward-progress-tests-suites/test_reduce/variant_514.amber  -d -t spv1.5  >> temp_results.txt 2>&1
P

Generating amber test for: ../reduction_results/rtx_4070/syn_subgroup_op_release/variant_236/variant_236.comp
running test: /home/zchen/gpu-forward-progress-tests-suites/test_reduce/variant_236.amber
timeout -k 1 15 amber /home/zchen/gpu-forward-progress-tests-suites/test_reduce/variant_236.amber  -d -t spv1.5  >> temp_results.txt 2>&1
F
--- Error output ---
/home/zchen/gpu-forward-progress-tests-suites/test_reduce/variant_236.amber: -:183: error: 'atomicXor' : Only l-values corresponding to shader block storage or shared variables can be used with atomic memory functions.


Summary of Failures:
  /home/zchen/gpu-forward-progress-tests-suites/test_reduce/variant_236.amber

Summary: 0 pass, 1 fail

--------------------

Generating amber test for: ../reduction_results/rtx_4070/syn_subgroup_op_release/variant_546/variant_546.comp
running test: /home/zchen/gpu-forward-progress-tests-suites/test_reduce/variant_546.amber
timeout -k 1 15 amber /home/zchen/gpu-forward-progress-tests-suites/test_reduce/variant_546.amber  -d -t spv1.5  >> temp_results.txt 2>&1
P

Generating amber test for: ../reduction_results/rtx_4070/syn_subgroup_op_release/variant_326/variant_326.comp
running test: /home/zchen/gpu-forward-progress-tests-suites/test_reduce/variant_326.amber
timeout -k 1 15 amber /home/zchen/gpu-forward-progress-tests-suites/test_reduce/variant_326.amber  -d -t spv1.5  >> temp_results.txt 2>&1
P

Generating amber test for: ../reduction_results/rtx_4070/syn_subgroup_op_release/variant_523/variant_523.comp
running test: /home/zchen/gpu-forward-progress-tests-suites/test_reduce/variant_523.amber
timeout -k 1 15 amber /home/zchen/gpu-forward-progress-tests-suites/test_reduce/variant_523.amber  -d -t spv1.5  >> temp_results.txt 2>&1
P

Generating amber test for: ../reduction_results/rtx_4070/syn_subgroup_op_release/variant_300/variant_300.comp
running test: /home/zchen/gpu-forward-progress-tests-suites/test_reduce/variant_300.amber
timeout -k 1 15 amber /home/zchen/gpu-forward-progress-tests-suites/test_reduce/variant_300.amber  -d -t spv1.5  >> temp_results.txt 2>&1
P

Generating amber test for: ../reduction_results/rtx_4070/syn_subgroup_op_release/variant_641/variant_641.comp
running test: /home/zchen/gpu-forward-progress-tests-suites/test_reduce/variant_641.amber
timeout -k 1 15 amber /home/zchen/gpu-forward-progress-tests-suites/test_reduce/variant_641.amber  -d -t spv1.5  >> temp_results.txt 2>&1
F
--- Error output ---
/home/zchen/gpu-forward-progress-tests-suites/test_reduce/variant_641.amber: -:96: error: 'atomicCompSwap' : Only l-values corresponding to shader block storage or shared variables can be used with atomic memory functions.
-:97: error: 'atomicAnd' : Only l-values corresponding to shader block storage or shared variables can be used with atomic memory functions.


Summary of Failures:
  /home/zchen/gpu-forward-progress-tests-suites/test_reduce/variant_641.amber

Summary: 0 pass, 1 fail

--------------------

Generating amber test for: ../reduction_results/rtx_4070/syn_subgroup_op_release/variant_753/variant_753.comp
running test: /home/zchen/gpu-forward-progress-tests-suites/test_reduce/variant_753.amber
timeout -k 1 15 amber /home/zchen/gpu-forward-progress-tests-suites/test_reduce/variant_753.amber  -d -t spv1.5  >> temp_results.txt 2>&1
P

Generating amber test for: ../reduction_results/rtx_4070/syn_subgroup_op_release/variant_305/variant_305.comp
running test: /home/zchen/gpu-forward-progress-tests-suites/test_reduce/variant_305.amber
timeout -k 1 15 amber /home/zchen/gpu-forward-progress-tests-suites/test_reduce/variant_305.amber  -d -t spv1.5  >> temp_results.txt 2>&1
P

Generating amber test for: ../reduction_results/rtx_4070/syn_subgroup_op_release/variant_253/variant_253.comp
running test: /home/zchen/gpu-forward-progress-tests-suites/test_reduce/variant_253.amber
timeout -k 1 15 amber /home/zchen/gpu-forward-progress-tests-suites/test_reduce/variant_253.amber  -d -t spv1.5  >> temp_results.txt 2>&1
P

Generating amber test for: ../reduction_results/rtx_4070/syn_subgroup_op_release/variant_992/variant_992.comp
running test: /home/zchen/gpu-forward-progress-tests-suites/test_reduce/variant_992.amber
timeout -k 1 15 amber /home/zchen/gpu-forward-progress-tests-suites/test_reduce/variant_992.amber  -d -t spv1.5  >> temp_results.txt 2>&1
P

Generating amber test for: ../reduction_results/rtx_4070/syn_subgroup_op_release/variant_202/variant_202.comp
running test: /home/zchen/gpu-forward-progress-tests-suites/test_reduce/variant_202.amber
timeout -k 1 15 amber /home/zchen/gpu-forward-progress-tests-suites/test_reduce/variant_202.amber  -d -t spv1.5  >> temp_results.txt 2>&1
F
--- Error output ---
/home/zchen/gpu-forward-progress-tests-suites/test_reduce/variant_202.amber: -:25: error: 'atomicOr' : Only l-values corresponding to shader block storage or shared variables can be used with atomic memory functions.


Summary of Failures:
  /home/zchen/gpu-forward-progress-tests-suites/test_reduce/variant_202.amber

Summary: 0 pass, 1 fail

--------------------

Generating amber test for: ../reduction_results/rtx_4070/syn_subgroup_op_release/variant_465/variant_465.comp
running test: /home/zchen/gpu-forward-progress-tests-suites/test_reduce/variant_465.amber
timeout -k 1 15 amber /home/zchen/gpu-forward-progress-tests-suites/test_reduce/variant_465.amber  -d -t spv1.5  >> temp_results.txt 2>&1
P

Generating amber test for: ../reduction_results/rtx_4070/syn_subgroup_op_release/variant_362/variant_362.comp
running test: /home/zchen/gpu-forward-progress-tests-suites/test_reduce/variant_362.amber
timeout -k 1 15 amber /home/zchen/gpu-forward-progress-tests-suites/test_reduce/variant_362.amber  -d -t spv1.5  >> temp_results.txt 2>&1
P

Generating amber test for: ../reduction_results/rtx_4070/syn_subgroup_op_release/variant_813/variant_813.comp
running test: /home/zchen/gpu-forward-progress-tests-suites/test_reduce/variant_813.amber
timeout -k 1 15 amber /home/zchen/gpu-forward-progress-tests-suites/test_reduce/variant_813.amber  -d -t spv1.5  >> temp_results.txt 2>&1
P

Generating amber test for: ../reduction_results/rtx_4070/syn_subgroup_op_release/variant_322/variant_322.comp
running test: /home/zchen/gpu-forward-progress-tests-suites/test_reduce/variant_322.amber
timeout -k 1 15 amber /home/zchen/gpu-forward-progress-tests-suites/test_reduce/variant_322.amber  -d -t spv1.5  >> temp_results.txt 2>&1
P

Generating amber test for: ../reduction_results/rtx_4070/syn_subgroup_op_release/variant_952/variant_952.comp
running test: /home/zchen/gpu-forward-progress-tests-suites/test_reduce/variant_952.amber
timeout -k 1 15 amber /home/zchen/gpu-forward-progress-tests-suites/test_reduce/variant_952.amber  -d -t spv1.5  >> temp_results.txt 2>&1
F
--- Error output ---
/home/zchen/gpu-forward-progress-tests-suites/test_reduce/variant_952.amber: -:25: error: 'atomicAdd' : Only l-values corresponding to shader block storage or shared variables can be used with atomic memory functions.
-:25: error: 'atomicCompSwap' : Only l-values corresponding to shader block storage or shared variables can be used with atomic memory functions.


Summary of Failures:
  /home/zchen/gpu-forward-progress-tests-suites/test_reduce/variant_952.amber

Summary: 0 pass, 1 fail

--------------------

Generating amber test for: ../reduction_results/rtx_4070/syn_subgroup_op_release/variant_458/variant_458.comp
running test: /home/zchen/gpu-forward-progress-tests-suites/test_reduce/variant_458.amber
timeout -k 1 15 amber /home/zchen/gpu-forward-progress-tests-suites/test_reduce/variant_458.amber  -d -t spv1.5  >> temp_results.txt 2>&1
F
--- Error output ---
/home/zchen/gpu-forward-progress-tests-suites/test_reduce/variant_458.amber: -:22: error: 'atomicAnd' : Only l-values corresponding to shader block storage or shared variables can be used with atomic memory functions.
-:27: error: 'atomicAnd' : Only l-values corresponding to shader block storage or shared variables can be used with atomic memory functions.


Summary of Failures:
  /home/zchen/gpu-forward-progress-tests-suites/test_reduce/variant_458.amber

Summary: 0 pass, 1 fail

--------------------

Generating amber test for: ../reduction_results/rtx_4070/syn_subgroup_op_release/variant_116/variant_116.comp
running test: /home/zchen/gpu-forward-progress-tests-suites/test_reduce/variant_116.amber
timeout -k 1 15 amber /home/zchen/gpu-forward-progress-tests-suites/test_reduce/variant_116.amber  -d -t spv1.5  >> temp_results.txt 2>&1
F
--- Error output ---
/home/zchen/gpu-forward-progress-tests-suites/test_reduce/variant_116.amber: -:57: error: 'atomicAdd' : Only l-values corresponding to shader block storage or shared variables can be used with atomic memory functions.


Summary of Failures:
  /home/zchen/gpu-forward-progress-tests-suites/test_reduce/variant_116.amber

Summary: 0 pass, 1 fail

--------------------

Generating amber test for: ../reduction_results/rtx_4070/syn_subgroup_op_release/variant_997/variant_997.comp
running test: /home/zchen/gpu-forward-progress-tests-suites/test_reduce/variant_997.amber
timeout -k 1 15 amber /home/zchen/gpu-forward-progress-tests-suites/test_reduce/variant_997.amber  -d -t spv1.5  >> temp_results.txt 2>&1
F
--- Error output ---
/home/zchen/gpu-forward-progress-tests-suites/test_reduce/variant_997.amber: -:27: error: 'atomicXor' : Only l-values corresponding to shader block storage or shared variables can be used with atomic memory functions.


Summary of Failures:
  /home/zchen/gpu-forward-progress-tests-suites/test_reduce/variant_997.amber

Summary: 0 pass, 1 fail

--------------------

Generating amber test for: ../reduction_results/rtx_4070/syn_subgroup_op_release/variant_429/variant_429.comp
running test: /home/zchen/gpu-forward-progress-tests-suites/test_reduce/variant_429.amber
timeout -k 1 15 amber /home/zchen/gpu-forward-progress-tests-suites/test_reduce/variant_429.amber  -d -t spv1.5  >> temp_results.txt 2>&1
P

Generating amber test for: ../reduction_results/rtx_4070/syn_subgroup_op_release/variant_750/variant_750.comp
running test: /home/zchen/gpu-forward-progress-tests-suites/test_reduce/variant_750.amber
timeout -k 1 15 amber /home/zchen/gpu-forward-progress-tests-suites/test_reduce/variant_750.amber  -d -t spv1.5  >> temp_results.txt 2>&1
F
--- Error output ---
/home/zchen/gpu-forward-progress-tests-suites/test_reduce/variant_750.amber: -:73: error: 'atomicCompSwap' : Only l-values corresponding to shader block storage or shared variables can be used with atomic memory functions.


Summary of Failures:
  /home/zchen/gpu-forward-progress-tests-suites/test_reduce/variant_750.amber

Summary: 0 pass, 1 fail

--------------------

Generating amber test for: ../reduction_results/rtx_4070/syn_subgroup_op_release/variant_669/variant_669.comp
running test: /home/zchen/gpu-forward-progress-tests-suites/test_reduce/variant_669.amber
timeout -k 1 15 amber /home/zchen/gpu-forward-progress-tests-suites/test_reduce/variant_669.amber  -d -t spv1.5  >> temp_results.txt 2>&1
F
--- Error output ---
/home/zchen/gpu-forward-progress-tests-suites/test_reduce/variant_669.amber: -:190: error: 'atomicAdd' : Only l-values corresponding to shader block storage or shared variables can be used with atomic memory functions.


Summary of Failures:
  /home/zchen/gpu-forward-progress-tests-suites/test_reduce/variant_669.amber

Summary: 0 pass, 1 fail

--------------------

Generating amber test for: ../reduction_results/rtx_4070/syn_subgroup_op_release/variant_925/variant_925.comp
running test: /home/zchen/gpu-forward-progress-tests-suites/test_reduce/variant_925.amber
timeout -k 1 15 amber /home/zchen/gpu-forward-progress-tests-suites/test_reduce/variant_925.amber  -d -t spv1.5  >> temp_results.txt 2>&1
P

Generating amber test for: ../reduction_results/rtx_4070/syn_subgroup_op_release/variant_123/variant_123.comp
running test: /home/zchen/gpu-forward-progress-tests-suites/test_reduce/variant_123.amber
timeout -k 1 15 amber /home/zchen/gpu-forward-progress-tests-suites/test_reduce/variant_123.amber  -d -t spv1.5  >> temp_results.txt 2>&1
F
--- Error output ---
/home/zchen/gpu-forward-progress-tests-suites/test_reduce/variant_123.amber: -:22: error: 'atomicOr' : Only l-values corresponding to shader block storage or shared variables can be used with atomic memory functions.


Summary of Failures:
  /home/zchen/gpu-forward-progress-tests-suites/test_reduce/variant_123.amber

Summary: 0 pass, 1 fail

--------------------

Generating amber test for: ../reduction_results/rtx_4070/syn_subgroup_op_release/variant_464/variant_464.comp
running test: /home/zchen/gpu-forward-progress-tests-suites/test_reduce/variant_464.amber
timeout -k 1 15 amber /home/zchen/gpu-forward-progress-tests-suites/test_reduce/variant_464.amber  -d -t spv1.5  >> temp_results.txt 2>&1
F
--- Error output ---
/home/zchen/gpu-forward-progress-tests-suites/test_reduce/variant_464.amber: -:1495: error: 'atomicAnd' : Only l-values corresponding to shader block storage or shared variables can be used with atomic memory functions.


Summary of Failures:
  /home/zchen/gpu-forward-progress-tests-suites/test_reduce/variant_464.amber

Summary: 0 pass, 1 fail

--------------------


Finished running tests!

writing simple ascii table to:
results/syn_subgroup_op_release/simple_final_results-2025-04-15.txt

writing iteration-based ascii table to:
results/syn_subgroup_op_release/iteration_based_final_results-2025-04-15.txt

writing simple csv table to:
results/syn_subgroup_op_release/simple_final_results-2025-04-15.csv

writing simple csv table to:
results/syn_subgroup_op_release/simple_final_results-2025-04-15.csv

writing colored html table to:
results/syn_subgroup_op_release/html-colored-table2025-04-15.html


Execution time (s):
154.7500171661377
