Date and Time:
17/04/2025 13:54:34
Computer:
shrike

storing vulkaninfo to: results/syn_lock_step/vulkaninfo.txt

Generating amber test for: ../reduction_results/rtx_4070/syn_lock_step/variant_515/variant_515.comp
running test: /home/zchen/gpu-forward-progress-tests-suites/test_reduce/variant_515.amber
timeout -k 1 15 amber /home/zchen/gpu-forward-progress-tests-suites/test_reduce/variant_515.amber  -d -t spv1.5  >> temp_results.txt 2>&1
I (ignored error)
--- Ignored error output ---
/home/zchen/gpu-forward-progress-tests-suites/test_reduce/variant_515.amber: -:24: error: 'atomicAnd' : Only l-values corresponding to shader block storage or shared variables can be used with atomic memory functions.


Summary of Failures:
  /home/zchen/gpu-forward-progress-tests-suites/test_reduce/variant_515.amber

Summary: 0 pass, 1 fail
----------------------------

Generating amber test for: ../reduction_results/rtx_4070/syn_lock_step/variant_499/variant_499.comp
running test: /home/zchen/gpu-forward-progress-tests-suites/test_reduce/variant_499.amber
timeout -k 1 15 amber /home/zchen/gpu-forward-progress-tests-suites/test_reduce/variant_499.amber  -d -t spv1.5  >> temp_results.txt 2>&1
I (ignored error)
--- Ignored error output ---
/home/zchen/gpu-forward-progress-tests-suites/test_reduce/variant_499.amber: -:163: error: 'atomicXor' : Only l-values corresponding to shader block storage or shared variables can be used with atomic memory functions.


Summary of Failures:
  /home/zchen/gpu-forward-progress-tests-suites/test_reduce/variant_499.amber

Summary: 0 pass, 1 fail
----------------------------

Generating amber test for: ../reduction_results/rtx_4070/syn_lock_step/variant_092/variant_092.comp
running test: /home/zchen/gpu-forward-progress-tests-suites/test_reduce/variant_092.amber
timeout -k 1 15 amber /home/zchen/gpu-forward-progress-tests-suites/test_reduce/variant_092.amber  -d -t spv1.5  >> temp_results.txt 2>&1
I (ignored error)
--- Ignored error output ---
/home/zchen/gpu-forward-progress-tests-suites/test_reduce/variant_092.amber: -:23: error: 'atomicExchange' : Only l-values corresponding to shader block storage or shared variables can be used with atomic memory functions.


Summary of Failures:
  /home/zchen/gpu-forward-progress-tests-suites/test_reduce/variant_092.amber

Summary: 0 pass, 1 fail
----------------------------

Generating amber test for: ../reduction_results/rtx_4070/syn_lock_step/variant_168/variant_168.comp
running test: /home/zchen/gpu-forward-progress-tests-suites/test_reduce/variant_168.amber
timeout -k 1 15 amber /home/zchen/gpu-forward-progress-tests-suites/test_reduce/variant_168.amber  -d -t spv1.5  >> temp_results.txt 2>&1
I (ignored error)
--- Ignored error output ---
/home/zchen/gpu-forward-progress-tests-suites/test_reduce/variant_168.amber: -:24: error: 'atomicMax' : Only l-values corresponding to shader block storage or shared variables can be used with atomic memory functions.


Summary of Failures:
  /home/zchen/gpu-forward-progress-tests-suites/test_reduce/variant_168.amber

Summary: 0 pass, 1 fail
----------------------------

Generating amber test for: ../reduction_results/rtx_4070/syn_lock_step/variant_889/variant_889.comp
running test: /home/zchen/gpu-forward-progress-tests-suites/test_reduce/variant_889.amber
timeout -k 1 15 amber /home/zchen/gpu-forward-progress-tests-suites/test_reduce/variant_889.amber  -d -t spv1.5  >> temp_results.txt 2>&1
I (ignored error)
--- Ignored error output ---
/home/zchen/gpu-forward-progress-tests-suites/test_reduce/variant_889.amber: -:19: error: 'atomicAdd' : Only l-values corresponding to shader block storage or shared variables can be used with atomic memory functions.


Summary of Failures:
  /home/zchen/gpu-forward-progress-tests-suites/test_reduce/variant_889.amber

Summary: 0 pass, 1 fail
----------------------------

Generating amber test for: ../reduction_results/rtx_4070/syn_lock_step/variant_562/variant_562.comp
running test: /home/zchen/gpu-forward-progress-tests-suites/test_reduce/variant_562.amber
timeout -k 1 15 amber /home/zchen/gpu-forward-progress-tests-suites/test_reduce/variant_562.amber  -d -t spv1.5  >> temp_results.txt 2>&1
I (ignored error)
--- Ignored error output ---
/home/zchen/gpu-forward-progress-tests-suites/test_reduce/variant_562.amber: -:1256: error: 'atomicXor' : Only l-values corresponding to shader block storage or shared variables can be used with atomic memory functions.


Summary of Failures:
  /home/zchen/gpu-forward-progress-tests-suites/test_reduce/variant_562.amber

Summary: 0 pass, 1 fail
----------------------------

Generating amber test for: ../reduction_results/rtx_4070/syn_lock_step/variant_493/variant_493.comp
running test: /home/zchen/gpu-forward-progress-tests-suites/test_reduce/variant_493.amber
timeout -k 1 15 amber /home/zchen/gpu-forward-progress-tests-suites/test_reduce/variant_493.amber  -d -t spv1.5  >> temp_results.txt 2>&1
I (ignored error)
--- Ignored error output ---
/home/zchen/gpu-forward-progress-tests-suites/test_reduce/variant_493.amber: -:86: error: 'atomicOr' : Only l-values corresponding to shader block storage or shared variables can be used with atomic memory functions.
-:87: error: 'atomicAnd' : Only l-values corresponding to shader block storage or shared variables can be used with atomic memory functions.


Summary of Failures:
  /home/zchen/gpu-forward-progress-tests-suites/test_reduce/variant_493.amber

Summary: 0 pass, 1 fail
----------------------------

Generating amber test for: ../reduction_results/rtx_4070/syn_lock_step/variant_318/variant_318.comp
running test: /home/zchen/gpu-forward-progress-tests-suites/test_reduce/variant_318.amber
timeout -k 1 15 amber /home/zchen/gpu-forward-progress-tests-suites/test_reduce/variant_318.amber  -d -t spv1.5  >> temp_results.txt 2>&1
I (ignored error)
--- Ignored error output ---
/home/zchen/gpu-forward-progress-tests-suites/test_reduce/variant_318.amber: -:752: error: 'atomicExchange' : Only l-values corresponding to shader block storage or shared variables can be used with atomic memory functions.


Summary of Failures:
  /home/zchen/gpu-forward-progress-tests-suites/test_reduce/variant_318.amber

Summary: 0 pass, 1 fail
----------------------------

Generating amber test for: ../reduction_results/rtx_4070/syn_lock_step/variant_635/variant_635.comp
running test: /home/zchen/gpu-forward-progress-tests-suites/test_reduce/variant_635.amber
timeout -k 1 15 amber /home/zchen/gpu-forward-progress-tests-suites/test_reduce/variant_635.amber  -d -t spv1.5  >> temp_results.txt 2>&1
I (ignored error)
--- Ignored error output ---
/home/zchen/gpu-forward-progress-tests-suites/test_reduce/variant_635.amber: -:22: error: 'atomicCompSwap' : Only l-values corresponding to shader block storage or shared variables can be used with atomic memory functions.


Summary of Failures:
  /home/zchen/gpu-forward-progress-tests-suites/test_reduce/variant_635.amber

Summary: 0 pass, 1 fail
----------------------------

Generating amber test for: ../reduction_results/rtx_4070/syn_lock_step/variant_773/variant_773.comp
running test: /home/zchen/gpu-forward-progress-tests-suites/test_reduce/variant_773.amber
timeout -k 1 15 amber /home/zchen/gpu-forward-progress-tests-suites/test_reduce/variant_773.amber  -d -t spv1.5  >> temp_results.txt 2>&1
I (ignored error)
--- Ignored error output ---
/home/zchen/gpu-forward-progress-tests-suites/test_reduce/variant_773.amber: -:124: error: 'atomicExchange' : Only l-values corresponding to shader block storage or shared variables can be used with atomic memory functions.


Summary of Failures:
  /home/zchen/gpu-forward-progress-tests-suites/test_reduce/variant_773.amber

Summary: 0 pass, 1 fail
----------------------------

Generating amber test for: ../reduction_results/rtx_4070/syn_lock_step/variant_160/variant_160.comp
running test: /home/zchen/gpu-forward-progress-tests-suites/test_reduce/variant_160.amber
timeout -k 1 15 amber /home/zchen/gpu-forward-progress-tests-suites/test_reduce/variant_160.amber  -d -t spv1.5  >> temp_results.txt 2>&1
I (ignored error)
--- Ignored error output ---
/home/zchen/gpu-forward-progress-tests-suites/test_reduce/variant_160.amber: -:31: error: 'atomicExchange' : Only l-values corresponding to shader block storage or shared variables can be used with atomic memory functions.


Summary of Failures:
  /home/zchen/gpu-forward-progress-tests-suites/test_reduce/variant_160.amber

Summary: 0 pass, 1 fail
----------------------------

Generating amber test for: ../reduction_results/rtx_4070/syn_lock_step/variant_943/variant_943.comp
running test: /home/zchen/gpu-forward-progress-tests-suites/test_reduce/variant_943.amber
timeout -k 1 15 amber /home/zchen/gpu-forward-progress-tests-suites/test_reduce/variant_943.amber  -d -t spv1.5  >> temp_results.txt 2>&1
I (ignored error)
--- Ignored error output ---
/home/zchen/gpu-forward-progress-tests-suites/test_reduce/variant_943.amber: -:26: error: 'atomicExchange' : Only l-values corresponding to shader block storage or shared variables can be used with atomic memory functions.
-:26: error: 'atomicAnd' : Only l-values corresponding to shader block storage or shared variables can be used with atomic memory functions.


Summary of Failures:
  /home/zchen/gpu-forward-progress-tests-suites/test_reduce/variant_943.amber

Summary: 0 pass, 1 fail
----------------------------

Generating amber test for: ../reduction_results/rtx_4070/syn_lock_step/variant_252/variant_252.comp
running test: /home/zchen/gpu-forward-progress-tests-suites/test_reduce/variant_252.amber
timeout -k 1 15 amber /home/zchen/gpu-forward-progress-tests-suites/test_reduce/variant_252.amber  -d -t spv1.5  >> temp_results.txt 2>&1
I (ignored error)
--- Ignored error output ---
/home/zchen/gpu-forward-progress-tests-suites/test_reduce/variant_252.amber: -:56: error: 'atomicAdd' : Only l-values corresponding to shader block storage or shared variables can be used with atomic memory functions.
-:56: error: 'atomicMax' : Only l-values corresponding to shader block storage or shared variables can be used with atomic memory functions.


Summary of Failures:
  /home/zchen/gpu-forward-progress-tests-suites/test_reduce/variant_252.amber

Summary: 0 pass, 1 fail
----------------------------

Generating amber test for: ../reduction_results/rtx_4070/syn_lock_step/variant_039/variant_039.comp
running test: /home/zchen/gpu-forward-progress-tests-suites/test_reduce/variant_039.amber
timeout -k 1 15 amber /home/zchen/gpu-forward-progress-tests-suites/test_reduce/variant_039.amber  -d -t spv1.5  >> temp_results.txt 2>&1
I (ignored error)
--- Ignored error output ---
/home/zchen/gpu-forward-progress-tests-suites/test_reduce/variant_039.amber: -:20: error: 'atomicMin' : Only l-values corresponding to shader block storage or shared variables can be used with atomic memory functions.


Summary of Failures:
  /home/zchen/gpu-forward-progress-tests-suites/test_reduce/variant_039.amber

Summary: 0 pass, 1 fail
----------------------------

Generating amber test for: ../reduction_results/rtx_4070/syn_lock_step/variant_285/variant_285.comp
running test: /home/zchen/gpu-forward-progress-tests-suites/test_reduce/variant_285.amber
timeout -k 1 15 amber /home/zchen/gpu-forward-progress-tests-suites/test_reduce/variant_285.amber  -d -t spv1.5  >> temp_results.txt 2>&1
I (ignored error)
--- Ignored error output ---
/home/zchen/gpu-forward-progress-tests-suites/test_reduce/variant_285.amber: -:24: error: 'atomicMax' : Only l-values corresponding to shader block storage or shared variables can be used with atomic memory functions.


Summary of Failures:
  /home/zchen/gpu-forward-progress-tests-suites/test_reduce/variant_285.amber

Summary: 0 pass, 1 fail
----------------------------

Generating amber test for: ../reduction_results/rtx_4070/syn_lock_step/variant_748/variant_748.comp
running test: /home/zchen/gpu-forward-progress-tests-suites/test_reduce/variant_748.amber
timeout -k 1 15 amber /home/zchen/gpu-forward-progress-tests-suites/test_reduce/variant_748.amber  -d -t spv1.5  >> temp_results.txt 2>&1
I (ignored error)
--- Ignored error output ---
/home/zchen/gpu-forward-progress-tests-suites/test_reduce/variant_748.amber: -:23: error: 'atomicAnd' : Only l-values corresponding to shader block storage or shared variables can be used with atomic memory functions.


Summary of Failures:
  /home/zchen/gpu-forward-progress-tests-suites/test_reduce/variant_748.amber

Summary: 0 pass, 1 fail
----------------------------

Generating amber test for: ../reduction_results/rtx_4070/syn_lock_step/variant_346/variant_346.comp
running test: /home/zchen/gpu-forward-progress-tests-suites/test_reduce/variant_346.amber
timeout -k 1 15 amber /home/zchen/gpu-forward-progress-tests-suites/test_reduce/variant_346.amber  -d -t spv1.5  >> temp_results.txt 2>&1
I (ignored error)
--- Ignored error output ---
/home/zchen/gpu-forward-progress-tests-suites/test_reduce/variant_346.amber: -:24: error: 'atomicMin' : Only l-values corresponding to shader block storage or shared variables can be used with atomic memory functions.


Summary of Failures:
  /home/zchen/gpu-forward-progress-tests-suites/test_reduce/variant_346.amber

Summary: 0 pass, 1 fail
----------------------------

Generating amber test for: ../reduction_results/rtx_4070/syn_lock_step/variant_074/variant_074.comp
running test: /home/zchen/gpu-forward-progress-tests-suites/test_reduce/variant_074.amber
timeout -k 1 15 amber /home/zchen/gpu-forward-progress-tests-suites/test_reduce/variant_074.amber  -d -t spv1.5  >> temp_results.txt 2>&1
I (ignored error)
--- Ignored error output ---
/home/zchen/gpu-forward-progress-tests-suites/test_reduce/variant_074.amber: -:25: error: 'atomicOr' : Only l-values corresponding to shader block storage or shared variables can be used with atomic memory functions.


Summary of Failures:
  /home/zchen/gpu-forward-progress-tests-suites/test_reduce/variant_074.amber

Summary: 0 pass, 1 fail
----------------------------

Generating amber test for: ../reduction_results/rtx_4070/syn_lock_step/variant_725/variant_725.comp
running test: /home/zchen/gpu-forward-progress-tests-suites/test_reduce/variant_725.amber
timeout -k 1 15 amber /home/zchen/gpu-forward-progress-tests-suites/test_reduce/variant_725.amber  -d -t spv1.5  >> temp_results.txt 2>&1
I (ignored error)
--- Ignored error output ---
/home/zchen/gpu-forward-progress-tests-suites/test_reduce/variant_725.amber: -:22: error: 'atomicCompSwap' : Only l-values corresponding to shader block storage or shared variables can be used with atomic memory functions.


Summary of Failures:
  /home/zchen/gpu-forward-progress-tests-suites/test_reduce/variant_725.amber

Summary: 0 pass, 1 fail
----------------------------

Generating amber test for: ../reduction_results/rtx_4070/syn_lock_step/variant_517/variant_517.comp
running test: /home/zchen/gpu-forward-progress-tests-suites/test_reduce/variant_517.amber
timeout -k 1 15 amber /home/zchen/gpu-forward-progress-tests-suites/test_reduce/variant_517.amber  -d -t spv1.5  >> temp_results.txt 2>&1
I (ignored error)
--- Ignored error output ---
/home/zchen/gpu-forward-progress-tests-suites/test_reduce/variant_517.amber: -:28: error: 'atomicExchange' : Only l-values corresponding to shader block storage or shared variables can be used with atomic memory functions.


Summary of Failures:
  /home/zchen/gpu-forward-progress-tests-suites/test_reduce/variant_517.amber

Summary: 0 pass, 1 fail
----------------------------

Generating amber test for: ../reduction_results/rtx_4070/syn_lock_step/variant_116/variant_116.comp
running test: /home/zchen/gpu-forward-progress-tests-suites/test_reduce/variant_116.amber
timeout -k 1 15 amber /home/zchen/gpu-forward-progress-tests-suites/test_reduce/variant_116.amber  -d -t spv1.5  >> temp_results.txt 2>&1
I (ignored error)
--- Ignored error output ---
/home/zchen/gpu-forward-progress-tests-suites/test_reduce/variant_116.amber: -:233: error: 'atomicXor' : Only l-values corresponding to shader block storage or shared variables can be used with atomic memory functions.


Summary of Failures:
  /home/zchen/gpu-forward-progress-tests-suites/test_reduce/variant_116.amber

Summary: 0 pass, 1 fail
----------------------------

Generating amber test for: ../reduction_results/rtx_4070/syn_lock_step/variant_651/variant_651.comp
running test: /home/zchen/gpu-forward-progress-tests-suites/test_reduce/variant_651.amber
timeout -k 1 15 amber /home/zchen/gpu-forward-progress-tests-suites/test_reduce/variant_651.amber  -d -t spv1.5  >> temp_results.txt 2>&1
I (ignored error)
--- Ignored error output ---
/home/zchen/gpu-forward-progress-tests-suites/test_reduce/variant_651.amber: -:23: error: 'atomicCompSwap' : Only l-values corresponding to shader block storage or shared variables can be used with atomic memory functions.


Summary of Failures:
  /home/zchen/gpu-forward-progress-tests-suites/test_reduce/variant_651.amber

Summary: 0 pass, 1 fail
----------------------------

Generating amber test for: ../reduction_results/rtx_4070/syn_lock_step/variant_728/variant_728.comp
running test: /home/zchen/gpu-forward-progress-tests-suites/test_reduce/variant_728.amber
timeout -k 1 15 amber /home/zchen/gpu-forward-progress-tests-suites/test_reduce/variant_728.amber  -d -t spv1.5  >> temp_results.txt 2>&1
I (ignored error)
--- Ignored error output ---
/home/zchen/gpu-forward-progress-tests-suites/test_reduce/variant_728.amber: -:28: error: 'atomicMin' : Only l-values corresponding to shader block storage or shared variables can be used with atomic memory functions.


Summary of Failures:
  /home/zchen/gpu-forward-progress-tests-suites/test_reduce/variant_728.amber

Summary: 0 pass, 1 fail
----------------------------

Generating amber test for: ../reduction_results/rtx_4070/syn_lock_step/variant_352/variant_352.comp
running test: /home/zchen/gpu-forward-progress-tests-suites/test_reduce/variant_352.amber
timeout -k 1 15 amber /home/zchen/gpu-forward-progress-tests-suites/test_reduce/variant_352.amber  -d -t spv1.5  >> temp_results.txt 2>&1
I (ignored error)
--- Ignored error output ---
/home/zchen/gpu-forward-progress-tests-suites/test_reduce/variant_352.amber: -:316: error: 'atomicAdd' : Only l-values corresponding to shader block storage or shared variables can be used with atomic memory functions.


Summary of Failures:
  /home/zchen/gpu-forward-progress-tests-suites/test_reduce/variant_352.amber

Summary: 0 pass, 1 fail
----------------------------

Generating amber test for: ../reduction_results/rtx_4070/syn_lock_step/variant_750/variant_750.comp
running test: /home/zchen/gpu-forward-progress-tests-suites/test_reduce/variant_750.amber
timeout -k 1 15 amber /home/zchen/gpu-forward-progress-tests-suites/test_reduce/variant_750.amber  -d -t spv1.5  >> temp_results.txt 2>&1
I (ignored error)
--- Ignored error output ---
/home/zchen/gpu-forward-progress-tests-suites/test_reduce/variant_750.amber: -:32: error: 'atomicAnd' : Only l-values corresponding to shader block storage or shared variables can be used with atomic memory functions.


Summary of Failures:
  /home/zchen/gpu-forward-progress-tests-suites/test_reduce/variant_750.amber

Summary: 0 pass, 1 fail
----------------------------

Generating amber test for: ../reduction_results/rtx_4070/syn_lock_step/variant_606/variant_606.comp
running test: /home/zchen/gpu-forward-progress-tests-suites/test_reduce/variant_606.amber
timeout -k 1 15 amber /home/zchen/gpu-forward-progress-tests-suites/test_reduce/variant_606.amber  -d -t spv1.5  >> temp_results.txt 2>&1
I (ignored error)
--- Ignored error output ---
/home/zchen/gpu-forward-progress-tests-suites/test_reduce/variant_606.amber: -:24: error: 'atomicMax' : Only l-values corresponding to shader block storage or shared variables can be used with atomic memory functions.


Summary of Failures:
  /home/zchen/gpu-forward-progress-tests-suites/test_reduce/variant_606.amber

Summary: 0 pass, 1 fail
----------------------------

Generating amber test for: ../reduction_results/rtx_4070/syn_lock_step/variant_048/variant_048.comp
running test: /home/zchen/gpu-forward-progress-tests-suites/test_reduce/variant_048.amber
timeout -k 1 15 amber /home/zchen/gpu-forward-progress-tests-suites/test_reduce/variant_048.amber  -d -t spv1.5  >> temp_results.txt 2>&1
I (ignored error)
--- Ignored error output ---
/home/zchen/gpu-forward-progress-tests-suites/test_reduce/variant_048.amber: -:21: error: 'atomicAdd' : Only l-values corresponding to shader block storage or shared variables can be used with atomic memory functions.


Summary of Failures:
  /home/zchen/gpu-forward-progress-tests-suites/test_reduce/variant_048.amber

Summary: 0 pass, 1 fail
----------------------------

Legend: P = Passed, F = Failed, I = Ignored known error

Finished running tests!

writing simple ascii table to:
results/syn_lock_step/simple_final_results-2025-04-17.txt

writing iteration-based ascii table to:
results/syn_lock_step/iteration_based_final_results-2025-04-17.txt

writing simple csv table to:
results/syn_lock_step/simple_final_results-2025-04-17.csv

writing simple csv table to:
results/syn_lock_step/simple_final_results-2025-04-17.csv

writing colored html table to:
results/syn_lock_step/html-colored-table2025-04-17.html


Execution time (s):
37.36048126220703
