Date and Time:
17/04/2025 13:58:45
Computer:
waterthrush

storing vulkaninfo to: results/syn_subgroup_op_release/vulkaninfo.txt

Generating amber test for: ../reduction_results/cezanne_radeon_vega/syn_subgroup_op_release/variant_811/variant_811.comp
running test: /home/zchen/gpu-forward-progress-tests-suites/test_reduce/variant_811.amber
timeout -k 1 15 amber /home/zchen/gpu-forward-progress-tests-suites/test_reduce/variant_811.amber  -d -t spv1.5  >> temp_results.txt 2>&1
I (ignored error)
--- Ignored error output ---
/home/zchen/gpu-forward-progress-tests-suites/test_reduce/variant_811.amber: -:463: error: 'atomicOr' : Only l-values corresponding to shader block storage or shared variables can be used with atomic memory functions.


Summary of Failures:
  /home/zchen/gpu-forward-progress-tests-suites/test_reduce/variant_811.amber

Summary: 0 pass, 1 fail
----------------------------

Generating amber test for: ../reduction_results/cezanne_radeon_vega/syn_subgroup_op_release/variant_191/variant_191.comp
running test: /home/zchen/gpu-forward-progress-tests-suites/test_reduce/variant_191.amber
timeout -k 1 15 amber /home/zchen/gpu-forward-progress-tests-suites/test_reduce/variant_191.amber  -d -t spv1.5  >> temp_results.txt 2>&1
I (ignored error)
--- Ignored error output ---
/home/zchen/gpu-forward-progress-tests-suites/test_reduce/variant_191.amber: -:49: error: 'atomicOr' : Only l-values corresponding to shader block storage or shared variables can be used with atomic memory functions.


Summary of Failures:
  /home/zchen/gpu-forward-progress-tests-suites/test_reduce/variant_191.amber

Summary: 0 pass, 1 fail
----------------------------

Generating amber test for: ../reduction_results/cezanne_radeon_vega/syn_subgroup_op_release/variant_458/variant_458.comp
running test: /home/zchen/gpu-forward-progress-tests-suites/test_reduce/variant_458.amber
timeout -k 1 15 amber /home/zchen/gpu-forward-progress-tests-suites/test_reduce/variant_458.amber  -d -t spv1.5  >> temp_results.txt 2>&1
I (ignored error)
--- Ignored error output ---
/home/zchen/gpu-forward-progress-tests-suites/test_reduce/variant_458.amber: -:22: error: 'atomicAnd' : Only l-values corresponding to shader block storage or shared variables can be used with atomic memory functions.
-:27: error: 'atomicAnd' : Only l-values corresponding to shader block storage or shared variables can be used with atomic memory functions.


Summary of Failures:
  /home/zchen/gpu-forward-progress-tests-suites/test_reduce/variant_458.amber

Summary: 0 pass, 1 fail
----------------------------

Generating amber test for: ../reduction_results/cezanne_radeon_vega/syn_subgroup_op_release/variant_338/variant_338.comp
running test: /home/zchen/gpu-forward-progress-tests-suites/test_reduce/variant_338.amber
timeout -k 1 15 amber /home/zchen/gpu-forward-progress-tests-suites/test_reduce/variant_338.amber  -d -t spv1.5  >> temp_results.txt 2>&1
I (ignored error)
--- Ignored error output ---
/home/zchen/gpu-forward-progress-tests-suites/test_reduce/variant_338.amber: -:894: error: 'atomicMax' : Only l-values corresponding to shader block storage or shared variables can be used with atomic memory functions.


Summary of Failures:
  /home/zchen/gpu-forward-progress-tests-suites/test_reduce/variant_338.amber

Summary: 0 pass, 1 fail
----------------------------

Generating amber test for: ../reduction_results/cezanne_radeon_vega/syn_subgroup_op_release/variant_328/variant_328.comp
running test: /home/zchen/gpu-forward-progress-tests-suites/test_reduce/variant_328.amber
timeout -k 1 15 amber /home/zchen/gpu-forward-progress-tests-suites/test_reduce/variant_328.amber  -d -t spv1.5  >> temp_results.txt 2>&1
I (ignored error)
--- Ignored error output ---
/home/zchen/gpu-forward-progress-tests-suites/test_reduce/variant_328.amber: -:114: error: 'atomicExchange' : Only l-values corresponding to shader block storage or shared variables can be used with atomic memory functions.


Summary of Failures:
  /home/zchen/gpu-forward-progress-tests-suites/test_reduce/variant_328.amber

Summary: 0 pass, 1 fail
----------------------------

Generating amber test for: ../reduction_results/cezanne_radeon_vega/syn_subgroup_op_release/variant_952/variant_952.comp
running test: /home/zchen/gpu-forward-progress-tests-suites/test_reduce/variant_952.amber
timeout -k 1 15 amber /home/zchen/gpu-forward-progress-tests-suites/test_reduce/variant_952.amber  -d -t spv1.5  >> temp_results.txt 2>&1
I (ignored error)
--- Ignored error output ---
/home/zchen/gpu-forward-progress-tests-suites/test_reduce/variant_952.amber: -:25: error: 'atomicAdd' : Only l-values corresponding to shader block storage or shared variables can be used with atomic memory functions.
-:25: error: 'atomicCompSwap' : Only l-values corresponding to shader block storage or shared variables can be used with atomic memory functions.


Summary of Failures:
  /home/zchen/gpu-forward-progress-tests-suites/test_reduce/variant_952.amber

Summary: 0 pass, 1 fail
----------------------------

Generating amber test for: ../reduction_results/cezanne_radeon_vega/syn_subgroup_op_release/variant_898/variant_898.comp
running test: /home/zchen/gpu-forward-progress-tests-suites/test_reduce/variant_898.amber
timeout -k 1 15 amber /home/zchen/gpu-forward-progress-tests-suites/test_reduce/variant_898.amber  -d -t spv1.5  >> temp_results.txt 2>&1
I (ignored error)
--- Ignored error output ---
/home/zchen/gpu-forward-progress-tests-suites/test_reduce/variant_898.amber: -:131: error: 'atomicAnd' : Only l-values corresponding to shader block storage or shared variables can be used with atomic memory functions.


Summary of Failures:
  /home/zchen/gpu-forward-progress-tests-suites/test_reduce/variant_898.amber

Summary: 0 pass, 1 fail
----------------------------

Generating amber test for: ../reduction_results/cezanne_radeon_vega/syn_subgroup_op_release/variant_604/variant_604.comp
running test: /home/zchen/gpu-forward-progress-tests-suites/test_reduce/variant_604.amber
timeout -k 1 15 amber /home/zchen/gpu-forward-progress-tests-suites/test_reduce/variant_604.amber  -d -t spv1.5  >> temp_results.txt 2>&1
I (ignored error)
--- Ignored error output ---
/home/zchen/gpu-forward-progress-tests-suites/test_reduce/variant_604.amber: -:688: error: 'atomicCompSwap' : Only l-values corresponding to shader block storage or shared variables can be used with atomic memory functions.


Summary of Failures:
  /home/zchen/gpu-forward-progress-tests-suites/test_reduce/variant_604.amber

Summary: 0 pass, 1 fail
----------------------------

Generating amber test for: ../reduction_results/cezanne_radeon_vega/syn_subgroup_op_release/variant_180/variant_180.comp
running test: /home/zchen/gpu-forward-progress-tests-suites/test_reduce/variant_180.amber
timeout -k 1 15 amber /home/zchen/gpu-forward-progress-tests-suites/test_reduce/variant_180.amber  -d -t spv1.5  >> temp_results.txt 2>&1
I (ignored error)
--- Ignored error output ---
/home/zchen/gpu-forward-progress-tests-suites/test_reduce/variant_180.amber: -:513: error: 'atomicMin' : Only l-values corresponding to shader block storage or shared variables can be used with atomic memory functions.


Summary of Failures:
  /home/zchen/gpu-forward-progress-tests-suites/test_reduce/variant_180.amber

Summary: 0 pass, 1 fail
----------------------------

Generating amber test for: ../reduction_results/cezanne_radeon_vega/syn_subgroup_op_release/variant_789/variant_789.comp
running test: /home/zchen/gpu-forward-progress-tests-suites/test_reduce/variant_789.amber
timeout -k 1 15 amber /home/zchen/gpu-forward-progress-tests-suites/test_reduce/variant_789.amber  -d -t spv1.5  >> temp_results.txt 2>&1
I (ignored error)
--- Ignored error output ---
/home/zchen/gpu-forward-progress-tests-suites/test_reduce/variant_789.amber: -:89: error: 'atomicCompSwap' : Only l-values corresponding to shader block storage or shared variables can be used with atomic memory functions.
-:93: error: 'atomicXor' : Only l-values corresponding to shader block storage or shared variables can be used with atomic memory functions.
-:93: error: 'atomicXor' : Only l-values corresponding to shader block storage or shared variables can be used with atomic memory functions.
-:105: error: 'atomicCompSwap' : Only l-values corresponding to shader block storage or shared variables can be used with atomic memory functions.


Summary of Failures:
  /home/zchen/gpu-forward-progress-tests-suites/test_reduce/variant_789.amber

Summary: 0 pass, 1 fail
----------------------------

Generating amber test for: ../reduction_results/cezanne_radeon_vega/syn_subgroup_op_release/variant_750/variant_750.comp
running test: /home/zchen/gpu-forward-progress-tests-suites/test_reduce/variant_750.amber
timeout -k 1 15 amber /home/zchen/gpu-forward-progress-tests-suites/test_reduce/variant_750.amber  -d -t spv1.5  >> temp_results.txt 2>&1
I (ignored error)
--- Ignored error output ---
/home/zchen/gpu-forward-progress-tests-suites/test_reduce/variant_750.amber: -:73: error: 'atomicCompSwap' : Only l-values corresponding to shader block storage or shared variables can be used with atomic memory functions.


Summary of Failures:
  /home/zchen/gpu-forward-progress-tests-suites/test_reduce/variant_750.amber

Summary: 0 pass, 1 fail
----------------------------

Generating amber test for: ../reduction_results/cezanne_radeon_vega/syn_subgroup_op_release/variant_997/variant_997.comp
running test: /home/zchen/gpu-forward-progress-tests-suites/test_reduce/variant_997.amber
timeout -k 1 15 amber /home/zchen/gpu-forward-progress-tests-suites/test_reduce/variant_997.amber  -d -t spv1.5  >> temp_results.txt 2>&1
I (ignored error)
--- Ignored error output ---
/home/zchen/gpu-forward-progress-tests-suites/test_reduce/variant_997.amber: -:27: error: 'atomicXor' : Only l-values corresponding to shader block storage or shared variables can be used with atomic memory functions.


Summary of Failures:
  /home/zchen/gpu-forward-progress-tests-suites/test_reduce/variant_997.amber

Summary: 0 pass, 1 fail
----------------------------

Generating amber test for: ../reduction_results/cezanne_radeon_vega/syn_subgroup_op_release/variant_377/variant_377.comp
running test: /home/zchen/gpu-forward-progress-tests-suites/test_reduce/variant_377.amber
timeout -k 1 15 amber /home/zchen/gpu-forward-progress-tests-suites/test_reduce/variant_377.amber  -d -t spv1.5  >> temp_results.txt 2>&1
I (ignored error)
--- Ignored error output ---
/home/zchen/gpu-forward-progress-tests-suites/test_reduce/variant_377.amber: -:29: error: 'atomicMin' : Only l-values corresponding to shader block storage or shared variables can be used with atomic memory functions.


Summary of Failures:
  /home/zchen/gpu-forward-progress-tests-suites/test_reduce/variant_377.amber

Summary: 0 pass, 1 fail
----------------------------

Generating amber test for: ../reduction_results/cezanne_radeon_vega/syn_subgroup_op_release/variant_236/variant_236.comp
running test: /home/zchen/gpu-forward-progress-tests-suites/test_reduce/variant_236.amber
timeout -k 1 15 amber /home/zchen/gpu-forward-progress-tests-suites/test_reduce/variant_236.amber  -d -t spv1.5  >> temp_results.txt 2>&1
I (ignored error)
--- Ignored error output ---
/home/zchen/gpu-forward-progress-tests-suites/test_reduce/variant_236.amber: -:183: error: 'atomicXor' : Only l-values corresponding to shader block storage or shared variables can be used with atomic memory functions.


Summary of Failures:
  /home/zchen/gpu-forward-progress-tests-suites/test_reduce/variant_236.amber

Summary: 0 pass, 1 fail
----------------------------

Generating amber test for: ../reduction_results/cezanne_radeon_vega/syn_subgroup_op_release/variant_123/variant_123.comp
running test: /home/zchen/gpu-forward-progress-tests-suites/test_reduce/variant_123.amber
timeout -k 1 15 amber /home/zchen/gpu-forward-progress-tests-suites/test_reduce/variant_123.amber  -d -t spv1.5  >> temp_results.txt 2>&1
I (ignored error)
--- Ignored error output ---
/home/zchen/gpu-forward-progress-tests-suites/test_reduce/variant_123.amber: -:22: error: 'atomicOr' : Only l-values corresponding to shader block storage or shared variables can be used with atomic memory functions.


Summary of Failures:
  /home/zchen/gpu-forward-progress-tests-suites/test_reduce/variant_123.amber

Summary: 0 pass, 1 fail
----------------------------

Generating amber test for: ../reduction_results/cezanne_radeon_vega/syn_subgroup_op_release/variant_464/variant_464.comp
running test: /home/zchen/gpu-forward-progress-tests-suites/test_reduce/variant_464.amber
timeout -k 1 15 amber /home/zchen/gpu-forward-progress-tests-suites/test_reduce/variant_464.amber  -d -t spv1.5  >> temp_results.txt 2>&1
I (ignored error)
--- Ignored error output ---
/home/zchen/gpu-forward-progress-tests-suites/test_reduce/variant_464.amber: -:1495: error: 'atomicAnd' : Only l-values corresponding to shader block storage or shared variables can be used with atomic memory functions.


Summary of Failures:
  /home/zchen/gpu-forward-progress-tests-suites/test_reduce/variant_464.amber

Summary: 0 pass, 1 fail
----------------------------

Generating amber test for: ../reduction_results/cezanne_radeon_vega/syn_subgroup_op_release/variant_417/variant_417.comp
running test: /home/zchen/gpu-forward-progress-tests-suites/test_reduce/variant_417.amber
timeout -k 1 15 amber /home/zchen/gpu-forward-progress-tests-suites/test_reduce/variant_417.amber  -d -t spv1.5  >> temp_results.txt 2>&1
I (ignored error)
--- Ignored error output ---
/home/zchen/gpu-forward-progress-tests-suites/test_reduce/variant_417.amber: -:176: error: 'atomicAnd' : Only l-values corresponding to shader block storage or shared variables can be used with atomic memory functions.


Summary of Failures:
  /home/zchen/gpu-forward-progress-tests-suites/test_reduce/variant_417.amber

Summary: 0 pass, 1 fail
----------------------------

Generating amber test for: ../reduction_results/cezanne_radeon_vega/syn_subgroup_op_release/variant_669/variant_669.comp
running test: /home/zchen/gpu-forward-progress-tests-suites/test_reduce/variant_669.amber
timeout -k 1 15 amber /home/zchen/gpu-forward-progress-tests-suites/test_reduce/variant_669.amber  -d -t spv1.5  >> temp_results.txt 2>&1
I (ignored error)
--- Ignored error output ---
/home/zchen/gpu-forward-progress-tests-suites/test_reduce/variant_669.amber: -:190: error: 'atomicAdd' : Only l-values corresponding to shader block storage or shared variables can be used with atomic memory functions.


Summary of Failures:
  /home/zchen/gpu-forward-progress-tests-suites/test_reduce/variant_669.amber

Summary: 0 pass, 1 fail
----------------------------

Generating amber test for: ../reduction_results/cezanne_radeon_vega/syn_subgroup_op_release/variant_641/variant_641.comp
running test: /home/zchen/gpu-forward-progress-tests-suites/test_reduce/variant_641.amber
timeout -k 1 15 amber /home/zchen/gpu-forward-progress-tests-suites/test_reduce/variant_641.amber  -d -t spv1.5  >> temp_results.txt 2>&1
I (ignored error)
--- Ignored error output ---
/home/zchen/gpu-forward-progress-tests-suites/test_reduce/variant_641.amber: -:96: error: 'atomicCompSwap' : Only l-values corresponding to shader block storage or shared variables can be used with atomic memory functions.
-:97: error: 'atomicAnd' : Only l-values corresponding to shader block storage or shared variables can be used with atomic memory functions.


Summary of Failures:
  /home/zchen/gpu-forward-progress-tests-suites/test_reduce/variant_641.amber

Summary: 0 pass, 1 fail
----------------------------

Generating amber test for: ../reduction_results/cezanne_radeon_vega/syn_subgroup_op_release/variant_116/variant_116.comp
running test: /home/zchen/gpu-forward-progress-tests-suites/test_reduce/variant_116.amber
timeout -k 1 15 amber /home/zchen/gpu-forward-progress-tests-suites/test_reduce/variant_116.amber  -d -t spv1.5  >> temp_results.txt 2>&1
I (ignored error)
--- Ignored error output ---
/home/zchen/gpu-forward-progress-tests-suites/test_reduce/variant_116.amber: -:57: error: 'atomicAdd' : Only l-values corresponding to shader block storage or shared variables can be used with atomic memory functions.


Summary of Failures:
  /home/zchen/gpu-forward-progress-tests-suites/test_reduce/variant_116.amber

Summary: 0 pass, 1 fail
----------------------------

Generating amber test for: ../reduction_results/cezanne_radeon_vega/syn_subgroup_op_release/variant_361/variant_361.comp
running test: /home/zchen/gpu-forward-progress-tests-suites/test_reduce/variant_361.amber
timeout -k 1 15 amber /home/zchen/gpu-forward-progress-tests-suites/test_reduce/variant_361.amber  -d -t spv1.5  >> temp_results.txt 2>&1
I (ignored error)
--- Ignored error output ---
/home/zchen/gpu-forward-progress-tests-suites/test_reduce/variant_361.amber: -:20: error: 'atomicExchange' : Only l-values corresponding to shader block storage or shared variables can be used with atomic memory functions.
-:25: error: 'atomicCompSwap' : Only l-values corresponding to shader block storage or shared variables can be used with atomic memory functions.


Summary of Failures:
  /home/zchen/gpu-forward-progress-tests-suites/test_reduce/variant_361.amber

Summary: 0 pass, 1 fail
----------------------------

Generating amber test for: ../reduction_results/cezanne_radeon_vega/syn_subgroup_op_release/variant_075/variant_075.comp
running test: /home/zchen/gpu-forward-progress-tests-suites/test_reduce/variant_075.amber
timeout -k 1 15 amber /home/zchen/gpu-forward-progress-tests-suites/test_reduce/variant_075.amber  -d -t spv1.5  >> temp_results.txt 2>&1
I (ignored error)
--- Ignored error output ---
/home/zchen/gpu-forward-progress-tests-suites/test_reduce/variant_075.amber: -:372: error: 'atomicOr' : Only l-values corresponding to shader block storage or shared variables can be used with atomic memory functions.


Summary of Failures:
  /home/zchen/gpu-forward-progress-tests-suites/test_reduce/variant_075.amber

Summary: 0 pass, 1 fail
----------------------------

Generating amber test for: ../reduction_results/cezanne_radeon_vega/syn_subgroup_op_release/variant_202/variant_202.comp
running test: /home/zchen/gpu-forward-progress-tests-suites/test_reduce/variant_202.amber
timeout -k 1 15 amber /home/zchen/gpu-forward-progress-tests-suites/test_reduce/variant_202.amber  -d -t spv1.5  >> temp_results.txt 2>&1
I (ignored error)
--- Ignored error output ---
/home/zchen/gpu-forward-progress-tests-suites/test_reduce/variant_202.amber: -:25: error: 'atomicOr' : Only l-values corresponding to shader block storage or shared variables can be used with atomic memory functions.


Summary of Failures:
  /home/zchen/gpu-forward-progress-tests-suites/test_reduce/variant_202.amber

Summary: 0 pass, 1 fail
----------------------------

Generating amber test for: ../reduction_results/cezanne_radeon_vega/syn_subgroup_op_release/variant_835/variant_835.comp
running test: /home/zchen/gpu-forward-progress-tests-suites/test_reduce/variant_835.amber
timeout -k 1 15 amber /home/zchen/gpu-forward-progress-tests-suites/test_reduce/variant_835.amber  -d -t spv1.5  >> temp_results.txt 2>&1
I (ignored error)
--- Ignored error output ---
/home/zchen/gpu-forward-progress-tests-suites/test_reduce/variant_835.amber: -:165: error: 'atomicExchange' : Only l-values corresponding to shader block storage or shared variables can be used with atomic memory functions.


Summary of Failures:
  /home/zchen/gpu-forward-progress-tests-suites/test_reduce/variant_835.amber

Summary: 0 pass, 1 fail
----------------------------

Generating amber test for: ../reduction_results/cezanne_radeon_vega/syn_subgroup_op_release/variant_121/variant_121.comp
running test: /home/zchen/gpu-forward-progress-tests-suites/test_reduce/variant_121.amber
timeout -k 1 15 amber /home/zchen/gpu-forward-progress-tests-suites/test_reduce/variant_121.amber  -d -t spv1.5  >> temp_results.txt 2>&1
I (ignored error)
--- Ignored error output ---
/home/zchen/gpu-forward-progress-tests-suites/test_reduce/variant_121.amber: -:23: error: 'atomicAnd' : Only l-values corresponding to shader block storage or shared variables can be used with atomic memory functions.


Summary of Failures:
  /home/zchen/gpu-forward-progress-tests-suites/test_reduce/variant_121.amber

Summary: 0 pass, 1 fail
----------------------------

Legend: P = Passed, F = Failed, I = Ignored known error

Finished running tests!

writing simple ascii table to:
results/syn_subgroup_op_release/simple_final_results-2025-04-17.txt

writing iteration-based ascii table to:
results/syn_subgroup_op_release/iteration_based_final_results-2025-04-17.txt

writing simple csv table to:
results/syn_subgroup_op_release/simple_final_results-2025-04-17.csv

writing simple csv table to:
results/syn_subgroup_op_release/simple_final_results-2025-04-17.csv

writing colored html table to:
results/syn_subgroup_op_release/html-colored-table2025-04-17.html


Execution time (s):
40.57965350151062
