Date and Time:
15/04/2025 13:55:36
Computer:
shrike

storing vulkaninfo to: results/syn_subgroup_op/vulkaninfo.txt

Generating amber test for: ../reduction_results/rtx_4070/syn_subgroup_op/variant_948/variant_948.comp
running test: /home/zchen/gpu-forward-progress-tests-suites/test_reduce/variant_948.amber
timeout -k 1 15 amber /home/zchen/gpu-forward-progress-tests-suites/test_reduce/variant_948.amber  -d -t spv1.5  >> temp_results.txt 2>&1
P

Generating amber test for: ../reduction_results/rtx_4070/syn_subgroup_op/variant_476/variant_476.comp
running test: /home/zchen/gpu-forward-progress-tests-suites/test_reduce/variant_476.amber
timeout -k 1 15 amber /home/zchen/gpu-forward-progress-tests-suites/test_reduce/variant_476.amber  -d -t spv1.5  >> temp_results.txt 2>&1
F
--- Error output ---
/home/zchen/gpu-forward-progress-tests-suites/test_reduce/variant_476.amber: -:341: error: 'atomicCompSwap' : Only l-values corresponding to shader block storage or shared variables can be used with atomic memory functions.


Summary of Failures:
  /home/zchen/gpu-forward-progress-tests-suites/test_reduce/variant_476.amber

Summary: 0 pass, 1 fail

--------------------

Generating amber test for: ../reduction_results/rtx_4070/syn_subgroup_op/variant_981/variant_981.comp
running test: /home/zchen/gpu-forward-progress-tests-suites/test_reduce/variant_981.amber
timeout -k 1 15 amber /home/zchen/gpu-forward-progress-tests-suites/test_reduce/variant_981.amber  -d -t spv1.5  >> temp_results.txt 2>&1
F
--- Error output ---
/home/zchen/gpu-forward-progress-tests-suites/test_reduce/variant_981.amber: -:24: error: 'atomicAnd' : Only l-values corresponding to shader block storage or shared variables can be used with atomic memory functions.


Summary of Failures:
  /home/zchen/gpu-forward-progress-tests-suites/test_reduce/variant_981.amber

Summary: 0 pass, 1 fail

--------------------

Generating amber test for: ../reduction_results/rtx_4070/syn_subgroup_op/variant_511/variant_511.comp
running test: /home/zchen/gpu-forward-progress-tests-suites/test_reduce/variant_511.amber
timeout -k 1 15 amber /home/zchen/gpu-forward-progress-tests-suites/test_reduce/variant_511.amber  -d -t spv1.5  >> temp_results.txt 2>&1
P

Generating amber test for: ../reduction_results/rtx_4070/syn_subgroup_op/variant_294/variant_294.comp
running test: /home/zchen/gpu-forward-progress-tests-suites/test_reduce/variant_294.amber
timeout -k 1 15 amber /home/zchen/gpu-forward-progress-tests-suites/test_reduce/variant_294.amber  -d -t spv1.5  >> temp_results.txt 2>&1
P

Generating amber test for: ../reduction_results/rtx_4070/syn_subgroup_op/variant_438/variant_438.comp
running test: /home/zchen/gpu-forward-progress-tests-suites/test_reduce/variant_438.amber
timeout -k 1 15 amber /home/zchen/gpu-forward-progress-tests-suites/test_reduce/variant_438.amber  -d -t spv1.5  >> temp_results.txt 2>&1
F
--- Error output ---
/home/zchen/gpu-forward-progress-tests-suites/test_reduce/variant_438.amber: -:21: error: 'atomicMax' : Only l-values corresponding to shader block storage or shared variables can be used with atomic memory functions.


Summary of Failures:
  /home/zchen/gpu-forward-progress-tests-suites/test_reduce/variant_438.amber

Summary: 0 pass, 1 fail

--------------------

Generating amber test for: ../reduction_results/rtx_4070/syn_subgroup_op/variant_990/variant_990.comp
running test: /home/zchen/gpu-forward-progress-tests-suites/test_reduce/variant_990.amber
timeout -k 1 15 amber /home/zchen/gpu-forward-progress-tests-suites/test_reduce/variant_990.amber  -d -t spv1.5  >> temp_results.txt 2>&1
F
--- Error output ---
/home/zchen/gpu-forward-progress-tests-suites/test_reduce/variant_990.amber: -:25: error: 'atomicExchange' : Only l-values corresponding to shader block storage or shared variables can be used with atomic memory functions.


Summary of Failures:
  /home/zchen/gpu-forward-progress-tests-suites/test_reduce/variant_990.amber

Summary: 0 pass, 1 fail

--------------------

Generating amber test for: ../reduction_results/rtx_4070/syn_subgroup_op/variant_342/variant_342.comp
running test: /home/zchen/gpu-forward-progress-tests-suites/test_reduce/variant_342.amber
timeout -k 1 15 amber /home/zchen/gpu-forward-progress-tests-suites/test_reduce/variant_342.amber  -d -t spv1.5  >> temp_results.txt 2>&1
P

Generating amber test for: ../reduction_results/rtx_4070/syn_subgroup_op/variant_784/variant_784.comp
running test: /home/zchen/gpu-forward-progress-tests-suites/test_reduce/variant_784.amber
timeout -k 1 15 amber /home/zchen/gpu-forward-progress-tests-suites/test_reduce/variant_784.amber  -d -t spv1.5  >> temp_results.txt 2>&1
P

Generating amber test for: ../reduction_results/rtx_4070/syn_subgroup_op/variant_678/variant_678.comp
running test: /home/zchen/gpu-forward-progress-tests-suites/test_reduce/variant_678.amber
timeout -k 1 15 amber /home/zchen/gpu-forward-progress-tests-suites/test_reduce/variant_678.amber  -d -t spv1.5  >> temp_results.txt 2>&1
P

Generating amber test for: ../reduction_results/rtx_4070/syn_subgroup_op/variant_589/variant_589.comp
running test: /home/zchen/gpu-forward-progress-tests-suites/test_reduce/variant_589.amber
timeout -k 1 15 amber /home/zchen/gpu-forward-progress-tests-suites/test_reduce/variant_589.amber  -d -t spv1.5  >> temp_results.txt 2>&1
F
--- Error output ---
/home/zchen/gpu-forward-progress-tests-suites/test_reduce/variant_589.amber: -:67: error: 'atomicExchange' : Only l-values corresponding to shader block storage or shared variables can be used with atomic memory functions.


Summary of Failures:
  /home/zchen/gpu-forward-progress-tests-suites/test_reduce/variant_589.amber

Summary: 0 pass, 1 fail

--------------------

Generating amber test for: ../reduction_results/rtx_4070/syn_subgroup_op/variant_502/variant_502.comp
running test: /home/zchen/gpu-forward-progress-tests-suites/test_reduce/variant_502.amber
timeout -k 1 15 amber /home/zchen/gpu-forward-progress-tests-suites/test_reduce/variant_502.amber  -d -t spv1.5  >> temp_results.txt 2>&1
P

Generating amber test for: ../reduction_results/rtx_4070/syn_subgroup_op/variant_920/variant_920.comp
running test: /home/zchen/gpu-forward-progress-tests-suites/test_reduce/variant_920.amber
timeout -k 1 15 amber /home/zchen/gpu-forward-progress-tests-suites/test_reduce/variant_920.amber  -d -t spv1.5  >> temp_results.txt 2>&1
F
--- Error output ---
/home/zchen/gpu-forward-progress-tests-suites/test_reduce/variant_920.amber: -:274: error: 'atomicMax' : Only l-values corresponding to shader block storage or shared variables can be used with atomic memory functions.


Summary of Failures:
  /home/zchen/gpu-forward-progress-tests-suites/test_reduce/variant_920.amber

Summary: 0 pass, 1 fail

--------------------

Generating amber test for: ../reduction_results/rtx_4070/syn_subgroup_op/variant_047/variant_047.comp
running test: /home/zchen/gpu-forward-progress-tests-suites/test_reduce/variant_047.amber
timeout -k 1 15 amber /home/zchen/gpu-forward-progress-tests-suites/test_reduce/variant_047.amber  -d -t spv1.5  >> temp_results.txt 2>&1
F
--- Error output ---
/home/zchen/gpu-forward-progress-tests-suites/test_reduce/variant_047.amber: -:1624: error: 'atomicAnd' : Only l-values corresponding to shader block storage or shared variables can be used with atomic memory functions.


Summary of Failures:
  /home/zchen/gpu-forward-progress-tests-suites/test_reduce/variant_047.amber

Summary: 0 pass, 1 fail

--------------------

Generating amber test for: ../reduction_results/rtx_4070/syn_subgroup_op/variant_470/variant_470.comp
running test: /home/zchen/gpu-forward-progress-tests-suites/test_reduce/variant_470.amber
timeout -k 1 15 amber /home/zchen/gpu-forward-progress-tests-suites/test_reduce/variant_470.amber  -d -t spv1.5  >> temp_results.txt 2>&1
P

Generating amber test for: ../reduction_results/rtx_4070/syn_subgroup_op/variant_054/variant_054.comp
running test: /home/zchen/gpu-forward-progress-tests-suites/test_reduce/variant_054.amber
timeout -k 1 15 amber /home/zchen/gpu-forward-progress-tests-suites/test_reduce/variant_054.amber  -d -t spv1.5  >> temp_results.txt 2>&1
F
--- Error output ---
/home/zchen/gpu-forward-progress-tests-suites/test_reduce/variant_054.amber: -:84: error: 'atomicMax' : Only l-values corresponding to shader block storage or shared variables can be used with atomic memory functions.


Summary of Failures:
  /home/zchen/gpu-forward-progress-tests-suites/test_reduce/variant_054.amber

Summary: 0 pass, 1 fail

--------------------

Generating amber test for: ../reduction_results/rtx_4070/syn_subgroup_op/variant_377/variant_377.comp
running test: /home/zchen/gpu-forward-progress-tests-suites/test_reduce/variant_377.amber
timeout -k 1 15 amber /home/zchen/gpu-forward-progress-tests-suites/test_reduce/variant_377.amber  -d -t spv1.5  >> temp_results.txt 2>&1
P

Generating amber test for: ../reduction_results/rtx_4070/syn_subgroup_op/variant_703/variant_703.comp
running test: /home/zchen/gpu-forward-progress-tests-suites/test_reduce/variant_703.amber
timeout -k 1 15 amber /home/zchen/gpu-forward-progress-tests-suites/test_reduce/variant_703.amber  -d -t spv1.5  >> temp_results.txt 2>&1
F
--- Error output ---
/home/zchen/gpu-forward-progress-tests-suites/test_reduce/variant_703.amber: -:265: error: 'atomicAdd' : Only l-values corresponding to shader block storage or shared variables can be used with atomic memory functions.


Summary of Failures:
  /home/zchen/gpu-forward-progress-tests-suites/test_reduce/variant_703.amber

Summary: 0 pass, 1 fail

--------------------

Generating amber test for: ../reduction_results/rtx_4070/syn_subgroup_op/variant_256/variant_256.comp
running test: /home/zchen/gpu-forward-progress-tests-suites/test_reduce/variant_256.amber
timeout -k 1 15 amber /home/zchen/gpu-forward-progress-tests-suites/test_reduce/variant_256.amber  -d -t spv1.5  >> temp_results.txt 2>&1
P

Generating amber test for: ../reduction_results/rtx_4070/syn_subgroup_op/variant_230/variant_230.comp
running test: /home/zchen/gpu-forward-progress-tests-suites/test_reduce/variant_230.amber
timeout -k 1 15 amber /home/zchen/gpu-forward-progress-tests-suites/test_reduce/variant_230.amber  -d -t spv1.5  >> temp_results.txt 2>&1
P

Generating amber test for: ../reduction_results/rtx_4070/syn_subgroup_op/variant_668/variant_668.comp
running test: /home/zchen/gpu-forward-progress-tests-suites/test_reduce/variant_668.amber
timeout -k 1 15 amber /home/zchen/gpu-forward-progress-tests-suites/test_reduce/variant_668.amber  -d -t spv1.5  >> temp_results.txt 2>&1
F
--- Error output ---
/home/zchen/gpu-forward-progress-tests-suites/test_reduce/variant_668.amber: -:1437: error: 'atomicXor' : Only l-values corresponding to shader block storage or shared variables can be used with atomic memory functions.


Summary of Failures:
  /home/zchen/gpu-forward-progress-tests-suites/test_reduce/variant_668.amber

Summary: 0 pass, 1 fail

--------------------

Generating amber test for: ../reduction_results/rtx_4070/syn_subgroup_op/variant_034/variant_034.comp
running test: /home/zchen/gpu-forward-progress-tests-suites/test_reduce/variant_034.amber
timeout -k 1 15 amber /home/zchen/gpu-forward-progress-tests-suites/test_reduce/variant_034.amber  -d -t spv1.5  >> temp_results.txt 2>&1
P

Generating amber test for: ../reduction_results/rtx_4070/syn_subgroup_op/variant_101/variant_101.comp
running test: /home/zchen/gpu-forward-progress-tests-suites/test_reduce/variant_101.amber
timeout -k 1 15 amber /home/zchen/gpu-forward-progress-tests-suites/test_reduce/variant_101.amber  -d -t spv1.5  >> temp_results.txt 2>&1
F
--- Error output ---
/home/zchen/gpu-forward-progress-tests-suites/test_reduce/variant_101.amber: -:123: error: 'atomicMax' : Only l-values corresponding to shader block storage or shared variables can be used with atomic memory functions.
-:123: error: 'atomicCompSwap' : Only l-values corresponding to shader block storage or shared variables can be used with atomic memory functions.


Summary of Failures:
  /home/zchen/gpu-forward-progress-tests-suites/test_reduce/variant_101.amber

Summary: 0 pass, 1 fail

--------------------

Generating amber test for: ../reduction_results/rtx_4070/syn_subgroup_op/variant_157/variant_157.comp
running test: /home/zchen/gpu-forward-progress-tests-suites/test_reduce/variant_157.amber
timeout -k 1 15 amber /home/zchen/gpu-forward-progress-tests-suites/test_reduce/variant_157.amber  -d -t spv1.5  >> temp_results.txt 2>&1
P

Generating amber test for: ../reduction_results/rtx_4070/syn_subgroup_op/variant_953/variant_953.comp
running test: /home/zchen/gpu-forward-progress-tests-suites/test_reduce/variant_953.amber
timeout -k 1 15 amber /home/zchen/gpu-forward-progress-tests-suites/test_reduce/variant_953.amber  -d -t spv1.5  >> temp_results.txt 2>&1
P

Generating amber test for: ../reduction_results/rtx_4070/syn_subgroup_op/variant_989/variant_989.comp
running test: /home/zchen/gpu-forward-progress-tests-suites/test_reduce/variant_989.amber
timeout -k 1 15 amber /home/zchen/gpu-forward-progress-tests-suites/test_reduce/variant_989.amber  -d -t spv1.5  >> temp_results.txt 2>&1
P

Generating amber test for: ../reduction_results/rtx_4070/syn_subgroup_op/variant_337/variant_337.comp
running test: /home/zchen/gpu-forward-progress-tests-suites/test_reduce/variant_337.amber
timeout -k 1 15 amber /home/zchen/gpu-forward-progress-tests-suites/test_reduce/variant_337.amber  -d -t spv1.5  >> temp_results.txt 2>&1
P

Generating amber test for: ../reduction_results/rtx_4070/syn_subgroup_op/variant_462/variant_462.comp
running test: /home/zchen/gpu-forward-progress-tests-suites/test_reduce/variant_462.amber
timeout -k 1 15 amber /home/zchen/gpu-forward-progress-tests-suites/test_reduce/variant_462.amber  -d -t spv1.5  >> temp_results.txt 2>&1
F
--- Error output ---
/home/zchen/gpu-forward-progress-tests-suites/test_reduce/variant_462.amber: -:137: error: 'atomicOr' : Only l-values corresponding to shader block storage or shared variables can be used with atomic memory functions.


Summary of Failures:
  /home/zchen/gpu-forward-progress-tests-suites/test_reduce/variant_462.amber

Summary: 0 pass, 1 fail

--------------------

Generating amber test for: ../reduction_results/rtx_4070/syn_subgroup_op/variant_290/variant_290.comp
running test: /home/zchen/gpu-forward-progress-tests-suites/test_reduce/variant_290.amber
timeout -k 1 15 amber /home/zchen/gpu-forward-progress-tests-suites/test_reduce/variant_290.amber  -d -t spv1.5  >> temp_results.txt 2>&1
P

Generating amber test for: ../reduction_results/rtx_4070/syn_subgroup_op/variant_692/variant_692.comp
running test: /home/zchen/gpu-forward-progress-tests-suites/test_reduce/variant_692.amber
timeout -k 1 15 amber /home/zchen/gpu-forward-progress-tests-suites/test_reduce/variant_692.amber  -d -t spv1.5  >> temp_results.txt 2>&1
P

Generating amber test for: ../reduction_results/rtx_4070/syn_subgroup_op/variant_907/variant_907.comp
running test: /home/zchen/gpu-forward-progress-tests-suites/test_reduce/variant_907.amber
timeout -k 1 15 amber /home/zchen/gpu-forward-progress-tests-suites/test_reduce/variant_907.amber  -d -t spv1.5  >> temp_results.txt 2>&1
P

Generating amber test for: ../reduction_results/rtx_4070/syn_subgroup_op/variant_777/variant_777.comp
running test: /home/zchen/gpu-forward-progress-tests-suites/test_reduce/variant_777.amber
timeout -k 1 15 amber /home/zchen/gpu-forward-progress-tests-suites/test_reduce/variant_777.amber  -d -t spv1.5  >> temp_results.txt 2>&1
P

Generating amber test for: ../reduction_results/rtx_4070/syn_subgroup_op/variant_307/variant_307.comp
running test: /home/zchen/gpu-forward-progress-tests-suites/test_reduce/variant_307.amber
timeout -k 1 15 amber /home/zchen/gpu-forward-progress-tests-suites/test_reduce/variant_307.amber  -d -t spv1.5  >> temp_results.txt 2>&1
P

Generating amber test for: ../reduction_results/rtx_4070/syn_subgroup_op/variant_367/variant_367.comp
running test: /home/zchen/gpu-forward-progress-tests-suites/test_reduce/variant_367.amber
timeout -k 1 15 amber /home/zchen/gpu-forward-progress-tests-suites/test_reduce/variant_367.amber  -d -t spv1.5  >> temp_results.txt 2>&1
P

Generating amber test for: ../reduction_results/rtx_4070/syn_subgroup_op/variant_559/variant_559.comp
running test: /home/zchen/gpu-forward-progress-tests-suites/test_reduce/variant_559.amber
timeout -k 1 15 amber /home/zchen/gpu-forward-progress-tests-suites/test_reduce/variant_559.amber  -d -t spv1.5  >> temp_results.txt 2>&1
P

Generating amber test for: ../reduction_results/rtx_4070/syn_subgroup_op/variant_621/variant_621.comp
running test: /home/zchen/gpu-forward-progress-tests-suites/test_reduce/variant_621.amber
timeout -k 1 15 amber /home/zchen/gpu-forward-progress-tests-suites/test_reduce/variant_621.amber  -d -t spv1.5  >> temp_results.txt 2>&1
F
--- Error output ---
/home/zchen/gpu-forward-progress-tests-suites/test_reduce/variant_621.amber: -:5337: error: 'atomicXor' : Only l-values corresponding to shader block storage or shared variables can be used with atomic memory functions.


Summary of Failures:
  /home/zchen/gpu-forward-progress-tests-suites/test_reduce/variant_621.amber

Summary: 0 pass, 1 fail

--------------------

Generating amber test for: ../reduction_results/rtx_4070/syn_subgroup_op/variant_684/variant_684.comp
running test: /home/zchen/gpu-forward-progress-tests-suites/test_reduce/variant_684.amber
timeout -k 1 15 amber /home/zchen/gpu-forward-progress-tests-suites/test_reduce/variant_684.amber  -d -t spv1.5  >> temp_results.txt 2>&1
P

Generating amber test for: ../reduction_results/rtx_4070/syn_subgroup_op/variant_219/variant_219.comp
running test: /home/zchen/gpu-forward-progress-tests-suites/test_reduce/variant_219.amber
timeout -k 1 15 amber /home/zchen/gpu-forward-progress-tests-suites/test_reduce/variant_219.amber  -d -t spv1.5  >> temp_results.txt 2>&1
F
--- Error output ---
/home/zchen/gpu-forward-progress-tests-suites/test_reduce/variant_219.amber: -:28: error: 'atomicMin' : Only l-values corresponding to shader block storage or shared variables can be used with atomic memory functions.


Summary of Failures:
  /home/zchen/gpu-forward-progress-tests-suites/test_reduce/variant_219.amber

Summary: 0 pass, 1 fail

--------------------

Generating amber test for: ../reduction_results/rtx_4070/syn_subgroup_op/variant_182/variant_182.comp
running test: /home/zchen/gpu-forward-progress-tests-suites/test_reduce/variant_182.amber
timeout -k 1 15 amber /home/zchen/gpu-forward-progress-tests-suites/test_reduce/variant_182.amber  -d -t spv1.5  >> temp_results.txt 2>&1
P

Generating amber test for: ../reduction_results/rtx_4070/syn_subgroup_op/variant_385/variant_385.comp
running test: /home/zchen/gpu-forward-progress-tests-suites/test_reduce/variant_385.amber
timeout -k 1 15 amber /home/zchen/gpu-forward-progress-tests-suites/test_reduce/variant_385.amber  -d -t spv1.5  >> temp_results.txt 2>&1
P

Generating amber test for: ../reduction_results/rtx_4070/syn_subgroup_op/variant_724/variant_724.comp
running test: /home/zchen/gpu-forward-progress-tests-suites/test_reduce/variant_724.amber
timeout -k 1 15 amber /home/zchen/gpu-forward-progress-tests-suites/test_reduce/variant_724.amber  -d -t spv1.5  >> temp_results.txt 2>&1
P

Generating amber test for: ../reduction_results/rtx_4070/syn_subgroup_op/variant_561/variant_561.comp
running test: /home/zchen/gpu-forward-progress-tests-suites/test_reduce/variant_561.amber
timeout -k 1 15 amber /home/zchen/gpu-forward-progress-tests-suites/test_reduce/variant_561.amber  -d -t spv1.5  >> temp_results.txt 2>&1
F
--- Error output ---
/home/zchen/gpu-forward-progress-tests-suites/test_reduce/variant_561.amber: -:33: error: 'atomicExchange' : Only l-values corresponding to shader block storage or shared variables can be used with atomic memory functions.


Summary of Failures:
  /home/zchen/gpu-forward-progress-tests-suites/test_reduce/variant_561.amber

Summary: 0 pass, 1 fail

--------------------

Generating amber test for: ../reduction_results/rtx_4070/syn_subgroup_op/variant_587/variant_587.comp
running test: /home/zchen/gpu-forward-progress-tests-suites/test_reduce/variant_587.amber
timeout -k 1 15 amber /home/zchen/gpu-forward-progress-tests-suites/test_reduce/variant_587.amber  -d -t spv1.5  >> temp_results.txt 2>&1
F
--- Error output ---
/home/zchen/gpu-forward-progress-tests-suites/test_reduce/variant_587.amber: -:21: error: 'atomicAnd' : Only l-values corresponding to shader block storage or shared variables can be used with atomic memory functions.


Summary of Failures:
  /home/zchen/gpu-forward-progress-tests-suites/test_reduce/variant_587.amber

Summary: 0 pass, 1 fail

--------------------

Generating amber test for: ../reduction_results/rtx_4070/syn_subgroup_op/variant_783/variant_783.comp
running test: /home/zchen/gpu-forward-progress-tests-suites/test_reduce/variant_783.amber
timeout -k 1 15 amber /home/zchen/gpu-forward-progress-tests-suites/test_reduce/variant_783.amber  -d -t spv1.5  >> temp_results.txt 2>&1
P

Generating amber test for: ../reduction_results/rtx_4070/syn_subgroup_op/variant_628/variant_628.comp
running test: /home/zchen/gpu-forward-progress-tests-suites/test_reduce/variant_628.amber
timeout -k 1 15 amber /home/zchen/gpu-forward-progress-tests-suites/test_reduce/variant_628.amber  -d -t spv1.5  >> temp_results.txt 2>&1
F
--- Error output ---
/home/zchen/gpu-forward-progress-tests-suites/test_reduce/variant_628.amber: -:27: error: 'atomicMax' : Only l-values corresponding to shader block storage or shared variables can be used with atomic memory functions.


Summary of Failures:
  /home/zchen/gpu-forward-progress-tests-suites/test_reduce/variant_628.amber

Summary: 0 pass, 1 fail

--------------------

Generating amber test for: ../reduction_results/rtx_4070/syn_subgroup_op/variant_712/variant_712.comp
running test: /home/zchen/gpu-forward-progress-tests-suites/test_reduce/variant_712.amber
timeout -k 1 15 amber /home/zchen/gpu-forward-progress-tests-suites/test_reduce/variant_712.amber  -d -t spv1.5  >> temp_results.txt 2>&1
P

Generating amber test for: ../reduction_results/rtx_4070/syn_subgroup_op/variant_510/variant_510.comp
running test: /home/zchen/gpu-forward-progress-tests-suites/test_reduce/variant_510.amber
timeout -k 1 15 amber /home/zchen/gpu-forward-progress-tests-suites/test_reduce/variant_510.amber  -d -t spv1.5  >> temp_results.txt 2>&1
P

Generating amber test for: ../reduction_results/rtx_4070/syn_subgroup_op/variant_599/variant_599.comp
running test: /home/zchen/gpu-forward-progress-tests-suites/test_reduce/variant_599.amber
timeout -k 1 15 amber /home/zchen/gpu-forward-progress-tests-suites/test_reduce/variant_599.amber  -d -t spv1.5  >> temp_results.txt 2>&1
P

Generating amber test for: ../reduction_results/rtx_4070/syn_subgroup_op/variant_473/variant_473.comp
running test: /home/zchen/gpu-forward-progress-tests-suites/test_reduce/variant_473.amber
timeout -k 1 15 amber /home/zchen/gpu-forward-progress-tests-suites/test_reduce/variant_473.amber  -d -t spv1.5  >> temp_results.txt 2>&1
P

Generating amber test for: ../reduction_results/rtx_4070/syn_subgroup_op/variant_323/variant_323.comp
running test: /home/zchen/gpu-forward-progress-tests-suites/test_reduce/variant_323.amber
timeout -k 1 15 amber /home/zchen/gpu-forward-progress-tests-suites/test_reduce/variant_323.amber  -d -t spv1.5  >> temp_results.txt 2>&1
P

Generating amber test for: ../reduction_results/rtx_4070/syn_subgroup_op/variant_436/variant_436.comp
running test: /home/zchen/gpu-forward-progress-tests-suites/test_reduce/variant_436.amber
timeout -k 1 15 amber /home/zchen/gpu-forward-progress-tests-suites/test_reduce/variant_436.amber  -d -t spv1.5  >> temp_results.txt 2>&1
P

Generating amber test for: ../reduction_results/rtx_4070/syn_subgroup_op/variant_520/variant_520.comp
running test: /home/zchen/gpu-forward-progress-tests-suites/test_reduce/variant_520.amber
timeout -k 1 15 amber /home/zchen/gpu-forward-progress-tests-suites/test_reduce/variant_520.amber  -d -t spv1.5  >> temp_results.txt 2>&1
P

Generating amber test for: ../reduction_results/rtx_4070/syn_subgroup_op/variant_410/variant_410.comp
running test: /home/zchen/gpu-forward-progress-tests-suites/test_reduce/variant_410.amber
timeout -k 1 15 amber /home/zchen/gpu-forward-progress-tests-suites/test_reduce/variant_410.amber  -d -t spv1.5  >> temp_results.txt 2>&1
P

Generating amber test for: ../reduction_results/rtx_4070/syn_subgroup_op/variant_963/variant_963.comp
running test: /home/zchen/gpu-forward-progress-tests-suites/test_reduce/variant_963.amber
timeout -k 1 15 amber /home/zchen/gpu-forward-progress-tests-suites/test_reduce/variant_963.amber  -d -t spv1.5  >> temp_results.txt 2>&1
P

Generating amber test for: ../reduction_results/rtx_4070/syn_subgroup_op/variant_172/variant_172.comp
running test: /home/zchen/gpu-forward-progress-tests-suites/test_reduce/variant_172.amber
timeout -k 1 15 amber /home/zchen/gpu-forward-progress-tests-suites/test_reduce/variant_172.amber  -d -t spv1.5  >> temp_results.txt 2>&1
P

Generating amber test for: ../reduction_results/rtx_4070/syn_subgroup_op/variant_542/variant_542.comp
running test: /home/zchen/gpu-forward-progress-tests-suites/test_reduce/variant_542.amber
timeout -k 1 15 amber /home/zchen/gpu-forward-progress-tests-suites/test_reduce/variant_542.amber  -d -t spv1.5  >> temp_results.txt 2>&1
P

Generating amber test for: ../reduction_results/rtx_4070/syn_subgroup_op/variant_114/variant_114.comp
running test: /home/zchen/gpu-forward-progress-tests-suites/test_reduce/variant_114.amber
timeout -k 1 15 amber /home/zchen/gpu-forward-progress-tests-suites/test_reduce/variant_114.amber  -d -t spv1.5  >> temp_results.txt 2>&1
F
--- Error output ---
/home/zchen/gpu-forward-progress-tests-suites/test_reduce/variant_114.amber: -:83: error: 'atomicCompSwap' : Only l-values corresponding to shader block storage or shared variables can be used with atomic memory functions.


Summary of Failures:
  /home/zchen/gpu-forward-progress-tests-suites/test_reduce/variant_114.amber

Summary: 0 pass, 1 fail

--------------------

Generating amber test for: ../reduction_results/rtx_4070/syn_subgroup_op/variant_941/variant_941.comp
running test: /home/zchen/gpu-forward-progress-tests-suites/test_reduce/variant_941.amber
timeout -k 1 15 amber /home/zchen/gpu-forward-progress-tests-suites/test_reduce/variant_941.amber  -d -t spv1.5  >> temp_results.txt 2>&1
P

Generating amber test for: ../reduction_results/rtx_4070/syn_subgroup_op/variant_227/variant_227.comp
running test: /home/zchen/gpu-forward-progress-tests-suites/test_reduce/variant_227.amber
timeout -k 1 15 amber /home/zchen/gpu-forward-progress-tests-suites/test_reduce/variant_227.amber  -d -t spv1.5  >> temp_results.txt 2>&1
P

Generating amber test for: ../reduction_results/rtx_4070/syn_subgroup_op/variant_184/variant_184.comp
running test: /home/zchen/gpu-forward-progress-tests-suites/test_reduce/variant_184.amber
timeout -k 1 15 amber /home/zchen/gpu-forward-progress-tests-suites/test_reduce/variant_184.amber  -d -t spv1.5  >> temp_results.txt 2>&1
F
--- Error output ---
/home/zchen/gpu-forward-progress-tests-suites/test_reduce/variant_184.amber: -:25: error: 'atomicOr' : Only l-values corresponding to shader block storage or shared variables can be used with atomic memory functions.


Summary of Failures:
  /home/zchen/gpu-forward-progress-tests-suites/test_reduce/variant_184.amber

Summary: 0 pass, 1 fail

--------------------

Generating amber test for: ../reduction_results/rtx_4070/syn_subgroup_op/variant_051/variant_051.comp
running test: /home/zchen/gpu-forward-progress-tests-suites/test_reduce/variant_051.amber
timeout -k 1 15 amber /home/zchen/gpu-forward-progress-tests-suites/test_reduce/variant_051.amber  -d -t spv1.5  >> temp_results.txt 2>&1
F
--- Error output ---
/home/zchen/gpu-forward-progress-tests-suites/test_reduce/variant_051.amber: -:85: error: 'atomicMax' : Only l-values corresponding to shader block storage or shared variables can be used with atomic memory functions.
-:92: error: 'atomicMin' : Only l-values corresponding to shader block storage or shared variables can be used with atomic memory functions.


Summary of Failures:
  /home/zchen/gpu-forward-progress-tests-suites/test_reduce/variant_051.amber

Summary: 0 pass, 1 fail

--------------------

Generating amber test for: ../reduction_results/rtx_4070/syn_subgroup_op/variant_820/variant_820.comp
running test: /home/zchen/gpu-forward-progress-tests-suites/test_reduce/variant_820.amber
timeout -k 1 15 amber /home/zchen/gpu-forward-progress-tests-suites/test_reduce/variant_820.amber  -d -t spv1.5  >> temp_results.txt 2>&1
F
--- Error output ---
/home/zchen/gpu-forward-progress-tests-suites/test_reduce/variant_820.amber: -:28: error: 'atomicCompSwap' : Only l-values corresponding to shader block storage or shared variables can be used with atomic memory functions.


Summary of Failures:
  /home/zchen/gpu-forward-progress-tests-suites/test_reduce/variant_820.amber

Summary: 0 pass, 1 fail

--------------------

Generating amber test for: ../reduction_results/rtx_4070/syn_subgroup_op/variant_203/variant_203.comp
running test: /home/zchen/gpu-forward-progress-tests-suites/test_reduce/variant_203.amber
timeout -k 1 15 amber /home/zchen/gpu-forward-progress-tests-suites/test_reduce/variant_203.amber  -d -t spv1.5  >> temp_results.txt 2>&1
P

Generating amber test for: ../reduction_results/rtx_4070/syn_subgroup_op/variant_363/variant_363.comp
running test: /home/zchen/gpu-forward-progress-tests-suites/test_reduce/variant_363.amber
timeout -k 1 15 amber /home/zchen/gpu-forward-progress-tests-suites/test_reduce/variant_363.amber  -d -t spv1.5  >> temp_results.txt 2>&1
F
--- Error output ---
/home/zchen/gpu-forward-progress-tests-suites/test_reduce/variant_363.amber: -:265: error: 'atomicAdd' : Only l-values corresponding to shader block storage or shared variables can be used with atomic memory functions.


Summary of Failures:
  /home/zchen/gpu-forward-progress-tests-suites/test_reduce/variant_363.amber

Summary: 0 pass, 1 fail

--------------------

Generating amber test for: ../reduction_results/rtx_4070/syn_subgroup_op/variant_774/variant_774.comp
running test: /home/zchen/gpu-forward-progress-tests-suites/test_reduce/variant_774.amber
timeout -k 1 15 amber /home/zchen/gpu-forward-progress-tests-suites/test_reduce/variant_774.amber  -d -t spv1.5  >> temp_results.txt 2>&1
P

Generating amber test for: ../reduction_results/rtx_4070/syn_subgroup_op/variant_465/variant_465.comp
running test: /home/zchen/gpu-forward-progress-tests-suites/test_reduce/variant_465.amber
timeout -k 1 15 amber /home/zchen/gpu-forward-progress-tests-suites/test_reduce/variant_465.amber  -d -t spv1.5  >> temp_results.txt 2>&1
F
--- Error output ---
/home/zchen/gpu-forward-progress-tests-suites/test_reduce/variant_465.amber: -:330: error: 'atomicMax' : Only l-values corresponding to shader block storage or shared variables can be used with atomic memory functions.


Summary of Failures:
  /home/zchen/gpu-forward-progress-tests-suites/test_reduce/variant_465.amber

Summary: 0 pass, 1 fail

--------------------

Generating amber test for: ../reduction_results/rtx_4070/syn_subgroup_op/variant_857/variant_857.comp
running test: /home/zchen/gpu-forward-progress-tests-suites/test_reduce/variant_857.amber
timeout -k 1 15 amber /home/zchen/gpu-forward-progress-tests-suites/test_reduce/variant_857.amber  -d -t spv1.5  >> temp_results.txt 2>&1
P

Generating amber test for: ../reduction_results/rtx_4070/syn_subgroup_op/variant_371/variant_371.comp
running test: /home/zchen/gpu-forward-progress-tests-suites/test_reduce/variant_371.amber
timeout -k 1 15 amber /home/zchen/gpu-forward-progress-tests-suites/test_reduce/variant_371.amber  -d -t spv1.5  >> temp_results.txt 2>&1
P

Generating amber test for: ../reduction_results/rtx_4070/syn_subgroup_op/variant_905/variant_905.comp
running test: /home/zchen/gpu-forward-progress-tests-suites/test_reduce/variant_905.amber
timeout -k 1 15 amber /home/zchen/gpu-forward-progress-tests-suites/test_reduce/variant_905.amber  -d -t spv1.5  >> temp_results.txt 2>&1
P

Generating amber test for: ../reduction_results/rtx_4070/syn_subgroup_op/variant_302/variant_302.comp
running test: /home/zchen/gpu-forward-progress-tests-suites/test_reduce/variant_302.amber
timeout -k 1 15 amber /home/zchen/gpu-forward-progress-tests-suites/test_reduce/variant_302.amber  -d -t spv1.5  >> temp_results.txt 2>&1
P

Generating amber test for: ../reduction_results/rtx_4070/syn_subgroup_op/variant_322/variant_322.comp
running test: /home/zchen/gpu-forward-progress-tests-suites/test_reduce/variant_322.amber
timeout -k 1 15 amber /home/zchen/gpu-forward-progress-tests-suites/test_reduce/variant_322.amber  -d -t spv1.5  >> temp_results.txt 2>&1
P

Generating amber test for: ../reduction_results/rtx_4070/syn_subgroup_op/variant_074/variant_074.comp
running test: /home/zchen/gpu-forward-progress-tests-suites/test_reduce/variant_074.amber
timeout -k 1 15 amber /home/zchen/gpu-forward-progress-tests-suites/test_reduce/variant_074.amber  -d -t spv1.5  >> temp_results.txt 2>&1
P

Generating amber test for: ../reduction_results/rtx_4070/syn_subgroup_op/variant_220/variant_220.comp
running test: /home/zchen/gpu-forward-progress-tests-suites/test_reduce/variant_220.amber
timeout -k 1 15 amber /home/zchen/gpu-forward-progress-tests-suites/test_reduce/variant_220.amber  -d -t spv1.5  >> temp_results.txt 2>&1
P

Generating amber test for: ../reduction_results/rtx_4070/syn_subgroup_op/variant_468/variant_468.comp
running test: /home/zchen/gpu-forward-progress-tests-suites/test_reduce/variant_468.amber
timeout -k 1 15 amber /home/zchen/gpu-forward-progress-tests-suites/test_reduce/variant_468.amber  -d -t spv1.5  >> temp_results.txt 2>&1
F
--- Error output ---
/home/zchen/gpu-forward-progress-tests-suites/test_reduce/variant_468.amber: -:25: error: 'atomicAnd' : Only l-values corresponding to shader block storage or shared variables can be used with atomic memory functions.


Summary of Failures:
  /home/zchen/gpu-forward-progress-tests-suites/test_reduce/variant_468.amber

Summary: 0 pass, 1 fail

--------------------

Generating amber test for: ../reduction_results/rtx_4070/syn_subgroup_op/variant_404/variant_404.comp
running test: /home/zchen/gpu-forward-progress-tests-suites/test_reduce/variant_404.amber
timeout -k 1 15 amber /home/zchen/gpu-forward-progress-tests-suites/test_reduce/variant_404.amber  -d -t spv1.5  >> temp_results.txt 2>&1
F
--- Error output ---
/home/zchen/gpu-forward-progress-tests-suites/test_reduce/variant_404.amber: -:54: error: 'atomicMin' : Only l-values corresponding to shader block storage or shared variables can be used with atomic memory functions.


Summary of Failures:
  /home/zchen/gpu-forward-progress-tests-suites/test_reduce/variant_404.amber

Summary: 0 pass, 1 fail

--------------------

Generating amber test for: ../reduction_results/rtx_4070/syn_subgroup_op/variant_414/variant_414.comp
running test: /home/zchen/gpu-forward-progress-tests-suites/test_reduce/variant_414.amber
timeout -k 1 15 amber /home/zchen/gpu-forward-progress-tests-suites/test_reduce/variant_414.amber  -d -t spv1.5  >> temp_results.txt 2>&1
F
--- Error output ---
/home/zchen/gpu-forward-progress-tests-suites/test_reduce/variant_414.amber: -:25: error: 'atomicMin' : Only l-values corresponding to shader block storage or shared variables can be used with atomic memory functions.


Summary of Failures:
  /home/zchen/gpu-forward-progress-tests-suites/test_reduce/variant_414.amber

Summary: 0 pass, 1 fail

--------------------

Generating amber test for: ../reduction_results/rtx_4070/syn_subgroup_op/variant_394/variant_394.comp
running test: /home/zchen/gpu-forward-progress-tests-suites/test_reduce/variant_394.amber
timeout -k 1 15 amber /home/zchen/gpu-forward-progress-tests-suites/test_reduce/variant_394.amber  -d -t spv1.5  >> temp_results.txt 2>&1
F
--- Error output ---
/home/zchen/gpu-forward-progress-tests-suites/test_reduce/variant_394.amber: -:24: error: 'atomicAnd' : Only l-values corresponding to shader block storage or shared variables can be used with atomic memory functions.


Summary of Failures:
  /home/zchen/gpu-forward-progress-tests-suites/test_reduce/variant_394.amber

Summary: 0 pass, 1 fail

--------------------

Generating amber test for: ../reduction_results/rtx_4070/syn_subgroup_op/variant_996/variant_996.comp
running test: /home/zchen/gpu-forward-progress-tests-suites/test_reduce/variant_996.amber
timeout -k 1 15 amber /home/zchen/gpu-forward-progress-tests-suites/test_reduce/variant_996.amber  -d -t spv1.5  >> temp_results.txt 2>&1
P

Generating amber test for: ../reduction_results/rtx_4070/syn_subgroup_op/variant_662/variant_662.comp
running test: /home/zchen/gpu-forward-progress-tests-suites/test_reduce/variant_662.amber
timeout -k 1 15 amber /home/zchen/gpu-forward-progress-tests-suites/test_reduce/variant_662.amber  -d -t spv1.5  >> temp_results.txt 2>&1
F
--- Error output ---
/home/zchen/gpu-forward-progress-tests-suites/test_reduce/variant_662.amber: -:412: error: 'atomicAnd' : Only l-values corresponding to shader block storage or shared variables can be used with atomic memory functions.


Summary of Failures:
  /home/zchen/gpu-forward-progress-tests-suites/test_reduce/variant_662.amber

Summary: 0 pass, 1 fail

--------------------

Generating amber test for: ../reduction_results/rtx_4070/syn_subgroup_op/variant_541/variant_541.comp
running test: /home/zchen/gpu-forward-progress-tests-suites/test_reduce/variant_541.amber
timeout -k 1 15 amber /home/zchen/gpu-forward-progress-tests-suites/test_reduce/variant_541.amber  -d -t spv1.5  >> temp_results.txt 2>&1
P

Generating amber test for: ../reduction_results/rtx_4070/syn_subgroup_op/variant_698/variant_698.comp
running test: /home/zchen/gpu-forward-progress-tests-suites/test_reduce/variant_698.amber
timeout -k 1 15 amber /home/zchen/gpu-forward-progress-tests-suites/test_reduce/variant_698.amber  -d -t spv1.5  >> temp_results.txt 2>&1
F
--- Error output ---
/home/zchen/gpu-forward-progress-tests-suites/test_reduce/variant_698.amber: -:25: error: 'atomicMax' : Only l-values corresponding to shader block storage or shared variables can be used with atomic memory functions.


Summary of Failures:
  /home/zchen/gpu-forward-progress-tests-suites/test_reduce/variant_698.amber

Summary: 0 pass, 1 fail

--------------------

Generating amber test for: ../reduction_results/rtx_4070/syn_subgroup_op/variant_225/variant_225.comp
running test: /home/zchen/gpu-forward-progress-tests-suites/test_reduce/variant_225.amber
timeout -k 1 15 amber /home/zchen/gpu-forward-progress-tests-suites/test_reduce/variant_225.amber  -d -t spv1.5  >> temp_results.txt 2>&1
P

Generating amber test for: ../reduction_results/rtx_4070/syn_subgroup_op/variant_746/variant_746.comp
running test: /home/zchen/gpu-forward-progress-tests-suites/test_reduce/variant_746.amber
timeout -k 1 15 amber /home/zchen/gpu-forward-progress-tests-suites/test_reduce/variant_746.amber  -d -t spv1.5  >> temp_results.txt 2>&1
P


Finished running tests!

writing simple ascii table to:
results/syn_subgroup_op/simple_final_results-2025-04-15.txt

writing iteration-based ascii table to:
results/syn_subgroup_op/iteration_based_final_results-2025-04-15.txt

writing simple csv table to:
results/syn_subgroup_op/simple_final_results-2025-04-15.csv

writing simple csv table to:
results/syn_subgroup_op/simple_final_results-2025-04-15.csv

writing colored html table to:
results/syn_subgroup_op/html-colored-table2025-04-15.html


Execution time (s):
144.88841676712036
