Date and Time:
17/04/2025 13:56:52
Computer:
waterthrush

storing vulkaninfo to: results/syn_lock_step_release/vulkaninfo.txt

Generating amber test for: ../reduction_results/cezanne_radeon_vega/syn_lock_step_release/variant_528/variant_528.comp
running test: /home/zchen/gpu-forward-progress-tests-suites/test_reduce/variant_528.amber
timeout -k 1 15 amber /home/zchen/gpu-forward-progress-tests-suites/test_reduce/variant_528.amber  -d -t spv1.5  >> temp_results.txt 2>&1
I (ignored error)
--- Ignored error output ---
/home/zchen/gpu-forward-progress-tests-suites/test_reduce/variant_528.amber: -:25: error: 'atomicAdd' : Only l-values corresponding to shader block storage or shared variables can be used with atomic memory functions.


Summary of Failures:
  /home/zchen/gpu-forward-progress-tests-suites/test_reduce/variant_528.amber

Summary: 0 pass, 1 fail
----------------------------

Generating amber test for: ../reduction_results/cezanne_radeon_vega/syn_lock_step_release/variant_705/variant_705.comp
running test: /home/zchen/gpu-forward-progress-tests-suites/test_reduce/variant_705.amber
timeout -k 1 15 amber /home/zchen/gpu-forward-progress-tests-suites/test_reduce/variant_705.amber  -d -t spv1.5  >> temp_results.txt 2>&1
I (ignored error)
--- Ignored error output ---
/home/zchen/gpu-forward-progress-tests-suites/test_reduce/variant_705.amber: -:59: error: 'atomicCompSwap' : Only l-values corresponding to shader block storage or shared variables can be used with atomic memory functions.


Summary of Failures:
  /home/zchen/gpu-forward-progress-tests-suites/test_reduce/variant_705.amber

Summary: 0 pass, 1 fail
----------------------------

Generating amber test for: ../reduction_results/cezanne_radeon_vega/syn_lock_step_release/variant_969/variant_969.comp
running test: /home/zchen/gpu-forward-progress-tests-suites/test_reduce/variant_969.amber
timeout -k 1 15 amber /home/zchen/gpu-forward-progress-tests-suites/test_reduce/variant_969.amber  -d -t spv1.5  >> temp_results.txt 2>&1
I (ignored error)
--- Ignored error output ---
/home/zchen/gpu-forward-progress-tests-suites/test_reduce/variant_969.amber: -:106: error: 'atomicCompSwap' : Only l-values corresponding to shader block storage or shared variables can be used with atomic memory functions.


Summary of Failures:
  /home/zchen/gpu-forward-progress-tests-suites/test_reduce/variant_969.amber

Summary: 0 pass, 1 fail
----------------------------

Generating amber test for: ../reduction_results/cezanne_radeon_vega/syn_lock_step_release/variant_501/variant_501.comp
running test: /home/zchen/gpu-forward-progress-tests-suites/test_reduce/variant_501.amber
timeout -k 1 15 amber /home/zchen/gpu-forward-progress-tests-suites/test_reduce/variant_501.amber  -d -t spv1.5  >> temp_results.txt 2>&1
I (ignored error)
--- Ignored error output ---
/home/zchen/gpu-forward-progress-tests-suites/test_reduce/variant_501.amber: -:26: error: 'atomicAnd' : Only l-values corresponding to shader block storage or shared variables can be used with atomic memory functions.


Summary of Failures:
  /home/zchen/gpu-forward-progress-tests-suites/test_reduce/variant_501.amber

Summary: 0 pass, 1 fail
----------------------------

Generating amber test for: ../reduction_results/cezanne_radeon_vega/syn_lock_step_release/variant_023/variant_023.comp
running test: /home/zchen/gpu-forward-progress-tests-suites/test_reduce/variant_023.amber
timeout -k 1 15 amber /home/zchen/gpu-forward-progress-tests-suites/test_reduce/variant_023.amber  -d -t spv1.5  >> temp_results.txt 2>&1
I (ignored error)
--- Ignored error output ---
/home/zchen/gpu-forward-progress-tests-suites/test_reduce/variant_023.amber: -:27: error: 'atomicXor' : Only l-values corresponding to shader block storage or shared variables can be used with atomic memory functions.


Summary of Failures:
  /home/zchen/gpu-forward-progress-tests-suites/test_reduce/variant_023.amber

Summary: 0 pass, 1 fail
----------------------------

Generating amber test for: ../reduction_results/cezanne_radeon_vega/syn_lock_step_release/variant_415/variant_415.comp
running test: /home/zchen/gpu-forward-progress-tests-suites/test_reduce/variant_415.amber
timeout -k 1 15 amber /home/zchen/gpu-forward-progress-tests-suites/test_reduce/variant_415.amber  -d -t spv1.5  >> temp_results.txt 2>&1
I (ignored error)
--- Ignored error output ---
/home/zchen/gpu-forward-progress-tests-suites/test_reduce/variant_415.amber: -:25: error: 'atomicExchange' : Only l-values corresponding to shader block storage or shared variables can be used with atomic memory functions.
-:25: error: 'atomicMin' : Only l-values corresponding to shader block storage or shared variables can be used with atomic memory functions.


Summary of Failures:
  /home/zchen/gpu-forward-progress-tests-suites/test_reduce/variant_415.amber

Summary: 0 pass, 1 fail
----------------------------

Generating amber test for: ../reduction_results/cezanne_radeon_vega/syn_lock_step_release/variant_311/variant_311.comp
running test: /home/zchen/gpu-forward-progress-tests-suites/test_reduce/variant_311.amber
timeout -k 1 15 amber /home/zchen/gpu-forward-progress-tests-suites/test_reduce/variant_311.amber  -d -t spv1.5  >> temp_results.txt 2>&1
I (ignored error)
--- Ignored error output ---
/home/zchen/gpu-forward-progress-tests-suites/test_reduce/variant_311.amber: -:22: error: 'atomicExchange' : Only l-values corresponding to shader block storage or shared variables can be used with atomic memory functions.


Summary of Failures:
  /home/zchen/gpu-forward-progress-tests-suites/test_reduce/variant_311.amber

Summary: 0 pass, 1 fail
----------------------------

Generating amber test for: ../reduction_results/cezanne_radeon_vega/syn_lock_step_release/variant_732/variant_732.comp
running test: /home/zchen/gpu-forward-progress-tests-suites/test_reduce/variant_732.amber
timeout -k 1 15 amber /home/zchen/gpu-forward-progress-tests-suites/test_reduce/variant_732.amber  -d -t spv1.5  >> temp_results.txt 2>&1
I (ignored error)
--- Ignored error output ---
/home/zchen/gpu-forward-progress-tests-suites/test_reduce/variant_732.amber: -:1656: error: 'atomicOr' : Only l-values corresponding to shader block storage or shared variables can be used with atomic memory functions.


Summary of Failures:
  /home/zchen/gpu-forward-progress-tests-suites/test_reduce/variant_732.amber

Summary: 0 pass, 1 fail
----------------------------

Generating amber test for: ../reduction_results/cezanne_radeon_vega/syn_lock_step_release/variant_060/variant_060.comp
running test: /home/zchen/gpu-forward-progress-tests-suites/test_reduce/variant_060.amber
timeout -k 1 15 amber /home/zchen/gpu-forward-progress-tests-suites/test_reduce/variant_060.amber  -d -t spv1.5  >> temp_results.txt 2>&1
I (ignored error)
--- Ignored error output ---
/home/zchen/gpu-forward-progress-tests-suites/test_reduce/variant_060.amber: -:382: error: 'atomicXor' : Only l-values corresponding to shader block storage or shared variables can be used with atomic memory functions.


Summary of Failures:
  /home/zchen/gpu-forward-progress-tests-suites/test_reduce/variant_060.amber

Summary: 0 pass, 1 fail
----------------------------

Generating amber test for: ../reduction_results/cezanne_radeon_vega/syn_lock_step_release/variant_748/variant_748.comp
running test: /home/zchen/gpu-forward-progress-tests-suites/test_reduce/variant_748.amber
timeout -k 1 15 amber /home/zchen/gpu-forward-progress-tests-suites/test_reduce/variant_748.amber  -d -t spv1.5  >> temp_results.txt 2>&1
I (ignored error)
--- Ignored error output ---
/home/zchen/gpu-forward-progress-tests-suites/test_reduce/variant_748.amber: -:27: error: 'atomicCompSwap' : Only l-values corresponding to shader block storage or shared variables can be used with atomic memory functions.


Summary of Failures:
  /home/zchen/gpu-forward-progress-tests-suites/test_reduce/variant_748.amber

Summary: 0 pass, 1 fail
----------------------------

Generating amber test for: ../reduction_results/cezanne_radeon_vega/syn_lock_step_release/variant_154/variant_154.comp
running test: /home/zchen/gpu-forward-progress-tests-suites/test_reduce/variant_154.amber
timeout -k 1 15 amber /home/zchen/gpu-forward-progress-tests-suites/test_reduce/variant_154.amber  -d -t spv1.5  >> temp_results.txt 2>&1
I (ignored error)
--- Ignored error output ---
/home/zchen/gpu-forward-progress-tests-suites/test_reduce/variant_154.amber: -:26: error: 'atomicXor' : Only l-values corresponding to shader block storage or shared variables can be used with atomic memory functions.


Summary of Failures:
  /home/zchen/gpu-forward-progress-tests-suites/test_reduce/variant_154.amber

Summary: 0 pass, 1 fail
----------------------------

Generating amber test for: ../reduction_results/cezanne_radeon_vega/syn_lock_step_release/variant_634/variant_634.comp
running test: /home/zchen/gpu-forward-progress-tests-suites/test_reduce/variant_634.amber
timeout -k 1 15 amber /home/zchen/gpu-forward-progress-tests-suites/test_reduce/variant_634.amber  -d -t spv1.5  >> temp_results.txt 2>&1
I (ignored error)
--- Ignored error output ---
/home/zchen/gpu-forward-progress-tests-suites/test_reduce/variant_634.amber: -:34: error: 'atomicAnd' : Only l-values corresponding to shader block storage or shared variables can be used with atomic memory functions.


Summary of Failures:
  /home/zchen/gpu-forward-progress-tests-suites/test_reduce/variant_634.amber

Summary: 0 pass, 1 fail
----------------------------

Generating amber test for: ../reduction_results/cezanne_radeon_vega/syn_lock_step_release/variant_620/variant_620.comp
running test: /home/zchen/gpu-forward-progress-tests-suites/test_reduce/variant_620.amber
timeout -k 1 15 amber /home/zchen/gpu-forward-progress-tests-suites/test_reduce/variant_620.amber  -d -t spv1.5  >> temp_results.txt 2>&1
I (ignored error)
--- Ignored error output ---
/home/zchen/gpu-forward-progress-tests-suites/test_reduce/variant_620.amber: -:57: error: 'atomicXor' : Only l-values corresponding to shader block storage or shared variables can be used with atomic memory functions.


Summary of Failures:
  /home/zchen/gpu-forward-progress-tests-suites/test_reduce/variant_620.amber

Summary: 0 pass, 1 fail
----------------------------

Generating amber test for: ../reduction_results/cezanne_radeon_vega/syn_lock_step_release/variant_892/variant_892.comp
running test: /home/zchen/gpu-forward-progress-tests-suites/test_reduce/variant_892.amber
timeout -k 1 15 amber /home/zchen/gpu-forward-progress-tests-suites/test_reduce/variant_892.amber  -d -t spv1.5  >> temp_results.txt 2>&1
I (ignored error)
--- Ignored error output ---
/home/zchen/gpu-forward-progress-tests-suites/test_reduce/variant_892.amber: -:25: error: 'atomicAnd' : Only l-values corresponding to shader block storage or shared variables can be used with atomic memory functions.


Summary of Failures:
  /home/zchen/gpu-forward-progress-tests-suites/test_reduce/variant_892.amber

Summary: 0 pass, 1 fail
----------------------------

Generating amber test for: ../reduction_results/cezanne_radeon_vega/syn_lock_step_release/variant_934/variant_934.comp
running test: /home/zchen/gpu-forward-progress-tests-suites/test_reduce/variant_934.amber
timeout -k 1 15 amber /home/zchen/gpu-forward-progress-tests-suites/test_reduce/variant_934.amber  -d -t spv1.5  >> temp_results.txt 2>&1
I (ignored error)
--- Ignored error output ---
/home/zchen/gpu-forward-progress-tests-suites/test_reduce/variant_934.amber: -:24: error: 'atomicAdd' : Only l-values corresponding to shader block storage or shared variables can be used with atomic memory functions.


Summary of Failures:
  /home/zchen/gpu-forward-progress-tests-suites/test_reduce/variant_934.amber

Summary: 0 pass, 1 fail
----------------------------

Generating amber test for: ../reduction_results/cezanne_radeon_vega/syn_lock_step_release/variant_555/variant_555.comp
running test: /home/zchen/gpu-forward-progress-tests-suites/test_reduce/variant_555.amber
timeout -k 1 15 amber /home/zchen/gpu-forward-progress-tests-suites/test_reduce/variant_555.amber  -d -t spv1.5  >> temp_results.txt 2>&1
I (ignored error)
--- Ignored error output ---
/home/zchen/gpu-forward-progress-tests-suites/test_reduce/variant_555.amber: -:25: error: 'atomicAnd' : Only l-values corresponding to shader block storage or shared variables can be used with atomic memory functions.


Summary of Failures:
  /home/zchen/gpu-forward-progress-tests-suites/test_reduce/variant_555.amber

Summary: 0 pass, 1 fail
----------------------------

Generating amber test for: ../reduction_results/cezanne_radeon_vega/syn_lock_step_release/variant_817/variant_817.comp
running test: /home/zchen/gpu-forward-progress-tests-suites/test_reduce/variant_817.amber
timeout -k 1 15 amber /home/zchen/gpu-forward-progress-tests-suites/test_reduce/variant_817.amber  -d -t spv1.5  >> temp_results.txt 2>&1
I (ignored error)
--- Ignored error output ---
/home/zchen/gpu-forward-progress-tests-suites/test_reduce/variant_817.amber: -:23: error: 'atomicMax' : Only l-values corresponding to shader block storage or shared variables can be used with atomic memory functions.


Summary of Failures:
  /home/zchen/gpu-forward-progress-tests-suites/test_reduce/variant_817.amber

Summary: 0 pass, 1 fail
----------------------------

Generating amber test for: ../reduction_results/cezanne_radeon_vega/syn_lock_step_release/variant_319/variant_319.comp
running test: /home/zchen/gpu-forward-progress-tests-suites/test_reduce/variant_319.amber
timeout -k 1 15 amber /home/zchen/gpu-forward-progress-tests-suites/test_reduce/variant_319.amber  -d -t spv1.5  >> temp_results.txt 2>&1
I (ignored error)
--- Ignored error output ---
/home/zchen/gpu-forward-progress-tests-suites/test_reduce/variant_319.amber: -:205: error: 'atomicMax' : Only l-values corresponding to shader block storage or shared variables can be used with atomic memory functions.


Summary of Failures:
  /home/zchen/gpu-forward-progress-tests-suites/test_reduce/variant_319.amber

Summary: 0 pass, 1 fail
----------------------------

Generating amber test for: ../reduction_results/cezanne_radeon_vega/syn_lock_step_release/variant_860/variant_860.comp
running test: /home/zchen/gpu-forward-progress-tests-suites/test_reduce/variant_860.amber
timeout -k 1 15 amber /home/zchen/gpu-forward-progress-tests-suites/test_reduce/variant_860.amber  -d -t spv1.5  >> temp_results.txt 2>&1
I (ignored error)
--- Ignored error output ---
/home/zchen/gpu-forward-progress-tests-suites/test_reduce/variant_860.amber: -:180: error: 'atomicExchange' : Only l-values corresponding to shader block storage or shared variables can be used with atomic memory functions.


Summary of Failures:
  /home/zchen/gpu-forward-progress-tests-suites/test_reduce/variant_860.amber

Summary: 0 pass, 1 fail
----------------------------

Generating amber test for: ../reduction_results/cezanne_radeon_vega/syn_lock_step_release/variant_890/variant_890.comp
running test: /home/zchen/gpu-forward-progress-tests-suites/test_reduce/variant_890.amber
timeout -k 1 15 amber /home/zchen/gpu-forward-progress-tests-suites/test_reduce/variant_890.amber  -d -t spv1.5  >> temp_results.txt 2>&1
I (ignored error)
--- Ignored error output ---
/home/zchen/gpu-forward-progress-tests-suites/test_reduce/variant_890.amber: -:36: error: 'atomicCompSwap' : Only l-values corresponding to shader block storage or shared variables can be used with atomic memory functions.


Summary of Failures:
  /home/zchen/gpu-forward-progress-tests-suites/test_reduce/variant_890.amber

Summary: 0 pass, 1 fail
----------------------------

Legend: P = Passed, F = Failed, I = Ignored known error

Finished running tests!

writing simple ascii table to:
results/syn_lock_step_release/simple_final_results-2025-04-17.txt

writing iteration-based ascii table to:
results/syn_lock_step_release/iteration_based_final_results-2025-04-17.txt

writing simple csv table to:
results/syn_lock_step_release/simple_final_results-2025-04-17.csv

writing simple csv table to:
results/syn_lock_step_release/simple_final_results-2025-04-17.csv

writing colored html table to:
results/syn_lock_step_release/html-colored-table2025-04-17.html


Execution time (s):
32.225550174713135
