Date and Time:
15/04/2025 13:58:01
Computer:
shrike

storing vulkaninfo to: results/syn_subgroup_op_relax/vulkaninfo.txt

Generating amber test for: ../reduction_results/rtx_4070/syn_subgroup_op_relax/variant_939/variant_939.comp
running test: /home/zchen/gpu-forward-progress-tests-suites/test_reduce/variant_939.amber
timeout -k 1 15 amber /home/zchen/gpu-forward-progress-tests-suites/test_reduce/variant_939.amber  -d -t spv1.5  >> temp_results.txt 2>&1
P

Generating amber test for: ../reduction_results/rtx_4070/syn_subgroup_op_relax/variant_415/variant_415.comp
running test: /home/zchen/gpu-forward-progress-tests-suites/test_reduce/variant_415.amber
timeout -k 1 15 amber /home/zchen/gpu-forward-progress-tests-suites/test_reduce/variant_415.amber  -d -t spv1.5  >> temp_results.txt 2>&1
P

Generating amber test for: ../reduction_results/rtx_4070/syn_subgroup_op_relax/variant_149/variant_149.comp
running test: /home/zchen/gpu-forward-progress-tests-suites/test_reduce/variant_149.amber
timeout -k 1 15 amber /home/zchen/gpu-forward-progress-tests-suites/test_reduce/variant_149.amber  -d -t spv1.5  >> temp_results.txt 2>&1
F
--- Error output ---
/home/zchen/gpu-forward-progress-tests-suites/test_reduce/variant_149.amber: -:38: error: 'atomicXor' : Only l-values corresponding to shader block storage or shared variables can be used with atomic memory functions.


Summary of Failures:
  /home/zchen/gpu-forward-progress-tests-suites/test_reduce/variant_149.amber

Summary: 0 pass, 1 fail

--------------------

Generating amber test for: ../reduction_results/rtx_4070/syn_subgroup_op_relax/variant_075/variant_075.comp
running test: /home/zchen/gpu-forward-progress-tests-suites/test_reduce/variant_075.amber
timeout -k 1 15 amber /home/zchen/gpu-forward-progress-tests-suites/test_reduce/variant_075.amber  -d -t spv1.5  >> temp_results.txt 2>&1
F
--- Error output ---
/home/zchen/gpu-forward-progress-tests-suites/test_reduce/variant_075.amber: -:672: error: 'atomicMax' : Only l-values corresponding to shader block storage or shared variables can be used with atomic memory functions.
-:913: error: 'atomicMin' : Only l-values corresponding to shader block storage or shared variables can be used with atomic memory functions.
-:1849: error: 'atomicMin' : Only l-values corresponding to shader block storage or shared variables can be used with atomic memory functions.
-:4245: error: 'atomicAdd' : Only l-values corresponding to shader block storage or shared variables can be used with atomic memory functions.


Summary of Failures:
  /home/zchen/gpu-forward-progress-tests-suites/test_reduce/variant_075.amber

Summary: 0 pass, 1 fail

--------------------

Generating amber test for: ../reduction_results/rtx_4070/syn_subgroup_op_relax/variant_707/variant_707.comp
running test: /home/zchen/gpu-forward-progress-tests-suites/test_reduce/variant_707.amber
timeout -k 1 15 amber /home/zchen/gpu-forward-progress-tests-suites/test_reduce/variant_707.amber  -d -t spv1.5  >> temp_results.txt 2>&1
F
--- Error output ---
/home/zchen/gpu-forward-progress-tests-suites/test_reduce/variant_707.amber: -:115: error: 'atomicOr' : Only l-values corresponding to shader block storage or shared variables can be used with atomic memory functions.


Summary of Failures:
  /home/zchen/gpu-forward-progress-tests-suites/test_reduce/variant_707.amber

Summary: 0 pass, 1 fail

--------------------

Generating amber test for: ../reduction_results/rtx_4070/syn_subgroup_op_relax/variant_580/variant_580.comp
running test: /home/zchen/gpu-forward-progress-tests-suites/test_reduce/variant_580.amber
timeout -k 1 15 amber /home/zchen/gpu-forward-progress-tests-suites/test_reduce/variant_580.amber  -d -t spv1.5  >> temp_results.txt 2>&1
F
--- Error output ---
/home/zchen/gpu-forward-progress-tests-suites/test_reduce/variant_580.amber: -:25: error: 'atomicAnd' : Only l-values corresponding to shader block storage or shared variables can be used with atomic memory functions.


Summary of Failures:
  /home/zchen/gpu-forward-progress-tests-suites/test_reduce/variant_580.amber

Summary: 0 pass, 1 fail

--------------------

Generating amber test for: ../reduction_results/rtx_4070/syn_subgroup_op_relax/variant_620/variant_620.comp
running test: /home/zchen/gpu-forward-progress-tests-suites/test_reduce/variant_620.amber
timeout -k 1 15 amber /home/zchen/gpu-forward-progress-tests-suites/test_reduce/variant_620.amber  -d -t spv1.5  >> temp_results.txt 2>&1
F
--- Error output ---
/home/zchen/gpu-forward-progress-tests-suites/test_reduce/variant_620.amber: -:49: error: 'atomicOr' : Only l-values corresponding to shader block storage or shared variables can be used with atomic memory functions.


Summary of Failures:
  /home/zchen/gpu-forward-progress-tests-suites/test_reduce/variant_620.amber

Summary: 0 pass, 1 fail

--------------------

Generating amber test for: ../reduction_results/rtx_4070/syn_subgroup_op_relax/variant_565/variant_565.comp
running test: /home/zchen/gpu-forward-progress-tests-suites/test_reduce/variant_565.amber
timeout -k 1 15 amber /home/zchen/gpu-forward-progress-tests-suites/test_reduce/variant_565.amber  -d -t spv1.5  >> temp_results.txt 2>&1
P

Generating amber test for: ../reduction_results/rtx_4070/syn_subgroup_op_relax/variant_463/variant_463.comp
running test: /home/zchen/gpu-forward-progress-tests-suites/test_reduce/variant_463.amber
timeout -k 1 15 amber /home/zchen/gpu-forward-progress-tests-suites/test_reduce/variant_463.amber  -d -t spv1.5  >> temp_results.txt 2>&1
P

Generating amber test for: ../reduction_results/rtx_4070/syn_subgroup_op_relax/variant_034/variant_034.comp
running test: /home/zchen/gpu-forward-progress-tests-suites/test_reduce/variant_034.amber
timeout -k 1 15 amber /home/zchen/gpu-forward-progress-tests-suites/test_reduce/variant_034.amber  -d -t spv1.5  >> temp_results.txt 2>&1
P

Generating amber test for: ../reduction_results/rtx_4070/syn_subgroup_op_relax/variant_157/variant_157.comp
running test: /home/zchen/gpu-forward-progress-tests-suites/test_reduce/variant_157.amber
timeout -k 1 15 amber /home/zchen/gpu-forward-progress-tests-suites/test_reduce/variant_157.amber  -d -t spv1.5  >> temp_results.txt 2>&1
F
--- Error output ---
/home/zchen/gpu-forward-progress-tests-suites/test_reduce/variant_157.amber: -:25: error: 'atomicMax' : Only l-values corresponding to shader block storage or shared variables can be used with atomic memory functions.


Summary of Failures:
  /home/zchen/gpu-forward-progress-tests-suites/test_reduce/variant_157.amber

Summary: 0 pass, 1 fail

--------------------

Generating amber test for: ../reduction_results/rtx_4070/syn_subgroup_op_relax/variant_486/variant_486.comp
running test: /home/zchen/gpu-forward-progress-tests-suites/test_reduce/variant_486.amber
timeout -k 1 15 amber /home/zchen/gpu-forward-progress-tests-suites/test_reduce/variant_486.amber  -d -t spv1.5  >> temp_results.txt 2>&1
F
--- Error output ---
/home/zchen/gpu-forward-progress-tests-suites/test_reduce/variant_486.amber: -:205: error: 'atomicAdd' : Only l-values corresponding to shader block storage or shared variables can be used with atomic memory functions.


Summary of Failures:
  /home/zchen/gpu-forward-progress-tests-suites/test_reduce/variant_486.amber

Summary: 0 pass, 1 fail

--------------------

Generating amber test for: ../reduction_results/rtx_4070/syn_subgroup_op_relax/variant_462/variant_462.comp
running test: /home/zchen/gpu-forward-progress-tests-suites/test_reduce/variant_462.amber
timeout -k 1 15 amber /home/zchen/gpu-forward-progress-tests-suites/test_reduce/variant_462.amber  -d -t spv1.5  >> temp_results.txt 2>&1
P

Generating amber test for: ../reduction_results/rtx_4070/syn_subgroup_op_relax/variant_485/variant_485.comp
running test: /home/zchen/gpu-forward-progress-tests-suites/test_reduce/variant_485.amber
timeout -k 1 15 amber /home/zchen/gpu-forward-progress-tests-suites/test_reduce/variant_485.amber  -d -t spv1.5  >> temp_results.txt 2>&1
P

Generating amber test for: ../reduction_results/rtx_4070/syn_subgroup_op_relax/variant_484/variant_484.comp
running test: /home/zchen/gpu-forward-progress-tests-suites/test_reduce/variant_484.amber
timeout -k 1 15 amber /home/zchen/gpu-forward-progress-tests-suites/test_reduce/variant_484.amber  -d -t spv1.5  >> temp_results.txt 2>&1
P

Generating amber test for: ../reduction_results/rtx_4070/syn_subgroup_op_relax/variant_781/variant_781.comp
running test: /home/zchen/gpu-forward-progress-tests-suites/test_reduce/variant_781.amber
timeout -k 1 15 amber /home/zchen/gpu-forward-progress-tests-suites/test_reduce/variant_781.amber  -d -t spv1.5  >> temp_results.txt 2>&1
P

Generating amber test for: ../reduction_results/rtx_4070/syn_subgroup_op_relax/variant_345/variant_345.comp
running test: /home/zchen/gpu-forward-progress-tests-suites/test_reduce/variant_345.amber
timeout -k 1 15 amber /home/zchen/gpu-forward-progress-tests-suites/test_reduce/variant_345.amber  -d -t spv1.5  >> temp_results.txt 2>&1
P

Generating amber test for: ../reduction_results/rtx_4070/syn_subgroup_op_relax/variant_816/variant_816.comp
running test: /home/zchen/gpu-forward-progress-tests-suites/test_reduce/variant_816.amber
timeout -k 1 15 amber /home/zchen/gpu-forward-progress-tests-suites/test_reduce/variant_816.amber  -d -t spv1.5  >> temp_results.txt 2>&1
P

Generating amber test for: ../reduction_results/rtx_4070/syn_subgroup_op_relax/variant_790/variant_790.comp
running test: /home/zchen/gpu-forward-progress-tests-suites/test_reduce/variant_790.amber
timeout -k 1 15 amber /home/zchen/gpu-forward-progress-tests-suites/test_reduce/variant_790.amber  -d -t spv1.5  >> temp_results.txt 2>&1
P

Generating amber test for: ../reduction_results/rtx_4070/syn_subgroup_op_relax/variant_929/variant_929.comp
running test: /home/zchen/gpu-forward-progress-tests-suites/test_reduce/variant_929.amber
timeout -k 1 15 amber /home/zchen/gpu-forward-progress-tests-suites/test_reduce/variant_929.amber  -d -t spv1.5  >> temp_results.txt 2>&1
P

Generating amber test for: ../reduction_results/rtx_4070/syn_subgroup_op_relax/variant_789/variant_789.comp
running test: /home/zchen/gpu-forward-progress-tests-suites/test_reduce/variant_789.amber
timeout -k 1 15 amber /home/zchen/gpu-forward-progress-tests-suites/test_reduce/variant_789.amber  -d -t spv1.5  >> temp_results.txt 2>&1
P

Generating amber test for: ../reduction_results/rtx_4070/syn_subgroup_op_relax/variant_321/variant_321.comp
running test: /home/zchen/gpu-forward-progress-tests-suites/test_reduce/variant_321.amber
timeout -k 1 15 amber /home/zchen/gpu-forward-progress-tests-suites/test_reduce/variant_321.amber  -d -t spv1.5  >> temp_results.txt 2>&1
P

Generating amber test for: ../reduction_results/rtx_4070/syn_subgroup_op_relax/variant_211/variant_211.comp
running test: /home/zchen/gpu-forward-progress-tests-suites/test_reduce/variant_211.amber
timeout -k 1 15 amber /home/zchen/gpu-forward-progress-tests-suites/test_reduce/variant_211.amber  -d -t spv1.5  >> temp_results.txt 2>&1
P

Generating amber test for: ../reduction_results/rtx_4070/syn_subgroup_op_relax/variant_097/variant_097.comp
running test: /home/zchen/gpu-forward-progress-tests-suites/test_reduce/variant_097.amber
timeout -k 1 15 amber /home/zchen/gpu-forward-progress-tests-suites/test_reduce/variant_097.amber  -d -t spv1.5  >> temp_results.txt 2>&1
P

Generating amber test for: ../reduction_results/rtx_4070/syn_subgroup_op_relax/variant_739/variant_739.comp
running test: /home/zchen/gpu-forward-progress-tests-suites/test_reduce/variant_739.amber
timeout -k 1 15 amber /home/zchen/gpu-forward-progress-tests-suites/test_reduce/variant_739.amber  -d -t spv1.5  >> temp_results.txt 2>&1
P

Generating amber test for: ../reduction_results/rtx_4070/syn_subgroup_op_relax/variant_645/variant_645.comp
running test: /home/zchen/gpu-forward-progress-tests-suites/test_reduce/variant_645.amber
timeout -k 1 15 amber /home/zchen/gpu-forward-progress-tests-suites/test_reduce/variant_645.amber  -d -t spv1.5  >> temp_results.txt 2>&1
P

Generating amber test for: ../reduction_results/rtx_4070/syn_subgroup_op_relax/variant_719/variant_719.comp
running test: /home/zchen/gpu-forward-progress-tests-suites/test_reduce/variant_719.amber
timeout -k 1 15 amber /home/zchen/gpu-forward-progress-tests-suites/test_reduce/variant_719.amber  -d -t spv1.5  >> temp_results.txt 2>&1
P

Generating amber test for: ../reduction_results/rtx_4070/syn_subgroup_op_relax/variant_747/variant_747.comp
running test: /home/zchen/gpu-forward-progress-tests-suites/test_reduce/variant_747.amber
timeout -k 1 15 amber /home/zchen/gpu-forward-progress-tests-suites/test_reduce/variant_747.amber  -d -t spv1.5  >> temp_results.txt 2>&1
P

Generating amber test for: ../reduction_results/rtx_4070/syn_subgroup_op_relax/variant_956/variant_956.comp
running test: /home/zchen/gpu-forward-progress-tests-suites/test_reduce/variant_956.amber
timeout -k 1 15 amber /home/zchen/gpu-forward-progress-tests-suites/test_reduce/variant_956.amber  -d -t spv1.5  >> temp_results.txt 2>&1
P

Generating amber test for: ../reduction_results/rtx_4070/syn_subgroup_op_relax/variant_388/variant_388.comp
running test: /home/zchen/gpu-forward-progress-tests-suites/test_reduce/variant_388.amber
timeout -k 1 15 amber /home/zchen/gpu-forward-progress-tests-suites/test_reduce/variant_388.amber  -d -t spv1.5  >> temp_results.txt 2>&1
P

Generating amber test for: ../reduction_results/rtx_4070/syn_subgroup_op_relax/variant_015/variant_015.comp
running test: /home/zchen/gpu-forward-progress-tests-suites/test_reduce/variant_015.amber
timeout -k 1 15 amber /home/zchen/gpu-forward-progress-tests-suites/test_reduce/variant_015.amber  -d -t spv1.5  >> temp_results.txt 2>&1
P

Generating amber test for: ../reduction_results/rtx_4070/syn_subgroup_op_relax/variant_727/variant_727.comp
running test: /home/zchen/gpu-forward-progress-tests-suites/test_reduce/variant_727.amber
timeout -k 1 15 amber /home/zchen/gpu-forward-progress-tests-suites/test_reduce/variant_727.amber  -d -t spv1.5  >> temp_results.txt 2>&1
P

Generating amber test for: ../reduction_results/rtx_4070/syn_subgroup_op_relax/variant_735/variant_735.comp
running test: /home/zchen/gpu-forward-progress-tests-suites/test_reduce/variant_735.amber
timeout -k 1 15 amber /home/zchen/gpu-forward-progress-tests-suites/test_reduce/variant_735.amber  -d -t spv1.5  >> temp_results.txt 2>&1
F
--- Error output ---
/home/zchen/gpu-forward-progress-tests-suites/test_reduce/variant_735.amber: -:902: error: 'atomicXor' : Only l-values corresponding to shader block storage or shared variables can be used with atomic memory functions.


Summary of Failures:
  /home/zchen/gpu-forward-progress-tests-suites/test_reduce/variant_735.amber

Summary: 0 pass, 1 fail

--------------------

Generating amber test for: ../reduction_results/rtx_4070/syn_subgroup_op_relax/variant_031/variant_031.comp
running test: /home/zchen/gpu-forward-progress-tests-suites/test_reduce/variant_031.amber
timeout -k 1 15 amber /home/zchen/gpu-forward-progress-tests-suites/test_reduce/variant_031.amber  -d -t spv1.5  >> temp_results.txt 2>&1
P

Generating amber test for: ../reduction_results/rtx_4070/syn_subgroup_op_relax/variant_599/variant_599.comp
running test: /home/zchen/gpu-forward-progress-tests-suites/test_reduce/variant_599.amber
timeout -k 1 15 amber /home/zchen/gpu-forward-progress-tests-suites/test_reduce/variant_599.amber  -d -t spv1.5  >> temp_results.txt 2>&1
P

Generating amber test for: ../reduction_results/rtx_4070/syn_subgroup_op_relax/variant_212/variant_212.comp
running test: /home/zchen/gpu-forward-progress-tests-suites/test_reduce/variant_212.amber
timeout -k 1 15 amber /home/zchen/gpu-forward-progress-tests-suites/test_reduce/variant_212.amber  -d -t spv1.5  >> temp_results.txt 2>&1
P

Generating amber test for: ../reduction_results/rtx_4070/syn_subgroup_op_relax/variant_467/variant_467.comp
running test: /home/zchen/gpu-forward-progress-tests-suites/test_reduce/variant_467.amber
timeout -k 1 15 amber /home/zchen/gpu-forward-progress-tests-suites/test_reduce/variant_467.amber  -d -t spv1.5  >> temp_results.txt 2>&1
P

Generating amber test for: ../reduction_results/rtx_4070/syn_subgroup_op_relax/variant_190/variant_190.comp
running test: /home/zchen/gpu-forward-progress-tests-suites/test_reduce/variant_190.amber
timeout -k 1 15 amber /home/zchen/gpu-forward-progress-tests-suites/test_reduce/variant_190.amber  -d -t spv1.5  >> temp_results.txt 2>&1
P

Generating amber test for: ../reduction_results/rtx_4070/syn_subgroup_op_relax/variant_928/variant_928.comp
running test: /home/zchen/gpu-forward-progress-tests-suites/test_reduce/variant_928.amber
timeout -k 1 15 amber /home/zchen/gpu-forward-progress-tests-suites/test_reduce/variant_928.amber  -d -t spv1.5  >> temp_results.txt 2>&1
F
--- Error output ---
/home/zchen/gpu-forward-progress-tests-suites/test_reduce/variant_928.amber: -:188: error: 'atomicExchange' : Only l-values corresponding to shader block storage or shared variables can be used with atomic memory functions.


Summary of Failures:
  /home/zchen/gpu-forward-progress-tests-suites/test_reduce/variant_928.amber

Summary: 0 pass, 1 fail

--------------------

Generating amber test for: ../reduction_results/rtx_4070/syn_subgroup_op_relax/variant_490/variant_490.comp
running test: /home/zchen/gpu-forward-progress-tests-suites/test_reduce/variant_490.amber
timeout -k 1 15 amber /home/zchen/gpu-forward-progress-tests-suites/test_reduce/variant_490.amber  -d -t spv1.5  >> temp_results.txt 2>&1
P

Generating amber test for: ../reduction_results/rtx_4070/syn_subgroup_op_relax/variant_267/variant_267.comp
running test: /home/zchen/gpu-forward-progress-tests-suites/test_reduce/variant_267.amber
timeout -k 1 15 amber /home/zchen/gpu-forward-progress-tests-suites/test_reduce/variant_267.amber  -d -t spv1.5  >> temp_results.txt 2>&1
F
--- Error output ---
/home/zchen/gpu-forward-progress-tests-suites/test_reduce/variant_267.amber: -:63: error: 'atomicXor' : Only l-values corresponding to shader block storage or shared variables can be used with atomic memory functions.


Summary of Failures:
  /home/zchen/gpu-forward-progress-tests-suites/test_reduce/variant_267.amber

Summary: 0 pass, 1 fail

--------------------

Generating amber test for: ../reduction_results/rtx_4070/syn_subgroup_op_relax/variant_353/variant_353.comp
running test: /home/zchen/gpu-forward-progress-tests-suites/test_reduce/variant_353.amber
timeout -k 1 15 amber /home/zchen/gpu-forward-progress-tests-suites/test_reduce/variant_353.amber  -d -t spv1.5  >> temp_results.txt 2>&1
P

Generating amber test for: ../reduction_results/rtx_4070/syn_subgroup_op_relax/variant_413/variant_413.comp
running test: /home/zchen/gpu-forward-progress-tests-suites/test_reduce/variant_413.amber
timeout -k 1 15 amber /home/zchen/gpu-forward-progress-tests-suites/test_reduce/variant_413.amber  -d -t spv1.5  >> temp_results.txt 2>&1
P

Generating amber test for: ../reduction_results/rtx_4070/syn_subgroup_op_relax/variant_630/variant_630.comp
running test: /home/zchen/gpu-forward-progress-tests-suites/test_reduce/variant_630.amber
timeout -k 1 15 amber /home/zchen/gpu-forward-progress-tests-suites/test_reduce/variant_630.amber  -d -t spv1.5  >> temp_results.txt 2>&1
P

Generating amber test for: ../reduction_results/rtx_4070/syn_subgroup_op_relax/variant_894/variant_894.comp
running test: /home/zchen/gpu-forward-progress-tests-suites/test_reduce/variant_894.amber
timeout -k 1 15 amber /home/zchen/gpu-forward-progress-tests-suites/test_reduce/variant_894.amber  -d -t spv1.5  >> temp_results.txt 2>&1
P

Generating amber test for: ../reduction_results/rtx_4070/syn_subgroup_op_relax/variant_688/variant_688.comp
running test: /home/zchen/gpu-forward-progress-tests-suites/test_reduce/variant_688.amber
timeout -k 1 15 amber /home/zchen/gpu-forward-progress-tests-suites/test_reduce/variant_688.amber  -d -t spv1.5  >> temp_results.txt 2>&1
F
--- Error output ---
/home/zchen/gpu-forward-progress-tests-suites/test_reduce/variant_688.amber: -:58: error: 'atomicOr' : Only l-values corresponding to shader block storage or shared variables can be used with atomic memory functions.


Summary of Failures:
  /home/zchen/gpu-forward-progress-tests-suites/test_reduce/variant_688.amber

Summary: 0 pass, 1 fail

--------------------

Generating amber test for: ../reduction_results/rtx_4070/syn_subgroup_op_relax/variant_185/variant_185.comp
running test: /home/zchen/gpu-forward-progress-tests-suites/test_reduce/variant_185.amber
timeout -k 1 15 amber /home/zchen/gpu-forward-progress-tests-suites/test_reduce/variant_185.amber  -d -t spv1.5  >> temp_results.txt 2>&1
P

Generating amber test for: ../reduction_results/rtx_4070/syn_subgroup_op_relax/variant_823/variant_823.comp
running test: /home/zchen/gpu-forward-progress-tests-suites/test_reduce/variant_823.amber
timeout -k 1 15 amber /home/zchen/gpu-forward-progress-tests-suites/test_reduce/variant_823.amber  -d -t spv1.5  >> temp_results.txt 2>&1
P

Generating amber test for: ../reduction_results/rtx_4070/syn_subgroup_op_relax/variant_540/variant_540.comp
running test: /home/zchen/gpu-forward-progress-tests-suites/test_reduce/variant_540.amber
timeout -k 1 15 amber /home/zchen/gpu-forward-progress-tests-suites/test_reduce/variant_540.amber  -d -t spv1.5  >> temp_results.txt 2>&1
P

Generating amber test for: ../reduction_results/rtx_4070/syn_subgroup_op_relax/variant_199/variant_199.comp
running test: /home/zchen/gpu-forward-progress-tests-suites/test_reduce/variant_199.amber
timeout -k 1 15 amber /home/zchen/gpu-forward-progress-tests-suites/test_reduce/variant_199.amber  -d -t spv1.5  >> temp_results.txt 2>&1
P

Generating amber test for: ../reduction_results/rtx_4070/syn_subgroup_op_relax/variant_921/variant_921.comp
running test: /home/zchen/gpu-forward-progress-tests-suites/test_reduce/variant_921.amber
timeout -k 1 15 amber /home/zchen/gpu-forward-progress-tests-suites/test_reduce/variant_921.amber  -d -t spv1.5  >> temp_results.txt 2>&1
P

Generating amber test for: ../reduction_results/rtx_4070/syn_subgroup_op_relax/variant_820/variant_820.comp
running test: /home/zchen/gpu-forward-progress-tests-suites/test_reduce/variant_820.amber
timeout -k 1 15 amber /home/zchen/gpu-forward-progress-tests-suites/test_reduce/variant_820.amber  -d -t spv1.5  >> temp_results.txt 2>&1
P

Generating amber test for: ../reduction_results/rtx_4070/syn_subgroup_op_relax/variant_085/variant_085.comp
running test: /home/zchen/gpu-forward-progress-tests-suites/test_reduce/variant_085.amber
timeout -k 1 15 amber /home/zchen/gpu-forward-progress-tests-suites/test_reduce/variant_085.amber  -d -t spv1.5  >> temp_results.txt 2>&1
P

Generating amber test for: ../reduction_results/rtx_4070/syn_subgroup_op_relax/variant_868/variant_868.comp
running test: /home/zchen/gpu-forward-progress-tests-suites/test_reduce/variant_868.amber
timeout -k 1 15 amber /home/zchen/gpu-forward-progress-tests-suites/test_reduce/variant_868.amber  -d -t spv1.5  >> temp_results.txt 2>&1
P

Generating amber test for: ../reduction_results/rtx_4070/syn_subgroup_op_relax/variant_140/variant_140.comp
running test: /home/zchen/gpu-forward-progress-tests-suites/test_reduce/variant_140.amber
timeout -k 1 15 amber /home/zchen/gpu-forward-progress-tests-suites/test_reduce/variant_140.amber  -d -t spv1.5  >> temp_results.txt 2>&1
F
--- Error output ---
/home/zchen/gpu-forward-progress-tests-suites/test_reduce/variant_140.amber: -:1163: error: 'atomicAdd' : Only l-values corresponding to shader block storage or shared variables can be used with atomic memory functions.


Summary of Failures:
  /home/zchen/gpu-forward-progress-tests-suites/test_reduce/variant_140.amber

Summary: 0 pass, 1 fail

--------------------

Generating amber test for: ../reduction_results/rtx_4070/syn_subgroup_op_relax/variant_617/variant_617.comp
running test: /home/zchen/gpu-forward-progress-tests-suites/test_reduce/variant_617.amber
timeout -k 1 15 amber /home/zchen/gpu-forward-progress-tests-suites/test_reduce/variant_617.amber  -d -t spv1.5  >> temp_results.txt 2>&1
P

Generating amber test for: ../reduction_results/rtx_4070/syn_subgroup_op_relax/variant_722/variant_722.comp
running test: /home/zchen/gpu-forward-progress-tests-suites/test_reduce/variant_722.amber
timeout -k 1 15 amber /home/zchen/gpu-forward-progress-tests-suites/test_reduce/variant_722.amber  -d -t spv1.5  >> temp_results.txt 2>&1
F
--- Error output ---
/home/zchen/gpu-forward-progress-tests-suites/test_reduce/variant_722.amber: -:25: error: 'atomicExchange' : Only l-values corresponding to shader block storage or shared variables can be used with atomic memory functions.


Summary of Failures:
  /home/zchen/gpu-forward-progress-tests-suites/test_reduce/variant_722.amber

Summary: 0 pass, 1 fail

--------------------

Generating amber test for: ../reduction_results/rtx_4070/syn_subgroup_op_relax/variant_554/variant_554.comp
running test: /home/zchen/gpu-forward-progress-tests-suites/test_reduce/variant_554.amber
timeout -k 1 15 amber /home/zchen/gpu-forward-progress-tests-suites/test_reduce/variant_554.amber  -d -t spv1.5  >> temp_results.txt 2>&1
P

Generating amber test for: ../reduction_results/rtx_4070/syn_subgroup_op_relax/variant_657/variant_657.comp
running test: /home/zchen/gpu-forward-progress-tests-suites/test_reduce/variant_657.amber
timeout -k 1 15 amber /home/zchen/gpu-forward-progress-tests-suites/test_reduce/variant_657.amber  -d -t spv1.5  >> temp_results.txt 2>&1
P

Generating amber test for: ../reduction_results/rtx_4070/syn_subgroup_op_relax/variant_626/variant_626.comp
running test: /home/zchen/gpu-forward-progress-tests-suites/test_reduce/variant_626.amber
timeout -k 1 15 amber /home/zchen/gpu-forward-progress-tests-suites/test_reduce/variant_626.amber  -d -t spv1.5  >> temp_results.txt 2>&1
P

Generating amber test for: ../reduction_results/rtx_4070/syn_subgroup_op_relax/variant_055/variant_055.comp
running test: /home/zchen/gpu-forward-progress-tests-suites/test_reduce/variant_055.amber
timeout -k 1 15 amber /home/zchen/gpu-forward-progress-tests-suites/test_reduce/variant_055.amber  -d -t spv1.5  >> temp_results.txt 2>&1
P

Generating amber test for: ../reduction_results/rtx_4070/syn_subgroup_op_relax/variant_158/variant_158.comp
running test: /home/zchen/gpu-forward-progress-tests-suites/test_reduce/variant_158.amber
timeout -k 1 15 amber /home/zchen/gpu-forward-progress-tests-suites/test_reduce/variant_158.amber  -d -t spv1.5  >> temp_results.txt 2>&1
F
--- Error output ---
/home/zchen/gpu-forward-progress-tests-suites/test_reduce/variant_158.amber: -:110: error: 'atomicXor' : Only l-values corresponding to shader block storage or shared variables can be used with atomic memory functions.


Summary of Failures:
  /home/zchen/gpu-forward-progress-tests-suites/test_reduce/variant_158.amber

Summary: 0 pass, 1 fail

--------------------

Generating amber test for: ../reduction_results/rtx_4070/syn_subgroup_op_relax/variant_607/variant_607.comp
running test: /home/zchen/gpu-forward-progress-tests-suites/test_reduce/variant_607.amber
timeout -k 1 15 amber /home/zchen/gpu-forward-progress-tests-suites/test_reduce/variant_607.amber  -d -t spv1.5  >> temp_results.txt 2>&1
F
--- Error output ---
/home/zchen/gpu-forward-progress-tests-suites/test_reduce/variant_607.amber: -:27: error: 'atomicMin' : Only l-values corresponding to shader block storage or shared variables can be used with atomic memory functions.


Summary of Failures:
  /home/zchen/gpu-forward-progress-tests-suites/test_reduce/variant_607.amber

Summary: 0 pass, 1 fail

--------------------

Generating amber test for: ../reduction_results/rtx_4070/syn_subgroup_op_relax/variant_926/variant_926.comp
running test: /home/zchen/gpu-forward-progress-tests-suites/test_reduce/variant_926.amber
timeout -k 1 15 amber /home/zchen/gpu-forward-progress-tests-suites/test_reduce/variant_926.amber  -d -t spv1.5  >> temp_results.txt 2>&1
F
--- Error output ---
/home/zchen/gpu-forward-progress-tests-suites/test_reduce/variant_926.amber: -:135: error: 'atomicMin' : Only l-values corresponding to shader block storage or shared variables can be used with atomic memory functions.


Summary of Failures:
  /home/zchen/gpu-forward-progress-tests-suites/test_reduce/variant_926.amber

Summary: 0 pass, 1 fail

--------------------

Generating amber test for: ../reduction_results/rtx_4070/syn_subgroup_op_relax/variant_965/variant_965.comp
running test: /home/zchen/gpu-forward-progress-tests-suites/test_reduce/variant_965.amber
timeout -k 1 15 amber /home/zchen/gpu-forward-progress-tests-suites/test_reduce/variant_965.amber  -d -t spv1.5  >> temp_results.txt 2>&1
F
--- Error output ---
/home/zchen/gpu-forward-progress-tests-suites/test_reduce/variant_965.amber: -:1154: error: 'atomicAnd' : Only l-values corresponding to shader block storage or shared variables can be used with atomic memory functions.


Summary of Failures:
  /home/zchen/gpu-forward-progress-tests-suites/test_reduce/variant_965.amber

Summary: 0 pass, 1 fail

--------------------

Generating amber test for: ../reduction_results/rtx_4070/syn_subgroup_op_relax/variant_873/variant_873.comp
running test: /home/zchen/gpu-forward-progress-tests-suites/test_reduce/variant_873.amber
timeout -k 1 15 amber /home/zchen/gpu-forward-progress-tests-suites/test_reduce/variant_873.amber  -d -t spv1.5  >> temp_results.txt 2>&1
P

Generating amber test for: ../reduction_results/rtx_4070/syn_subgroup_op_relax/variant_483/variant_483.comp
running test: /home/zchen/gpu-forward-progress-tests-suites/test_reduce/variant_483.amber
timeout -k 1 15 amber /home/zchen/gpu-forward-progress-tests-suites/test_reduce/variant_483.amber  -d -t spv1.5  >> temp_results.txt 2>&1
F
--- Error output ---
/home/zchen/gpu-forward-progress-tests-suites/test_reduce/variant_483.amber: -:143: error: 'atomicExchange' : Only l-values corresponding to shader block storage or shared variables can be used with atomic memory functions.


Summary of Failures:
  /home/zchen/gpu-forward-progress-tests-suites/test_reduce/variant_483.amber

Summary: 0 pass, 1 fail

--------------------

Generating amber test for: ../reduction_results/rtx_4070/syn_subgroup_op_relax/variant_063/variant_063.comp
running test: /home/zchen/gpu-forward-progress-tests-suites/test_reduce/variant_063.amber
timeout -k 1 15 amber /home/zchen/gpu-forward-progress-tests-suites/test_reduce/variant_063.amber  -d -t spv1.5  >> temp_results.txt 2>&1
F
--- Error output ---
/home/zchen/gpu-forward-progress-tests-suites/test_reduce/variant_063.amber: -:109: error: 'atomicAnd' : Only l-values corresponding to shader block storage or shared variables can be used with atomic memory functions.


Summary of Failures:
  /home/zchen/gpu-forward-progress-tests-suites/test_reduce/variant_063.amber

Summary: 0 pass, 1 fail

--------------------

Generating amber test for: ../reduction_results/rtx_4070/syn_subgroup_op_relax/variant_711/variant_711.comp
running test: /home/zchen/gpu-forward-progress-tests-suites/test_reduce/variant_711.amber
timeout -k 1 15 amber /home/zchen/gpu-forward-progress-tests-suites/test_reduce/variant_711.amber  -d -t spv1.5  >> temp_results.txt 2>&1
P

Generating amber test for: ../reduction_results/rtx_4070/syn_subgroup_op_relax/variant_218/variant_218.comp
running test: /home/zchen/gpu-forward-progress-tests-suites/test_reduce/variant_218.amber
timeout -k 1 15 amber /home/zchen/gpu-forward-progress-tests-suites/test_reduce/variant_218.amber  -d -t spv1.5  >> temp_results.txt 2>&1
F
--- Error output ---
/home/zchen/gpu-forward-progress-tests-suites/test_reduce/variant_218.amber: -:55: error: 'atomicOr' : Only l-values corresponding to shader block storage or shared variables can be used with atomic memory functions.


Summary of Failures:
  /home/zchen/gpu-forward-progress-tests-suites/test_reduce/variant_218.amber

Summary: 0 pass, 1 fail

--------------------

Generating amber test for: ../reduction_results/rtx_4070/syn_subgroup_op_relax/variant_815/variant_815.comp
running test: /home/zchen/gpu-forward-progress-tests-suites/test_reduce/variant_815.amber
timeout -k 1 15 amber /home/zchen/gpu-forward-progress-tests-suites/test_reduce/variant_815.amber  -d -t spv1.5  >> temp_results.txt 2>&1
F
--- Error output ---
/home/zchen/gpu-forward-progress-tests-suites/test_reduce/variant_815.amber: -:289: error: 'atomicOr' : Only l-values corresponding to shader block storage or shared variables can be used with atomic memory functions.


Summary of Failures:
  /home/zchen/gpu-forward-progress-tests-suites/test_reduce/variant_815.amber

Summary: 0 pass, 1 fail

--------------------


Finished running tests!

writing simple ascii table to:
results/syn_subgroup_op_relax/simple_final_results-2025-04-15.txt

writing iteration-based ascii table to:
results/syn_subgroup_op_relax/iteration_based_final_results-2025-04-15.txt

writing simple csv table to:
results/syn_subgroup_op_relax/simple_final_results-2025-04-15.csv

writing simple csv table to:
results/syn_subgroup_op_relax/simple_final_results-2025-04-15.csv

writing colored html table to:
results/syn_subgroup_op_relax/html-colored-table2025-04-15.html


Execution time (s):
123.2262351512909
