Date and Time:
15/04/2025 13:49:47
Computer:
shrike

storing vulkaninfo to: results/syn_branch_syn_release/vulkaninfo.txt

Generating amber test for: ../reduction_results/rtx_4070/syn_branch_syn_release/variant_142/variant_142.comp
running test: /home/zchen/gpu-forward-progress-tests-suites/test_reduce/variant_142.amber
timeout -k 1 15 amber /home/zchen/gpu-forward-progress-tests-suites/test_reduce/variant_142.amber  -d -t spv1.5  >> temp_results.txt 2>&1
P

Generating amber test for: ../reduction_results/rtx_4070/syn_branch_syn_release/variant_257/variant_257.comp
running test: /home/zchen/gpu-forward-progress-tests-suites/test_reduce/variant_257.amber
timeout -k 1 15 amber /home/zchen/gpu-forward-progress-tests-suites/test_reduce/variant_257.amber  -d -t spv1.5  >> temp_results.txt 2>&1
P

Generating amber test for: ../reduction_results/rtx_4070/syn_branch_syn_release/variant_732/variant_732.comp
running test: /home/zchen/gpu-forward-progress-tests-suites/test_reduce/variant_732.amber
timeout -k 1 15 amber /home/zchen/gpu-forward-progress-tests-suites/test_reduce/variant_732.amber  -d -t spv1.5  >> temp_results.txt 2>&1
P

Generating amber test for: ../reduction_results/rtx_4070/syn_branch_syn_release/variant_188/variant_188.comp
running test: /home/zchen/gpu-forward-progress-tests-suites/test_reduce/variant_188.amber
timeout -k 1 15 amber /home/zchen/gpu-forward-progress-tests-suites/test_reduce/variant_188.amber  -d -t spv1.5  >> temp_results.txt 2>&1
P

Generating amber test for: ../reduction_results/rtx_4070/syn_branch_syn_release/variant_108/variant_108.comp
running test: /home/zchen/gpu-forward-progress-tests-suites/test_reduce/variant_108.amber
timeout -k 1 15 amber /home/zchen/gpu-forward-progress-tests-suites/test_reduce/variant_108.amber  -d -t spv1.5  >> temp_results.txt 2>&1
P

Generating amber test for: ../reduction_results/rtx_4070/syn_branch_syn_release/variant_935/variant_935.comp
running test: /home/zchen/gpu-forward-progress-tests-suites/test_reduce/variant_935.amber
timeout -k 1 15 amber /home/zchen/gpu-forward-progress-tests-suites/test_reduce/variant_935.amber  -d -t spv1.5  >> temp_results.txt 2>&1
F
--- Error output ---
/home/zchen/gpu-forward-progress-tests-suites/test_reduce/variant_935.amber: -:99: error: 'atomicAnd' : Only l-values corresponding to shader block storage or shared variables can be used with atomic memory functions.


Summary of Failures:
  /home/zchen/gpu-forward-progress-tests-suites/test_reduce/variant_935.amber

Summary: 0 pass, 1 fail

--------------------

Generating amber test for: ../reduction_results/rtx_4070/syn_branch_syn_release/variant_299/variant_299.comp
running test: /home/zchen/gpu-forward-progress-tests-suites/test_reduce/variant_299.amber
timeout -k 1 15 amber /home/zchen/gpu-forward-progress-tests-suites/test_reduce/variant_299.amber  -d -t spv1.5  >> temp_results.txt 2>&1
P

Generating amber test for: ../reduction_results/rtx_4070/syn_branch_syn_release/variant_808/variant_808.comp
running test: /home/zchen/gpu-forward-progress-tests-suites/test_reduce/variant_808.amber
timeout -k 1 15 amber /home/zchen/gpu-forward-progress-tests-suites/test_reduce/variant_808.amber  -d -t spv1.5  >> temp_results.txt 2>&1
P

Generating amber test for: ../reduction_results/rtx_4070/syn_branch_syn_release/variant_761/variant_761.comp
running test: /home/zchen/gpu-forward-progress-tests-suites/test_reduce/variant_761.amber
timeout -k 1 15 amber /home/zchen/gpu-forward-progress-tests-suites/test_reduce/variant_761.amber  -d -t spv1.5  >> temp_results.txt 2>&1
P

Generating amber test for: ../reduction_results/rtx_4070/syn_branch_syn_release/variant_733/variant_733.comp
running test: /home/zchen/gpu-forward-progress-tests-suites/test_reduce/variant_733.amber
timeout -k 1 15 amber /home/zchen/gpu-forward-progress-tests-suites/test_reduce/variant_733.amber  -d -t spv1.5  >> temp_results.txt 2>&1
F
--- Error output ---
/home/zchen/gpu-forward-progress-tests-suites/test_reduce/variant_733.amber: -:3210: error: 'atomicExchange' : Only l-values corresponding to shader block storage or shared variables can be used with atomic memory functions.


Summary of Failures:
  /home/zchen/gpu-forward-progress-tests-suites/test_reduce/variant_733.amber

Summary: 0 pass, 1 fail

--------------------

Generating amber test for: ../reduction_results/rtx_4070/syn_branch_syn_release/variant_714/variant_714.comp
running test: /home/zchen/gpu-forward-progress-tests-suites/test_reduce/variant_714.amber
timeout -k 1 15 amber /home/zchen/gpu-forward-progress-tests-suites/test_reduce/variant_714.amber  -d -t spv1.5  >> temp_results.txt 2>&1
P

Generating amber test for: ../reduction_results/rtx_4070/syn_branch_syn_release/variant_174/variant_174.comp
running test: /home/zchen/gpu-forward-progress-tests-suites/test_reduce/variant_174.amber
timeout -k 1 15 amber /home/zchen/gpu-forward-progress-tests-suites/test_reduce/variant_174.amber  -d -t spv1.5  >> temp_results.txt 2>&1
F
--- Error output ---
/home/zchen/gpu-forward-progress-tests-suites/test_reduce/variant_174.amber: -:197: error: 'atomicOr' : Only l-values corresponding to shader block storage or shared variables can be used with atomic memory functions.


Summary of Failures:
  /home/zchen/gpu-forward-progress-tests-suites/test_reduce/variant_174.amber

Summary: 0 pass, 1 fail

--------------------

Generating amber test for: ../reduction_results/rtx_4070/syn_branch_syn_release/variant_061/variant_061.comp
running test: /home/zchen/gpu-forward-progress-tests-suites/test_reduce/variant_061.amber
timeout -k 1 15 amber /home/zchen/gpu-forward-progress-tests-suites/test_reduce/variant_061.amber  -d -t spv1.5  >> temp_results.txt 2>&1
F
--- Error output ---
/home/zchen/gpu-forward-progress-tests-suites/test_reduce/variant_061.amber: -:38: error: 'atomicAnd' : Only l-values corresponding to shader block storage or shared variables can be used with atomic memory functions.


Summary of Failures:
  /home/zchen/gpu-forward-progress-tests-suites/test_reduce/variant_061.amber

Summary: 0 pass, 1 fail

--------------------

Generating amber test for: ../reduction_results/rtx_4070/syn_branch_syn_release/variant_157/variant_157.comp
running test: /home/zchen/gpu-forward-progress-tests-suites/test_reduce/variant_157.amber
timeout -k 1 15 amber /home/zchen/gpu-forward-progress-tests-suites/test_reduce/variant_157.amber  -d -t spv1.5  >> temp_results.txt 2>&1
P

Generating amber test for: ../reduction_results/rtx_4070/syn_branch_syn_release/variant_841/variant_841.comp
running test: /home/zchen/gpu-forward-progress-tests-suites/test_reduce/variant_841.amber
timeout -k 1 15 amber /home/zchen/gpu-forward-progress-tests-suites/test_reduce/variant_841.amber  -d -t spv1.5  >> temp_results.txt 2>&1
F
--- Error output ---
/home/zchen/gpu-forward-progress-tests-suites/test_reduce/variant_841.amber: -:27: error: 'atomicMax' : Only l-values corresponding to shader block storage or shared variables can be used with atomic memory functions.


Summary of Failures:
  /home/zchen/gpu-forward-progress-tests-suites/test_reduce/variant_841.amber

Summary: 0 pass, 1 fail

--------------------

Generating amber test for: ../reduction_results/rtx_4070/syn_branch_syn_release/variant_795/variant_795.comp
running test: /home/zchen/gpu-forward-progress-tests-suites/test_reduce/variant_795.amber
timeout -k 1 15 amber /home/zchen/gpu-forward-progress-tests-suites/test_reduce/variant_795.amber  -d -t spv1.5  >> temp_results.txt 2>&1
P

Generating amber test for: ../reduction_results/rtx_4070/syn_branch_syn_release/variant_805/variant_805.comp
running test: /home/zchen/gpu-forward-progress-tests-suites/test_reduce/variant_805.amber
timeout -k 1 15 amber /home/zchen/gpu-forward-progress-tests-suites/test_reduce/variant_805.amber  -d -t spv1.5  >> temp_results.txt 2>&1
F
--- Error output ---
/home/zchen/gpu-forward-progress-tests-suites/test_reduce/variant_805.amber: -:25: error: 'atomicCompSwap' : Only l-values corresponding to shader block storage or shared variables can be used with atomic memory functions.


Summary of Failures:
  /home/zchen/gpu-forward-progress-tests-suites/test_reduce/variant_805.amber

Summary: 0 pass, 1 fail

--------------------

Generating amber test for: ../reduction_results/rtx_4070/syn_branch_syn_release/variant_345/variant_345.comp
running test: /home/zchen/gpu-forward-progress-tests-suites/test_reduce/variant_345.amber
timeout -k 1 15 amber /home/zchen/gpu-forward-progress-tests-suites/test_reduce/variant_345.amber  -d -t spv1.5  >> temp_results.txt 2>&1
P

Generating amber test for: ../reduction_results/rtx_4070/syn_branch_syn_release/variant_741/variant_741.comp
running test: /home/zchen/gpu-forward-progress-tests-suites/test_reduce/variant_741.amber
timeout -k 1 15 amber /home/zchen/gpu-forward-progress-tests-suites/test_reduce/variant_741.amber  -d -t spv1.5  >> temp_results.txt 2>&1
P

Generating amber test for: ../reduction_results/rtx_4070/syn_branch_syn_release/variant_816/variant_816.comp
running test: /home/zchen/gpu-forward-progress-tests-suites/test_reduce/variant_816.amber
timeout -k 1 15 amber /home/zchen/gpu-forward-progress-tests-suites/test_reduce/variant_816.amber  -d -t spv1.5  >> temp_results.txt 2>&1
P

Generating amber test for: ../reduction_results/rtx_4070/syn_branch_syn_release/variant_307/variant_307.comp
running test: /home/zchen/gpu-forward-progress-tests-suites/test_reduce/variant_307.amber
timeout -k 1 15 amber /home/zchen/gpu-forward-progress-tests-suites/test_reduce/variant_307.amber  -d -t spv1.5  >> temp_results.txt 2>&1
F
--- Error output ---
/home/zchen/gpu-forward-progress-tests-suites/test_reduce/variant_307.amber: -:24: error: 'atomicOr' : Only l-values corresponding to shader block storage or shared variables can be used with atomic memory functions.


Summary of Failures:
  /home/zchen/gpu-forward-progress-tests-suites/test_reduce/variant_307.amber

Summary: 0 pass, 1 fail

--------------------

Generating amber test for: ../reduction_results/rtx_4070/syn_branch_syn_release/variant_937/variant_937.comp
running test: /home/zchen/gpu-forward-progress-tests-suites/test_reduce/variant_937.amber
timeout -k 1 15 amber /home/zchen/gpu-forward-progress-tests-suites/test_reduce/variant_937.amber  -d -t spv1.5  >> temp_results.txt 2>&1
P

Generating amber test for: ../reduction_results/rtx_4070/syn_branch_syn_release/variant_262/variant_262.comp
running test: /home/zchen/gpu-forward-progress-tests-suites/test_reduce/variant_262.amber
timeout -k 1 15 amber /home/zchen/gpu-forward-progress-tests-suites/test_reduce/variant_262.amber  -d -t spv1.5  >> temp_results.txt 2>&1
P

Generating amber test for: ../reduction_results/rtx_4070/syn_branch_syn_release/variant_298/variant_298.comp
running test: /home/zchen/gpu-forward-progress-tests-suites/test_reduce/variant_298.amber
timeout -k 1 15 amber /home/zchen/gpu-forward-progress-tests-suites/test_reduce/variant_298.amber  -d -t spv1.5  >> temp_results.txt 2>&1
P

Generating amber test for: ../reduction_results/rtx_4070/syn_branch_syn_release/variant_843/variant_843.comp
running test: /home/zchen/gpu-forward-progress-tests-suites/test_reduce/variant_843.amber
timeout -k 1 15 amber /home/zchen/gpu-forward-progress-tests-suites/test_reduce/variant_843.amber  -d -t spv1.5  >> temp_results.txt 2>&1
P

Generating amber test for: ../reduction_results/rtx_4070/syn_branch_syn_release/variant_532/variant_532.comp
running test: /home/zchen/gpu-forward-progress-tests-suites/test_reduce/variant_532.amber
timeout -k 1 15 amber /home/zchen/gpu-forward-progress-tests-suites/test_reduce/variant_532.amber  -d -t spv1.5  >> temp_results.txt 2>&1
P

Generating amber test for: ../reduction_results/rtx_4070/syn_branch_syn_release/variant_388/variant_388.comp
running test: /home/zchen/gpu-forward-progress-tests-suites/test_reduce/variant_388.amber
timeout -k 1 15 amber /home/zchen/gpu-forward-progress-tests-suites/test_reduce/variant_388.amber  -d -t spv1.5  >> temp_results.txt 2>&1
F
--- Error output ---
/home/zchen/gpu-forward-progress-tests-suites/test_reduce/variant_388.amber: -:123: error: 'atomicOr' : Only l-values corresponding to shader block storage or shared variables can be used with atomic memory functions.


Summary of Failures:
  /home/zchen/gpu-forward-progress-tests-suites/test_reduce/variant_388.amber

Summary: 0 pass, 1 fail

--------------------

Generating amber test for: ../reduction_results/rtx_4070/syn_branch_syn_release/variant_141/variant_141.comp
running test: /home/zchen/gpu-forward-progress-tests-suites/test_reduce/variant_141.amber
timeout -k 1 15 amber /home/zchen/gpu-forward-progress-tests-suites/test_reduce/variant_141.amber  -d -t spv1.5  >> temp_results.txt 2>&1
F
--- Error output ---
/home/zchen/gpu-forward-progress-tests-suites/test_reduce/variant_141.amber: -:149: error: 'atomicMax' : Only l-values corresponding to shader block storage or shared variables can be used with atomic memory functions.


Summary of Failures:
  /home/zchen/gpu-forward-progress-tests-suites/test_reduce/variant_141.amber

Summary: 0 pass, 1 fail

--------------------

Generating amber test for: ../reduction_results/rtx_4070/syn_branch_syn_release/variant_783/variant_783.comp
running test: /home/zchen/gpu-forward-progress-tests-suites/test_reduce/variant_783.amber
timeout -k 1 15 amber /home/zchen/gpu-forward-progress-tests-suites/test_reduce/variant_783.amber  -d -t spv1.5  >> temp_results.txt 2>&1
P

Generating amber test for: ../reduction_results/rtx_4070/syn_branch_syn_release/variant_628/variant_628.comp
running test: /home/zchen/gpu-forward-progress-tests-suites/test_reduce/variant_628.amber
timeout -k 1 15 amber /home/zchen/gpu-forward-progress-tests-suites/test_reduce/variant_628.amber  -d -t spv1.5  >> temp_results.txt 2>&1
P

Generating amber test for: ../reduction_results/rtx_4070/syn_branch_syn_release/variant_840/variant_840.comp
running test: /home/zchen/gpu-forward-progress-tests-suites/test_reduce/variant_840.amber
timeout -k 1 15 amber /home/zchen/gpu-forward-progress-tests-suites/test_reduce/variant_840.amber  -d -t spv1.5  >> temp_results.txt 2>&1
P

Generating amber test for: ../reduction_results/rtx_4070/syn_branch_syn_release/variant_980/variant_980.comp
running test: /home/zchen/gpu-forward-progress-tests-suites/test_reduce/variant_980.amber
timeout -k 1 15 amber /home/zchen/gpu-forward-progress-tests-suites/test_reduce/variant_980.amber  -d -t spv1.5  >> temp_results.txt 2>&1
P

Generating amber test for: ../reduction_results/rtx_4070/syn_branch_syn_release/variant_067/variant_067.comp
running test: /home/zchen/gpu-forward-progress-tests-suites/test_reduce/variant_067.amber
timeout -k 1 15 amber /home/zchen/gpu-forward-progress-tests-suites/test_reduce/variant_067.amber  -d -t spv1.5  >> temp_results.txt 2>&1
F
--- Error output ---
/home/zchen/gpu-forward-progress-tests-suites/test_reduce/variant_067.amber: -:653: error: 'atomicMin' : Only l-values corresponding to shader block storage or shared variables can be used with atomic memory functions.


Summary of Failures:
  /home/zchen/gpu-forward-progress-tests-suites/test_reduce/variant_067.amber

Summary: 0 pass, 1 fail

--------------------

Generating amber test for: ../reduction_results/rtx_4070/syn_branch_syn_release/variant_215/variant_215.comp
running test: /home/zchen/gpu-forward-progress-tests-suites/test_reduce/variant_215.amber
timeout -k 1 15 amber /home/zchen/gpu-forward-progress-tests-suites/test_reduce/variant_215.amber  -d -t spv1.5  >> temp_results.txt 2>&1
F
--- Error output ---
/home/zchen/gpu-forward-progress-tests-suites/test_reduce/variant_215.amber: -:152: error: 'atomicOr' : Only l-values corresponding to shader block storage or shared variables can be used with atomic memory functions.


Summary of Failures:
  /home/zchen/gpu-forward-progress-tests-suites/test_reduce/variant_215.amber

Summary: 0 pass, 1 fail

--------------------

Generating amber test for: ../reduction_results/rtx_4070/syn_branch_syn_release/variant_801/variant_801.comp
running test: /home/zchen/gpu-forward-progress-tests-suites/test_reduce/variant_801.amber
timeout -k 1 15 amber /home/zchen/gpu-forward-progress-tests-suites/test_reduce/variant_801.amber  -d -t spv1.5  >> temp_results.txt 2>&1
P

Generating amber test for: ../reduction_results/rtx_4070/syn_branch_syn_release/variant_853/variant_853.comp
running test: /home/zchen/gpu-forward-progress-tests-suites/test_reduce/variant_853.amber
timeout -k 1 15 amber /home/zchen/gpu-forward-progress-tests-suites/test_reduce/variant_853.amber  -d -t spv1.5  >> temp_results.txt 2>&1
P

Generating amber test for: ../reduction_results/rtx_4070/syn_branch_syn_release/variant_810/variant_810.comp
running test: /home/zchen/gpu-forward-progress-tests-suites/test_reduce/variant_810.amber
timeout -k 1 15 amber /home/zchen/gpu-forward-progress-tests-suites/test_reduce/variant_810.amber  -d -t spv1.5  >> temp_results.txt 2>&1
F
--- Error output ---
/home/zchen/gpu-forward-progress-tests-suites/test_reduce/variant_810.amber: -:25: error: 'atomicAdd' : Only l-values corresponding to shader block storage or shared variables can be used with atomic memory functions.


Summary of Failures:
  /home/zchen/gpu-forward-progress-tests-suites/test_reduce/variant_810.amber

Summary: 0 pass, 1 fail

--------------------

Generating amber test for: ../reduction_results/rtx_4070/syn_branch_syn_release/variant_467/variant_467.comp
running test: /home/zchen/gpu-forward-progress-tests-suites/test_reduce/variant_467.amber
timeout -k 1 15 amber /home/zchen/gpu-forward-progress-tests-suites/test_reduce/variant_467.amber  -d -t spv1.5  >> temp_results.txt 2>&1
F
--- Error output ---
/home/zchen/gpu-forward-progress-tests-suites/test_reduce/variant_467.amber: -:184: error: 'atomicAdd' : Only l-values corresponding to shader block storage or shared variables can be used with atomic memory functions.


Summary of Failures:
  /home/zchen/gpu-forward-progress-tests-suites/test_reduce/variant_467.amber

Summary: 0 pass, 1 fail

--------------------

Generating amber test for: ../reduction_results/rtx_4070/syn_branch_syn_release/variant_506/variant_506.comp
running test: /home/zchen/gpu-forward-progress-tests-suites/test_reduce/variant_506.amber
timeout -k 1 15 amber /home/zchen/gpu-forward-progress-tests-suites/test_reduce/variant_506.amber  -d -t spv1.5  >> temp_results.txt 2>&1
P

Generating amber test for: ../reduction_results/rtx_4070/syn_branch_syn_release/variant_520/variant_520.comp
running test: /home/zchen/gpu-forward-progress-tests-suites/test_reduce/variant_520.amber
timeout -k 1 15 amber /home/zchen/gpu-forward-progress-tests-suites/test_reduce/variant_520.amber  -d -t spv1.5  >> temp_results.txt 2>&1
P

Generating amber test for: ../reduction_results/rtx_4070/syn_branch_syn_release/variant_928/variant_928.comp
running test: /home/zchen/gpu-forward-progress-tests-suites/test_reduce/variant_928.amber
timeout -k 1 15 amber /home/zchen/gpu-forward-progress-tests-suites/test_reduce/variant_928.amber  -d -t spv1.5  >> temp_results.txt 2>&1
F
--- Error output ---
/home/zchen/gpu-forward-progress-tests-suites/test_reduce/variant_928.amber: -:131: error: 'atomicMin' : Only l-values corresponding to shader block storage or shared variables can be used with atomic memory functions.


Summary of Failures:
  /home/zchen/gpu-forward-progress-tests-suites/test_reduce/variant_928.amber

Summary: 0 pass, 1 fail

--------------------

Generating amber test for: ../reduction_results/rtx_4070/syn_branch_syn_release/variant_970/variant_970.comp
running test: /home/zchen/gpu-forward-progress-tests-suites/test_reduce/variant_970.amber
timeout -k 1 15 amber /home/zchen/gpu-forward-progress-tests-suites/test_reduce/variant_970.amber  -d -t spv1.5  >> temp_results.txt 2>&1
F
--- Error output ---
/home/zchen/gpu-forward-progress-tests-suites/test_reduce/variant_970.amber: -:67: error: 'atomicOr' : Only l-values corresponding to shader block storage or shared variables can be used with atomic memory functions.


Summary of Failures:
  /home/zchen/gpu-forward-progress-tests-suites/test_reduce/variant_970.amber

Summary: 0 pass, 1 fail

--------------------

Generating amber test for: ../reduction_results/rtx_4070/syn_branch_syn_release/variant_523/variant_523.comp
running test: /home/zchen/gpu-forward-progress-tests-suites/test_reduce/variant_523.amber
timeout -k 1 15 amber /home/zchen/gpu-forward-progress-tests-suites/test_reduce/variant_523.amber  -d -t spv1.5  >> temp_results.txt 2>&1
F
--- Error output ---
/home/zchen/gpu-forward-progress-tests-suites/test_reduce/variant_523.amber: -:149: error: 'atomicAdd' : Only l-values corresponding to shader block storage or shared variables can be used with atomic memory functions.


Summary of Failures:
  /home/zchen/gpu-forward-progress-tests-suites/test_reduce/variant_523.amber

Summary: 0 pass, 1 fail

--------------------

Generating amber test for: ../reduction_results/rtx_4070/syn_branch_syn_release/variant_300/variant_300.comp
running test: /home/zchen/gpu-forward-progress-tests-suites/test_reduce/variant_300.amber
timeout -k 1 15 amber /home/zchen/gpu-forward-progress-tests-suites/test_reduce/variant_300.amber  -d -t spv1.5  >> temp_results.txt 2>&1
P

Generating amber test for: ../reduction_results/rtx_4070/syn_branch_syn_release/variant_804/variant_804.comp
running test: /home/zchen/gpu-forward-progress-tests-suites/test_reduce/variant_804.amber
timeout -k 1 15 amber /home/zchen/gpu-forward-progress-tests-suites/test_reduce/variant_804.amber  -d -t spv1.5  >> temp_results.txt 2>&1
P

Generating amber test for: ../reduction_results/rtx_4070/syn_branch_syn_release/variant_227/variant_227.comp
running test: /home/zchen/gpu-forward-progress-tests-suites/test_reduce/variant_227.amber
timeout -k 1 15 amber /home/zchen/gpu-forward-progress-tests-suites/test_reduce/variant_227.amber  -d -t spv1.5  >> temp_results.txt 2>&1
F
--- Error output ---
/home/zchen/gpu-forward-progress-tests-suites/test_reduce/variant_227.amber: -:139: error: 'atomicMin' : Only l-values corresponding to shader block storage or shared variables can be used with atomic memory functions.


Summary of Failures:
  /home/zchen/gpu-forward-progress-tests-suites/test_reduce/variant_227.amber

Summary: 0 pass, 1 fail

--------------------

Generating amber test for: ../reduction_results/rtx_4070/syn_branch_syn_release/variant_184/variant_184.comp
running test: /home/zchen/gpu-forward-progress-tests-suites/test_reduce/variant_184.amber
timeout -k 1 15 amber /home/zchen/gpu-forward-progress-tests-suites/test_reduce/variant_184.amber  -d -t spv1.5  >> temp_results.txt 2>&1
P

Generating amber test for: ../reduction_results/rtx_4070/syn_branch_syn_release/variant_209/variant_209.comp
running test: /home/zchen/gpu-forward-progress-tests-suites/test_reduce/variant_209.amber
timeout -k 1 15 amber /home/zchen/gpu-forward-progress-tests-suites/test_reduce/variant_209.amber  -d -t spv1.5  >> temp_results.txt 2>&1
P

Generating amber test for: ../reduction_results/rtx_4070/syn_branch_syn_release/variant_419/variant_419.comp
running test: /home/zchen/gpu-forward-progress-tests-suites/test_reduce/variant_419.amber
timeout -k 1 15 amber /home/zchen/gpu-forward-progress-tests-suites/test_reduce/variant_419.amber  -d -t spv1.5  >> temp_results.txt 2>&1
P

Generating amber test for: ../reduction_results/rtx_4070/syn_branch_syn_release/variant_866/variant_866.comp
running test: /home/zchen/gpu-forward-progress-tests-suites/test_reduce/variant_866.amber
timeout -k 1 15 amber /home/zchen/gpu-forward-progress-tests-suites/test_reduce/variant_866.amber  -d -t spv1.5  >> temp_results.txt 2>&1
F
--- Error output ---
/home/zchen/gpu-forward-progress-tests-suites/test_reduce/variant_866.amber: -:25: error: 'atomicExchange' : Only l-values corresponding to shader block storage or shared variables can be used with atomic memory functions.


Summary of Failures:
  /home/zchen/gpu-forward-progress-tests-suites/test_reduce/variant_866.amber

Summary: 0 pass, 1 fail

--------------------

Generating amber test for: ../reduction_results/rtx_4070/syn_branch_syn_release/variant_193/variant_193.comp
running test: /home/zchen/gpu-forward-progress-tests-suites/test_reduce/variant_193.amber
timeout -k 1 15 amber /home/zchen/gpu-forward-progress-tests-suites/test_reduce/variant_193.amber  -d -t spv1.5  >> temp_results.txt 2>&1
P

Generating amber test for: ../reduction_results/rtx_4070/syn_branch_syn_release/variant_339/variant_339.comp
running test: /home/zchen/gpu-forward-progress-tests-suites/test_reduce/variant_339.amber
timeout -k 1 15 amber /home/zchen/gpu-forward-progress-tests-suites/test_reduce/variant_339.amber  -d -t spv1.5  >> temp_results.txt 2>&1
P

Generating amber test for: ../reduction_results/rtx_4070/syn_branch_syn_release/variant_005/variant_005.comp
running test: /home/zchen/gpu-forward-progress-tests-suites/test_reduce/variant_005.amber
timeout -k 1 15 amber /home/zchen/gpu-forward-progress-tests-suites/test_reduce/variant_005.amber  -d -t spv1.5  >> temp_results.txt 2>&1
F
--- Error output ---
/home/zchen/gpu-forward-progress-tests-suites/test_reduce/variant_005.amber: -:24: error: 'atomicMin' : Only l-values corresponding to shader block storage or shared variables can be used with atomic memory functions.


Summary of Failures:
  /home/zchen/gpu-forward-progress-tests-suites/test_reduce/variant_005.amber

Summary: 0 pass, 1 fail

--------------------

Generating amber test for: ../reduction_results/rtx_4070/syn_branch_syn_release/variant_528/variant_528.comp
running test: /home/zchen/gpu-forward-progress-tests-suites/test_reduce/variant_528.amber
timeout -k 1 15 amber /home/zchen/gpu-forward-progress-tests-suites/test_reduce/variant_528.amber  -d -t spv1.5  >> temp_results.txt 2>&1
P

Generating amber test for: ../reduction_results/rtx_4070/syn_branch_syn_release/variant_403/variant_403.comp
running test: /home/zchen/gpu-forward-progress-tests-suites/test_reduce/variant_403.amber
timeout -k 1 15 amber /home/zchen/gpu-forward-progress-tests-suites/test_reduce/variant_403.amber  -d -t spv1.5  >> temp_results.txt 2>&1
F
--- Error output ---
/home/zchen/gpu-forward-progress-tests-suites/test_reduce/variant_403.amber: -:24: error: 'atomicExchange' : Only l-values corresponding to shader block storage or shared variables can be used with atomic memory functions.


Summary of Failures:
  /home/zchen/gpu-forward-progress-tests-suites/test_reduce/variant_403.amber

Summary: 0 pass, 1 fail

--------------------

Generating amber test for: ../reduction_results/rtx_4070/syn_branch_syn_release/variant_468/variant_468.comp
running test: /home/zchen/gpu-forward-progress-tests-suites/test_reduce/variant_468.amber
timeout -k 1 15 amber /home/zchen/gpu-forward-progress-tests-suites/test_reduce/variant_468.amber  -d -t spv1.5  >> temp_results.txt 2>&1
P

Generating amber test for: ../reduction_results/rtx_4070/syn_branch_syn_release/variant_530/variant_530.comp
running test: /home/zchen/gpu-forward-progress-tests-suites/test_reduce/variant_530.amber
timeout -k 1 15 amber /home/zchen/gpu-forward-progress-tests-suites/test_reduce/variant_530.amber  -d -t spv1.5  >> temp_results.txt 2>&1
P

Generating amber test for: ../reduction_results/rtx_4070/syn_branch_syn_release/variant_863/variant_863.comp
running test: /home/zchen/gpu-forward-progress-tests-suites/test_reduce/variant_863.amber
timeout -k 1 15 amber /home/zchen/gpu-forward-progress-tests-suites/test_reduce/variant_863.amber  -d -t spv1.5  >> temp_results.txt 2>&1
P

Generating amber test for: ../reduction_results/rtx_4070/syn_branch_syn_release/variant_429/variant_429.comp
running test: /home/zchen/gpu-forward-progress-tests-suites/test_reduce/variant_429.amber
timeout -k 1 15 amber /home/zchen/gpu-forward-progress-tests-suites/test_reduce/variant_429.amber  -d -t spv1.5  >> temp_results.txt 2>&1
F
--- Error output ---
/home/zchen/gpu-forward-progress-tests-suites/test_reduce/variant_429.amber: -:239: error: 'atomicMin' : Only l-values corresponding to shader block storage or shared variables can be used with atomic memory functions.


Summary of Failures:
  /home/zchen/gpu-forward-progress-tests-suites/test_reduce/variant_429.amber

Summary: 0 pass, 1 fail

--------------------

Generating amber test for: ../reduction_results/rtx_4070/syn_branch_syn_release/variant_996/variant_996.comp
running test: /home/zchen/gpu-forward-progress-tests-suites/test_reduce/variant_996.amber
timeout -k 1 15 amber /home/zchen/gpu-forward-progress-tests-suites/test_reduce/variant_996.amber  -d -t spv1.5  >> temp_results.txt 2>&1
P

Generating amber test for: ../reduction_results/rtx_4070/syn_branch_syn_release/variant_196/variant_196.comp
running test: /home/zchen/gpu-forward-progress-tests-suites/test_reduce/variant_196.amber
timeout -k 1 15 amber /home/zchen/gpu-forward-progress-tests-suites/test_reduce/variant_196.amber  -d -t spv1.5  >> temp_results.txt 2>&1
P

Generating amber test for: ../reduction_results/rtx_4070/syn_branch_syn_release/variant_382/variant_382.comp
running test: /home/zchen/gpu-forward-progress-tests-suites/test_reduce/variant_382.amber
timeout -k 1 15 amber /home/zchen/gpu-forward-progress-tests-suites/test_reduce/variant_382.amber  -d -t spv1.5  >> temp_results.txt 2>&1
P

Generating amber test for: ../reduction_results/rtx_4070/syn_branch_syn_release/variant_029/variant_029.comp
running test: /home/zchen/gpu-forward-progress-tests-suites/test_reduce/variant_029.amber
timeout -k 1 15 amber /home/zchen/gpu-forward-progress-tests-suites/test_reduce/variant_029.amber  -d -t spv1.5  >> temp_results.txt 2>&1
P


Finished running tests!

writing simple ascii table to:
results/syn_branch_syn_release/simple_final_results-2025-04-15.txt

writing iteration-based ascii table to:
results/syn_branch_syn_release/iteration_based_final_results-2025-04-15.txt

writing simple csv table to:
results/syn_branch_syn_release/simple_final_results-2025-04-15.csv

writing simple csv table to:
results/syn_branch_syn_release/simple_final_results-2025-04-15.csv

writing colored html table to:
results/syn_branch_syn_release/html-colored-table2025-04-15.html


Execution time (s):
115.17232513427734
