Date and Time:
17/04/2025 13:58:11
Computer:
waterthrush

storing vulkaninfo to: results/syn_subgroup_op_relax/vulkaninfo.txt

Generating amber test for: ../reduction_results/cezanne_radeon_vega/syn_subgroup_op_relax/variant_218/variant_218.comp
running test: /home/zchen/gpu-forward-progress-tests-suites/test_reduce/variant_218.amber
timeout -k 1 15 amber /home/zchen/gpu-forward-progress-tests-suites/test_reduce/variant_218.amber  -d -t spv1.5  >> temp_results.txt 2>&1
I (ignored error)
--- Ignored error output ---
/home/zchen/gpu-forward-progress-tests-suites/test_reduce/variant_218.amber: -:55: error: 'atomicOr' : Only l-values corresponding to shader block storage or shared variables can be used with atomic memory functions.


Summary of Failures:
  /home/zchen/gpu-forward-progress-tests-suites/test_reduce/variant_218.amber

Summary: 0 pass, 1 fail
----------------------------

Generating amber test for: ../reduction_results/cezanne_radeon_vega/syn_subgroup_op_relax/variant_149/variant_149.comp
running test: /home/zchen/gpu-forward-progress-tests-suites/test_reduce/variant_149.amber
timeout -k 1 15 amber /home/zchen/gpu-forward-progress-tests-suites/test_reduce/variant_149.amber  -d -t spv1.5  >> temp_results.txt 2>&1
I (ignored error)
--- Ignored error output ---
/home/zchen/gpu-forward-progress-tests-suites/test_reduce/variant_149.amber: -:38: error: 'atomicXor' : Only l-values corresponding to shader block storage or shared variables can be used with atomic memory functions.


Summary of Failures:
  /home/zchen/gpu-forward-progress-tests-suites/test_reduce/variant_149.amber

Summary: 0 pass, 1 fail
----------------------------

Generating amber test for: ../reduction_results/cezanne_radeon_vega/syn_subgroup_op_relax/variant_140/variant_140.comp
running test: /home/zchen/gpu-forward-progress-tests-suites/test_reduce/variant_140.amber
timeout -k 1 15 amber /home/zchen/gpu-forward-progress-tests-suites/test_reduce/variant_140.amber  -d -t spv1.5  >> temp_results.txt 2>&1
I (ignored error)
--- Ignored error output ---
/home/zchen/gpu-forward-progress-tests-suites/test_reduce/variant_140.amber: -:1163: error: 'atomicAdd' : Only l-values corresponding to shader block storage or shared variables can be used with atomic memory functions.


Summary of Failures:
  /home/zchen/gpu-forward-progress-tests-suites/test_reduce/variant_140.amber

Summary: 0 pass, 1 fail
----------------------------

Generating amber test for: ../reduction_results/cezanne_radeon_vega/syn_subgroup_op_relax/variant_158/variant_158.comp
running test: /home/zchen/gpu-forward-progress-tests-suites/test_reduce/variant_158.amber
timeout -k 1 15 amber /home/zchen/gpu-forward-progress-tests-suites/test_reduce/variant_158.amber  -d -t spv1.5  >> temp_results.txt 2>&1
I (ignored error)
--- Ignored error output ---
/home/zchen/gpu-forward-progress-tests-suites/test_reduce/variant_158.amber: -:110: error: 'atomicXor' : Only l-values corresponding to shader block storage or shared variables can be used with atomic memory functions.


Summary of Failures:
  /home/zchen/gpu-forward-progress-tests-suites/test_reduce/variant_158.amber

Summary: 0 pass, 1 fail
----------------------------

Generating amber test for: ../reduction_results/cezanne_radeon_vega/syn_subgroup_op_relax/variant_735/variant_735.comp
running test: /home/zchen/gpu-forward-progress-tests-suites/test_reduce/variant_735.amber
timeout -k 1 15 amber /home/zchen/gpu-forward-progress-tests-suites/test_reduce/variant_735.amber  -d -t spv1.5  >> temp_results.txt 2>&1
I (ignored error)
--- Ignored error output ---
/home/zchen/gpu-forward-progress-tests-suites/test_reduce/variant_735.amber: -:902: error: 'atomicXor' : Only l-values corresponding to shader block storage or shared variables can be used with atomic memory functions.


Summary of Failures:
  /home/zchen/gpu-forward-progress-tests-suites/test_reduce/variant_735.amber

Summary: 0 pass, 1 fail
----------------------------

Generating amber test for: ../reduction_results/cezanne_radeon_vega/syn_subgroup_op_relax/variant_063/variant_063.comp
running test: /home/zchen/gpu-forward-progress-tests-suites/test_reduce/variant_063.amber
timeout -k 1 15 amber /home/zchen/gpu-forward-progress-tests-suites/test_reduce/variant_063.amber  -d -t spv1.5  >> temp_results.txt 2>&1
I (ignored error)
--- Ignored error output ---
/home/zchen/gpu-forward-progress-tests-suites/test_reduce/variant_063.amber: -:109: error: 'atomicAnd' : Only l-values corresponding to shader block storage or shared variables can be used with atomic memory functions.


Summary of Failures:
  /home/zchen/gpu-forward-progress-tests-suites/test_reduce/variant_063.amber

Summary: 0 pass, 1 fail
----------------------------

Generating amber test for: ../reduction_results/cezanne_radeon_vega/syn_subgroup_op_relax/variant_815/variant_815.comp
running test: /home/zchen/gpu-forward-progress-tests-suites/test_reduce/variant_815.amber
timeout -k 1 15 amber /home/zchen/gpu-forward-progress-tests-suites/test_reduce/variant_815.amber  -d -t spv1.5  >> temp_results.txt 2>&1
I (ignored error)
--- Ignored error output ---
/home/zchen/gpu-forward-progress-tests-suites/test_reduce/variant_815.amber: -:289: error: 'atomicOr' : Only l-values corresponding to shader block storage or shared variables can be used with atomic memory functions.


Summary of Failures:
  /home/zchen/gpu-forward-progress-tests-suites/test_reduce/variant_815.amber

Summary: 0 pass, 1 fail
----------------------------

Generating amber test for: ../reduction_results/cezanne_radeon_vega/syn_subgroup_op_relax/variant_267/variant_267.comp
running test: /home/zchen/gpu-forward-progress-tests-suites/test_reduce/variant_267.amber
timeout -k 1 15 amber /home/zchen/gpu-forward-progress-tests-suites/test_reduce/variant_267.amber  -d -t spv1.5  >> temp_results.txt 2>&1
I (ignored error)
--- Ignored error output ---
/home/zchen/gpu-forward-progress-tests-suites/test_reduce/variant_267.amber: -:63: error: 'atomicXor' : Only l-values corresponding to shader block storage or shared variables can be used with atomic memory functions.


Summary of Failures:
  /home/zchen/gpu-forward-progress-tests-suites/test_reduce/variant_267.amber

Summary: 0 pass, 1 fail
----------------------------

Generating amber test for: ../reduction_results/cezanne_radeon_vega/syn_subgroup_op_relax/variant_722/variant_722.comp
running test: /home/zchen/gpu-forward-progress-tests-suites/test_reduce/variant_722.amber
timeout -k 1 15 amber /home/zchen/gpu-forward-progress-tests-suites/test_reduce/variant_722.amber  -d -t spv1.5  >> temp_results.txt 2>&1
I (ignored error)
--- Ignored error output ---
/home/zchen/gpu-forward-progress-tests-suites/test_reduce/variant_722.amber: -:25: error: 'atomicExchange' : Only l-values corresponding to shader block storage or shared variables can be used with atomic memory functions.


Summary of Failures:
  /home/zchen/gpu-forward-progress-tests-suites/test_reduce/variant_722.amber

Summary: 0 pass, 1 fail
----------------------------

Generating amber test for: ../reduction_results/cezanne_radeon_vega/syn_subgroup_op_relax/variant_483/variant_483.comp
running test: /home/zchen/gpu-forward-progress-tests-suites/test_reduce/variant_483.amber
timeout -k 1 15 amber /home/zchen/gpu-forward-progress-tests-suites/test_reduce/variant_483.amber  -d -t spv1.5  >> temp_results.txt 2>&1
I (ignored error)
--- Ignored error output ---
/home/zchen/gpu-forward-progress-tests-suites/test_reduce/variant_483.amber: -:143: error: 'atomicExchange' : Only l-values corresponding to shader block storage or shared variables can be used with atomic memory functions.


Summary of Failures:
  /home/zchen/gpu-forward-progress-tests-suites/test_reduce/variant_483.amber

Summary: 0 pass, 1 fail
----------------------------

Generating amber test for: ../reduction_results/cezanne_radeon_vega/syn_subgroup_op_relax/variant_928/variant_928.comp
running test: /home/zchen/gpu-forward-progress-tests-suites/test_reduce/variant_928.amber
timeout -k 1 15 amber /home/zchen/gpu-forward-progress-tests-suites/test_reduce/variant_928.amber  -d -t spv1.5  >> temp_results.txt 2>&1
I (ignored error)
--- Ignored error output ---
/home/zchen/gpu-forward-progress-tests-suites/test_reduce/variant_928.amber: -:188: error: 'atomicExchange' : Only l-values corresponding to shader block storage or shared variables can be used with atomic memory functions.


Summary of Failures:
  /home/zchen/gpu-forward-progress-tests-suites/test_reduce/variant_928.amber

Summary: 0 pass, 1 fail
----------------------------

Generating amber test for: ../reduction_results/cezanne_radeon_vega/syn_subgroup_op_relax/variant_157/variant_157.comp
running test: /home/zchen/gpu-forward-progress-tests-suites/test_reduce/variant_157.amber
timeout -k 1 15 amber /home/zchen/gpu-forward-progress-tests-suites/test_reduce/variant_157.amber  -d -t spv1.5  >> temp_results.txt 2>&1
I (ignored error)
--- Ignored error output ---
/home/zchen/gpu-forward-progress-tests-suites/test_reduce/variant_157.amber: -:25: error: 'atomicMax' : Only l-values corresponding to shader block storage or shared variables can be used with atomic memory functions.


Summary of Failures:
  /home/zchen/gpu-forward-progress-tests-suites/test_reduce/variant_157.amber

Summary: 0 pass, 1 fail
----------------------------

Generating amber test for: ../reduction_results/cezanne_radeon_vega/syn_subgroup_op_relax/variant_688/variant_688.comp
running test: /home/zchen/gpu-forward-progress-tests-suites/test_reduce/variant_688.amber
timeout -k 1 15 amber /home/zchen/gpu-forward-progress-tests-suites/test_reduce/variant_688.amber  -d -t spv1.5  >> temp_results.txt 2>&1
I (ignored error)
--- Ignored error output ---
/home/zchen/gpu-forward-progress-tests-suites/test_reduce/variant_688.amber: -:58: error: 'atomicOr' : Only l-values corresponding to shader block storage or shared variables can be used with atomic memory functions.


Summary of Failures:
  /home/zchen/gpu-forward-progress-tests-suites/test_reduce/variant_688.amber

Summary: 0 pass, 1 fail
----------------------------

Generating amber test for: ../reduction_results/cezanne_radeon_vega/syn_subgroup_op_relax/variant_620/variant_620.comp
running test: /home/zchen/gpu-forward-progress-tests-suites/test_reduce/variant_620.amber
timeout -k 1 15 amber /home/zchen/gpu-forward-progress-tests-suites/test_reduce/variant_620.amber  -d -t spv1.5  >> temp_results.txt 2>&1
I (ignored error)
--- Ignored error output ---
/home/zchen/gpu-forward-progress-tests-suites/test_reduce/variant_620.amber: -:49: error: 'atomicOr' : Only l-values corresponding to shader block storage or shared variables can be used with atomic memory functions.


Summary of Failures:
  /home/zchen/gpu-forward-progress-tests-suites/test_reduce/variant_620.amber

Summary: 0 pass, 1 fail
----------------------------

Generating amber test for: ../reduction_results/cezanne_radeon_vega/syn_subgroup_op_relax/variant_707/variant_707.comp
running test: /home/zchen/gpu-forward-progress-tests-suites/test_reduce/variant_707.amber
timeout -k 1 15 amber /home/zchen/gpu-forward-progress-tests-suites/test_reduce/variant_707.amber  -d -t spv1.5  >> temp_results.txt 2>&1
I (ignored error)
--- Ignored error output ---
/home/zchen/gpu-forward-progress-tests-suites/test_reduce/variant_707.amber: -:115: error: 'atomicOr' : Only l-values corresponding to shader block storage or shared variables can be used with atomic memory functions.


Summary of Failures:
  /home/zchen/gpu-forward-progress-tests-suites/test_reduce/variant_707.amber

Summary: 0 pass, 1 fail
----------------------------

Generating amber test for: ../reduction_results/cezanne_radeon_vega/syn_subgroup_op_relax/variant_607/variant_607.comp
running test: /home/zchen/gpu-forward-progress-tests-suites/test_reduce/variant_607.amber
timeout -k 1 15 amber /home/zchen/gpu-forward-progress-tests-suites/test_reduce/variant_607.amber  -d -t spv1.5  >> temp_results.txt 2>&1
I (ignored error)
--- Ignored error output ---
/home/zchen/gpu-forward-progress-tests-suites/test_reduce/variant_607.amber: -:27: error: 'atomicMin' : Only l-values corresponding to shader block storage or shared variables can be used with atomic memory functions.


Summary of Failures:
  /home/zchen/gpu-forward-progress-tests-suites/test_reduce/variant_607.amber

Summary: 0 pass, 1 fail
----------------------------

Generating amber test for: ../reduction_results/cezanne_radeon_vega/syn_subgroup_op_relax/variant_580/variant_580.comp
running test: /home/zchen/gpu-forward-progress-tests-suites/test_reduce/variant_580.amber
timeout -k 1 15 amber /home/zchen/gpu-forward-progress-tests-suites/test_reduce/variant_580.amber  -d -t spv1.5  >> temp_results.txt 2>&1
I (ignored error)
--- Ignored error output ---
/home/zchen/gpu-forward-progress-tests-suites/test_reduce/variant_580.amber: -:25: error: 'atomicAnd' : Only l-values corresponding to shader block storage or shared variables can be used with atomic memory functions.


Summary of Failures:
  /home/zchen/gpu-forward-progress-tests-suites/test_reduce/variant_580.amber

Summary: 0 pass, 1 fail
----------------------------

Generating amber test for: ../reduction_results/cezanne_radeon_vega/syn_subgroup_op_relax/variant_926/variant_926.comp
running test: /home/zchen/gpu-forward-progress-tests-suites/test_reduce/variant_926.amber
timeout -k 1 15 amber /home/zchen/gpu-forward-progress-tests-suites/test_reduce/variant_926.amber  -d -t spv1.5  >> temp_results.txt 2>&1
I (ignored error)
--- Ignored error output ---
/home/zchen/gpu-forward-progress-tests-suites/test_reduce/variant_926.amber: -:135: error: 'atomicMin' : Only l-values corresponding to shader block storage or shared variables can be used with atomic memory functions.


Summary of Failures:
  /home/zchen/gpu-forward-progress-tests-suites/test_reduce/variant_926.amber

Summary: 0 pass, 1 fail
----------------------------

Generating amber test for: ../reduction_results/cezanne_radeon_vega/syn_subgroup_op_relax/variant_965/variant_965.comp
running test: /home/zchen/gpu-forward-progress-tests-suites/test_reduce/variant_965.amber
timeout -k 1 15 amber /home/zchen/gpu-forward-progress-tests-suites/test_reduce/variant_965.amber  -d -t spv1.5  >> temp_results.txt 2>&1
I (ignored error)
--- Ignored error output ---
/home/zchen/gpu-forward-progress-tests-suites/test_reduce/variant_965.amber: -:1154: error: 'atomicAnd' : Only l-values corresponding to shader block storage or shared variables can be used with atomic memory functions.


Summary of Failures:
  /home/zchen/gpu-forward-progress-tests-suites/test_reduce/variant_965.amber

Summary: 0 pass, 1 fail
----------------------------

Generating amber test for: ../reduction_results/cezanne_radeon_vega/syn_subgroup_op_relax/variant_075/variant_075.comp
running test: /home/zchen/gpu-forward-progress-tests-suites/test_reduce/variant_075.amber
timeout -k 1 15 amber /home/zchen/gpu-forward-progress-tests-suites/test_reduce/variant_075.amber  -d -t spv1.5  >> temp_results.txt 2>&1
I (ignored error)
--- Ignored error output ---
/home/zchen/gpu-forward-progress-tests-suites/test_reduce/variant_075.amber: -:672: error: 'atomicMax' : Only l-values corresponding to shader block storage or shared variables can be used with atomic memory functions.
-:913: error: 'atomicMin' : Only l-values corresponding to shader block storage or shared variables can be used with atomic memory functions.
-:1849: error: 'atomicMin' : Only l-values corresponding to shader block storage or shared variables can be used with atomic memory functions.
-:4245: error: 'atomicAdd' : Only l-values corresponding to shader block storage or shared variables can be used with atomic memory functions.


Summary of Failures:
  /home/zchen/gpu-forward-progress-tests-suites/test_reduce/variant_075.amber

Summary: 0 pass, 1 fail
----------------------------

Generating amber test for: ../reduction_results/cezanne_radeon_vega/syn_subgroup_op_relax/variant_486/variant_486.comp
running test: /home/zchen/gpu-forward-progress-tests-suites/test_reduce/variant_486.amber
timeout -k 1 15 amber /home/zchen/gpu-forward-progress-tests-suites/test_reduce/variant_486.amber  -d -t spv1.5  >> temp_results.txt 2>&1
I (ignored error)
--- Ignored error output ---
/home/zchen/gpu-forward-progress-tests-suites/test_reduce/variant_486.amber: -:205: error: 'atomicAdd' : Only l-values corresponding to shader block storage or shared variables can be used with atomic memory functions.


Summary of Failures:
  /home/zchen/gpu-forward-progress-tests-suites/test_reduce/variant_486.amber

Summary: 0 pass, 1 fail
----------------------------

Legend: P = Passed, F = Failed, I = Ignored known error

Finished running tests!

writing simple ascii table to:
results/syn_subgroup_op_relax/simple_final_results-2025-04-17.txt

writing iteration-based ascii table to:
results/syn_subgroup_op_relax/iteration_based_final_results-2025-04-17.txt

writing simple csv table to:
results/syn_subgroup_op_relax/simple_final_results-2025-04-17.csv

writing simple csv table to:
results/syn_subgroup_op_relax/simple_final_results-2025-04-17.csv

writing colored html table to:
results/syn_subgroup_op_relax/html-colored-table2025-04-17.html


Execution time (s):
33.940603494644165
